2024-03-25 22:47:02,903	INFO worker.py:1724 -- Started a local Ray instance.
2024-03-25 22:47:26,706	INFO tune.py:220 -- Initializing Ray automatically. For cluster usage or custom Ray initialization, call `ray.init(...)` before `tune.run(...)`.
2024-03-25 22:47:26,708	INFO tune.py:592 -- [output] This will use the new output engine with verbosity 1. To disable the new output and use the legacy output engine, set the environment variable RAY_AIR_NEW_OUTPUT=0. For more information, please see https://github.com/ray-project/ray/issues/36949
2024-03-25 22:47:26,728	WARNING tune.py:916 -- AIR_VERBOSITY is set, ignoring passed-in ProgressReporter for now.
[36m(train pid=4093672)[0m /home/ad2002/gnode/ctd/task_modeling/task_train_prep.py:46: UserWarning: 
[36m(train pid=4093672)[0m The version_base parameter is not specified.
[36m(train pid=4093672)[0m Please specify a compatability version level, or None.
[36m(train pid=4093672)[0m Will assume defaults for version 1.1
[36m(train pid=4093672)[0m   with hydra.initialize(
[36m(train pid=4093672)[0m /home/ad2002/gnode/ctd/task_modeling/task_train_prep.py:46: UserWarning: 
[36m(train pid=4093672)[0m The version_base parameter is not specified.
[36m(train pid=4093672)[0m Please specify a compatability version level, or None.
[36m(train pid=4093672)[0m Will assume defaults for version 1.1
[36m(train pid=4093672)[0m   with hydra.initialize(
[36m(train pid=4093672)[0m [rank: 0] Seed set to 0
[36m(train pid=4093672)[0m /home/ad2002/.conda/envs/gnode/lib/python3.10/site-packages/ray/tune/integration/pytorch_lightning.py:194: `ray.tune.integration.pytorch_lightning.TuneReportCallback` is deprecated. Use `ray.tune.integration.pytorch_lightning.TuneReportCheckpointCallback` instead.
[36m(train pid=4093672)[0m GPU available: True (cuda), used: True
[36m(train pid=4093672)[0m TPU available: False, using: 0 TPU cores
[36m(train pid=4093672)[0m IPU available: False, using: 0 IPUs
[36m(train pid=4093672)[0m HPU available: False, using: 0 HPUs
[36m(train pid=4093672)[0m /home/ad2002/.conda/envs/gnode/lib/python3.10/site-packages/lightning_fabric/loggers/csv_logs.py:198: Experiment logs directory ./ exists and is not empty. Previous log files in this directory will be deleted when the new ones are saved!
[36m(train pid=4093672)[0m /home/ad2002/.conda/envs/gnode/lib/python3.10/site-packages/pytorch_lightning/callbacks/model_checkpoint.py:639: Checkpoint directory /home/ad2002/ray_results/train_2024-03-25_22-47-26/0_batch_size=100,n_samples=600,num_workers=1,seed=0,learning_rate=0.0010,weight_decay=0.1000,max_epochs=100 exists and is not empty.
[36m(train pid=4093672)[0m LOCAL_RANK: 0 - CUDA_VISIBLE_DEVICES: [0]
[36m(train pid=4093672)[0m 
[36m(train pid=4093672)[0m   | Name  | Type | Params
[36m(train pid=4093672)[0m -------------------------------
[36m(train pid=4093672)[0m 0 | model | NODE | 24.1 K
[36m(train pid=4093672)[0m -------------------------------
[36m(train pid=4093672)[0m 24.1 K    Trainable params
[36m(train pid=4093672)[0m 0         Non-trainable params
[36m(train pid=4093672)[0m 24.1 K    Total params
[36m(train pid=4093672)[0m 0.096     Total estimated model params size (MB)
[36m(train pid=4093672)[0m SLURM auto-requeueing enabled. Setting signal handlers.
[36m(train pid=4093672)[0m /home/ad2002/.conda/envs/gnode/lib/python3.10/site-packages/torch/utils/data/dataloader.py:554: UserWarning: This DataLoader will create 4 worker processes in total. Our suggested max number of worker in current system is 1, which is smaller than what this DataLoader is going to create. Please be aware that excessive worker creation might get DataLoader running slow or even freeze, lower the worker number to avoid potential slowness/freeze if necessary.
[36m(train pid=4093672)[0m   warnings.warn(_create_warning_msg(
[36m(train pid=4093672)[0m /home/ad2002/.conda/envs/gnode/lib/python3.10/site-packages/pytorch_lightning/loops/fit_loop.py:293: The number of training batches (4) is smaller than the logging interval Trainer(log_every_n_steps=100). Set a lower value for log_every_n_steps if you want to see logs for the training epoch.
[36m(train pid=4093672)[0m `Trainer.fit` stopped: `max_epochs=100` reached.
╭──────────────────────────────────────────────────────────────╮
│ Configuration for experiment     train_2024-03-25_22-47-26   │
├──────────────────────────────────────────────────────────────┤
│ Search algorithm                 BasicVariantGenerator       │
│ Scheduler                        FIFOScheduler               │
│ Number of trials                 1                           │
╰──────────────────────────────────────────────────────────────╯

View detailed results here: /scratch/network/ad2002/content/runs/task-trained/20240325_NODE_12BFF_paper/train_2024-03-25_22-47-26
To visualize your results with TensorBoard, run: `tensorboard --logdir /home/ad2002/ray_results/train_2024-03-25_22-47-26`

Trial status: 1 PENDING
Current time: 2024-03-25 22:47:26. Total running time: 0s
Logical resource usage: 0/56 CPUs, 0/1 GPUs (0.0/1.0 accelerator_type:V100)
╭─────────────────────────────────────────────────────────────────────────────────────────────────────────────────────────────────────────────────────────────────────────────────────────╮
│ Trial name          status       trainer/max_epochs     params/batch_size     params/num_workers     params/n_samples     ...pper/weight_decay     ...per/learning_rate     params/seed │
├─────────────────────────────────────────────────────────────────────────────────────────────────────────────────────────────────────────────────────────────────────────────────────────┤
│ train_1eadd_00000   PENDING                     100                   100                      1                  600                      0.1                    0.001               0 │
╰─────────────────────────────────────────────────────────────────────────────────────────────────────────────────────────────────────────────────────────────────────────────────────────╯

Trial train_1eadd_00000 started with configuration:
╭──────────────────────────────────────────╮
│ Trial train_1eadd_00000 config           │
├──────────────────────────────────────────┤
│ params/batch_size                    100 │
│ params/n_samples                     600 │
│ params/num_workers                     1 │
│ params/seed                            0 │
│ task_wrapper/learning_rate         0.001 │
│ task_wrapper/weight_decay            0.1 │
│ trainer/max_epochs                   100 │
╰──────────────────────────────────────────╯

Trial status: 1 RUNNING
Current time: 2024-03-25 22:47:56. Total running time: 30s
Logical resource usage: 4.0/56 CPUs, 1.0/1 GPUs (0.0/1.0 accelerator_type:V100)
Current best trial: 1eadd_00000 with loss=0.7754289507865906 and params={'task_wrapper': {'weight_decay': 0.1, 'learning_rate': 0.001}, 'trainer': {'max_epochs': 100}, 'params': {'seed': 0, 'batch_size': 100, 'num_workers': 1, 'n_samples': 600}}
╭────────────────────────────────────────────────────────────────────────────────────────────────────────────────────────────────────────────────────────────────────────────────────────────────────────────────────────────────╮
│ Trial name          status       trainer/max_epochs     params/batch_size     params/num_workers     params/n_samples     ...pper/weight_decay     ...per/learning_rate     params/seed     iter     total time (s)       loss │
├────────────────────────────────────────────────────────────────────────────────────────────────────────────────────────────────────────────────────────────────────────────────────────────────────────────────────────────────┤
│ train_1eadd_00000   RUNNING                     100                   100                      1                  600                      0.1                    0.001               0        1            17.7847   0.775429 │
╰────────────────────────────────────────────────────────────────────────────────────────────────────────────────────────────────────────────────────────────────────────────────────────────────────────────────────────────────╯
Trial status: 1 RUNNING
Current time: 2024-03-25 22:48:26. Total running time: 1min 0s
Logical resource usage: 4.0/56 CPUs, 1.0/1 GPUs (0.0/1.0 accelerator_type:V100)
Current best trial: 1eadd_00000 with loss=0.6597270369529724 and params={'task_wrapper': {'weight_decay': 0.1, 'learning_rate': 0.001}, 'trainer': {'max_epochs': 100}, 'params': {'seed': 0, 'batch_size': 100, 'num_workers': 1, 'n_samples': 600}}
╭────────────────────────────────────────────────────────────────────────────────────────────────────────────────────────────────────────────────────────────────────────────────────────────────────────────────────────────────╮
│ Trial name          status       trainer/max_epochs     params/batch_size     params/num_workers     params/n_samples     ...pper/weight_decay     ...per/learning_rate     params/seed     iter     total time (s)       loss │
├────────────────────────────────────────────────────────────────────────────────────────────────────────────────────────────────────────────────────────────────────────────────────────────────────────────────────────────────┤
│ train_1eadd_00000   RUNNING                     100                   100                      1                  600                      0.1                    0.001               0        4            48.1242   0.659727 │
╰────────────────────────────────────────────────────────────────────────────────────────────────────────────────────────────────────────────────────────────────────────────────────────────────────────────────────────────────╯
Trial status: 1 RUNNING
Current time: 2024-03-25 22:48:57. Total running time: 1min 30s
Logical resource usage: 4.0/56 CPUs, 1.0/1 GPUs (0.0/1.0 accelerator_type:V100)
Current best trial: 1eadd_00000 with loss=0.6378241777420044 and params={'task_wrapper': {'weight_decay': 0.1, 'learning_rate': 0.001}, 'trainer': {'max_epochs': 100}, 'params': {'seed': 0, 'batch_size': 100, 'num_workers': 1, 'n_samples': 600}}
╭────────────────────────────────────────────────────────────────────────────────────────────────────────────────────────────────────────────────────────────────────────────────────────────────────────────────────────────────╮
│ Trial name          status       trainer/max_epochs     params/batch_size     params/num_workers     params/n_samples     ...pper/weight_decay     ...per/learning_rate     params/seed     iter     total time (s)       loss │
├────────────────────────────────────────────────────────────────────────────────────────────────────────────────────────────────────────────────────────────────────────────────────────────────────────────────────────────────┤
│ train_1eadd_00000   RUNNING                     100                   100                      1                  600                      0.1                    0.001               0        7            78.4351   0.637824 │
╰────────────────────────────────────────────────────────────────────────────────────────────────────────────────────────────────────────────────────────────────────────────────────────────────────────────────────────────────╯
Trial status: 1 RUNNING
Current time: 2024-03-25 22:49:27. Total running time: 2min 0s
Logical resource usage: 4.0/56 CPUs, 1.0/1 GPUs (0.0/1.0 accelerator_type:V100)
Current best trial: 1eadd_00000 with loss=0.6166471838951111 and params={'task_wrapper': {'weight_decay': 0.1, 'learning_rate': 0.001}, 'trainer': {'max_epochs': 100}, 'params': {'seed': 0, 'batch_size': 100, 'num_workers': 1, 'n_samples': 600}}
╭────────────────────────────────────────────────────────────────────────────────────────────────────────────────────────────────────────────────────────────────────────────────────────────────────────────────────────────────╮
│ Trial name          status       trainer/max_epochs     params/batch_size     params/num_workers     params/n_samples     ...pper/weight_decay     ...per/learning_rate     params/seed     iter     total time (s)       loss │
├────────────────────────────────────────────────────────────────────────────────────────────────────────────────────────────────────────────────────────────────────────────────────────────────────────────────────────────────┤
│ train_1eadd_00000   RUNNING                     100                   100                      1                  600                      0.1                    0.001               0       10            108.625   0.616647 │
╰────────────────────────────────────────────────────────────────────────────────────────────────────────────────────────────────────────────────────────────────────────────────────────────────────────────────────────────────╯
Trial status: 1 RUNNING
Current time: 2024-03-25 22:49:57. Total running time: 2min 30s
Logical resource usage: 4.0/56 CPUs, 1.0/1 GPUs (0.0/1.0 accelerator_type:V100)
Current best trial: 1eadd_00000 with loss=0.5956477522850037 and params={'task_wrapper': {'weight_decay': 0.1, 'learning_rate': 0.001}, 'trainer': {'max_epochs': 100}, 'params': {'seed': 0, 'batch_size': 100, 'num_workers': 1, 'n_samples': 600}}
╭────────────────────────────────────────────────────────────────────────────────────────────────────────────────────────────────────────────────────────────────────────────────────────────────────────────────────────────────╮
│ Trial name          status       trainer/max_epochs     params/batch_size     params/num_workers     params/n_samples     ...pper/weight_decay     ...per/learning_rate     params/seed     iter     total time (s)       loss │
├────────────────────────────────────────────────────────────────────────────────────────────────────────────────────────────────────────────────────────────────────────────────────────────────────────────────────────────────┤
│ train_1eadd_00000   RUNNING                     100                   100                      1                  600                      0.1                    0.001               0       13            139.533   0.595648 │
╰────────────────────────────────────────────────────────────────────────────────────────────────────────────────────────────────────────────────────────────────────────────────────────────────────────────────────────────────╯
Trial status: 1 RUNNING
Current time: 2024-03-25 22:50:27. Total running time: 3min 0s
Logical resource usage: 4.0/56 CPUs, 1.0/1 GPUs (0.0/1.0 accelerator_type:V100)
Current best trial: 1eadd_00000 with loss=0.5736352801322937 and params={'task_wrapper': {'weight_decay': 0.1, 'learning_rate': 0.001}, 'trainer': {'max_epochs': 100}, 'params': {'seed': 0, 'batch_size': 100, 'num_workers': 1, 'n_samples': 600}}
╭────────────────────────────────────────────────────────────────────────────────────────────────────────────────────────────────────────────────────────────────────────────────────────────────────────────────────────────────╮
│ Trial name          status       trainer/max_epochs     params/batch_size     params/num_workers     params/n_samples     ...pper/weight_decay     ...per/learning_rate     params/seed     iter     total time (s)       loss │
├────────────────────────────────────────────────────────────────────────────────────────────────────────────────────────────────────────────────────────────────────────────────────────────────────────────────────────────────┤
│ train_1eadd_00000   RUNNING                     100                   100                      1                  600                      0.1                    0.001               0       16            170.521   0.573635 │
╰────────────────────────────────────────────────────────────────────────────────────────────────────────────────────────────────────────────────────────────────────────────────────────────────────────────────────────────────╯
Trial status: 1 RUNNING
Current time: 2024-03-25 22:50:57. Total running time: 3min 30s
Logical resource usage: 4.0/56 CPUs, 1.0/1 GPUs (0.0/1.0 accelerator_type:V100)
Current best trial: 1eadd_00000 with loss=0.5501679182052612 and params={'task_wrapper': {'weight_decay': 0.1, 'learning_rate': 0.001}, 'trainer': {'max_epochs': 100}, 'params': {'seed': 0, 'batch_size': 100, 'num_workers': 1, 'n_samples': 600}}
╭────────────────────────────────────────────────────────────────────────────────────────────────────────────────────────────────────────────────────────────────────────────────────────────────────────────────────────────────╮
│ Trial name          status       trainer/max_epochs     params/batch_size     params/num_workers     params/n_samples     ...pper/weight_decay     ...per/learning_rate     params/seed     iter     total time (s)       loss │
├────────────────────────────────────────────────────────────────────────────────────────────────────────────────────────────────────────────────────────────────────────────────────────────────────────────────────────────────┤
│ train_1eadd_00000   RUNNING                     100                   100                      1                  600                      0.1                    0.001               0       19            200.868   0.550168 │
╰────────────────────────────────────────────────────────────────────────────────────────────────────────────────────────────────────────────────────────────────────────────────────────────────────────────────────────────────╯
Trial status: 1 RUNNING
Current time: 2024-03-25 22:51:27. Total running time: 4min 0s
Logical resource usage: 4.0/56 CPUs, 1.0/1 GPUs (0.0/1.0 accelerator_type:V100)
Current best trial: 1eadd_00000 with loss=0.525645911693573 and params={'task_wrapper': {'weight_decay': 0.1, 'learning_rate': 0.001}, 'trainer': {'max_epochs': 100}, 'params': {'seed': 0, 'batch_size': 100, 'num_workers': 1, 'n_samples': 600}}
╭────────────────────────────────────────────────────────────────────────────────────────────────────────────────────────────────────────────────────────────────────────────────────────────────────────────────────────────────╮
│ Trial name          status       trainer/max_epochs     params/batch_size     params/num_workers     params/n_samples     ...pper/weight_decay     ...per/learning_rate     params/seed     iter     total time (s)       loss │
├────────────────────────────────────────────────────────────────────────────────────────────────────────────────────────────────────────────────────────────────────────────────────────────────────────────────────────────────┤
│ train_1eadd_00000   RUNNING                     100                   100                      1                  600                      0.1                    0.001               0       22             231.91   0.525646 │
╰────────────────────────────────────────────────────────────────────────────────────────────────────────────────────────────────────────────────────────────────────────────────────────────────────────────────────────────────╯
Trial status: 1 RUNNING
Current time: 2024-03-25 22:51:57. Total running time: 4min 30s
Logical resource usage: 4.0/56 CPUs, 1.0/1 GPUs (0.0/1.0 accelerator_type:V100)
Current best trial: 1eadd_00000 with loss=0.4999910295009613 and params={'task_wrapper': {'weight_decay': 0.1, 'learning_rate': 0.001}, 'trainer': {'max_epochs': 100}, 'params': {'seed': 0, 'batch_size': 100, 'num_workers': 1, 'n_samples': 600}}
╭────────────────────────────────────────────────────────────────────────────────────────────────────────────────────────────────────────────────────────────────────────────────────────────────────────────────────────────────╮
│ Trial name          status       trainer/max_epochs     params/batch_size     params/num_workers     params/n_samples     ...pper/weight_decay     ...per/learning_rate     params/seed     iter     total time (s)       loss │
├────────────────────────────────────────────────────────────────────────────────────────────────────────────────────────────────────────────────────────────────────────────────────────────────────────────────────────────────┤
│ train_1eadd_00000   RUNNING                     100                   100                      1                  600                      0.1                    0.001               0       25            262.091   0.499991 │
╰────────────────────────────────────────────────────────────────────────────────────────────────────────────────────────────────────────────────────────────────────────────────────────────────────────────────────────────────╯
Trial status: 1 RUNNING
Current time: 2024-03-25 22:52:27. Total running time: 5min 0s
Logical resource usage: 4.0/56 CPUs, 1.0/1 GPUs (0.0/1.0 accelerator_type:V100)
Current best trial: 1eadd_00000 with loss=0.47312191128730774 and params={'task_wrapper': {'weight_decay': 0.1, 'learning_rate': 0.001}, 'trainer': {'max_epochs': 100}, 'params': {'seed': 0, 'batch_size': 100, 'num_workers': 1, 'n_samples': 600}}
╭────────────────────────────────────────────────────────────────────────────────────────────────────────────────────────────────────────────────────────────────────────────────────────────────────────────────────────────────╮
│ Trial name          status       trainer/max_epochs     params/batch_size     params/num_workers     params/n_samples     ...pper/weight_decay     ...per/learning_rate     params/seed     iter     total time (s)       loss │
├────────────────────────────────────────────────────────────────────────────────────────────────────────────────────────────────────────────────────────────────────────────────────────────────────────────────────────────────┤
│ train_1eadd_00000   RUNNING                     100                   100                      1                  600                      0.1                    0.001               0       28            292.216   0.473122 │
╰────────────────────────────────────────────────────────────────────────────────────────────────────────────────────────────────────────────────────────────────────────────────────────────────────────────────────────────────╯
Trial status: 1 RUNNING
Current time: 2024-03-25 22:52:57. Total running time: 5min 30s
Logical resource usage: 4.0/56 CPUs, 1.0/1 GPUs (0.0/1.0 accelerator_type:V100)
Current best trial: 1eadd_00000 with loss=0.4454573392868042 and params={'task_wrapper': {'weight_decay': 0.1, 'learning_rate': 0.001}, 'trainer': {'max_epochs': 100}, 'params': {'seed': 0, 'batch_size': 100, 'num_workers': 1, 'n_samples': 600}}
╭────────────────────────────────────────────────────────────────────────────────────────────────────────────────────────────────────────────────────────────────────────────────────────────────────────────────────────────────╮
│ Trial name          status       trainer/max_epochs     params/batch_size     params/num_workers     params/n_samples     ...pper/weight_decay     ...per/learning_rate     params/seed     iter     total time (s)       loss │
├────────────────────────────────────────────────────────────────────────────────────────────────────────────────────────────────────────────────────────────────────────────────────────────────────────────────────────────────┤
│ train_1eadd_00000   RUNNING                     100                   100                      1                  600                      0.1                    0.001               0       31            323.156   0.445457 │
╰────────────────────────────────────────────────────────────────────────────────────────────────────────────────────────────────────────────────────────────────────────────────────────────────────────────────────────────────╯
Trial status: 1 RUNNING
Current time: 2024-03-25 22:53:27. Total running time: 6min 0s
Logical resource usage: 4.0/56 CPUs, 1.0/1 GPUs (0.0/1.0 accelerator_type:V100)
Current best trial: 1eadd_00000 with loss=0.4171375632286072 and params={'task_wrapper': {'weight_decay': 0.1, 'learning_rate': 0.001}, 'trainer': {'max_epochs': 100}, 'params': {'seed': 0, 'batch_size': 100, 'num_workers': 1, 'n_samples': 600}}
╭────────────────────────────────────────────────────────────────────────────────────────────────────────────────────────────────────────────────────────────────────────────────────────────────────────────────────────────────╮
│ Trial name          status       trainer/max_epochs     params/batch_size     params/num_workers     params/n_samples     ...pper/weight_decay     ...per/learning_rate     params/seed     iter     total time (s)       loss │
├────────────────────────────────────────────────────────────────────────────────────────────────────────────────────────────────────────────────────────────────────────────────────────────────────────────────────────────────┤
│ train_1eadd_00000   RUNNING                     100                   100                      1                  600                      0.1                    0.001               0       34             353.93   0.417138 │
╰────────────────────────────────────────────────────────────────────────────────────────────────────────────────────────────────────────────────────────────────────────────────────────────────────────────────────────────────╯
Trial status: 1 RUNNING
Current time: 2024-03-25 22:53:57. Total running time: 6min 30s
Logical resource usage: 4.0/56 CPUs, 1.0/1 GPUs (0.0/1.0 accelerator_type:V100)
Current best trial: 1eadd_00000 with loss=0.38780826330184937 and params={'task_wrapper': {'weight_decay': 0.1, 'learning_rate': 0.001}, 'trainer': {'max_epochs': 100}, 'params': {'seed': 0, 'batch_size': 100, 'num_workers': 1, 'n_samples': 600}}
╭────────────────────────────────────────────────────────────────────────────────────────────────────────────────────────────────────────────────────────────────────────────────────────────────────────────────────────────────╮
│ Trial name          status       trainer/max_epochs     params/batch_size     params/num_workers     params/n_samples     ...pper/weight_decay     ...per/learning_rate     params/seed     iter     total time (s)       loss │
├────────────────────────────────────────────────────────────────────────────────────────────────────────────────────────────────────────────────────────────────────────────────────────────────────────────────────────────────┤
│ train_1eadd_00000   RUNNING                     100                   100                      1                  600                      0.1                    0.001               0       37            384.082   0.387808 │
╰────────────────────────────────────────────────────────────────────────────────────────────────────────────────────────────────────────────────────────────────────────────────────────────────────────────────────────────────╯
Trial status: 1 RUNNING
Current time: 2024-03-25 22:54:27. Total running time: 7min 0s
Logical resource usage: 4.0/56 CPUs, 1.0/1 GPUs (0.0/1.0 accelerator_type:V100)
Current best trial: 1eadd_00000 with loss=0.3586353063583374 and params={'task_wrapper': {'weight_decay': 0.1, 'learning_rate': 0.001}, 'trainer': {'max_epochs': 100}, 'params': {'seed': 0, 'batch_size': 100, 'num_workers': 1, 'n_samples': 600}}
╭────────────────────────────────────────────────────────────────────────────────────────────────────────────────────────────────────────────────────────────────────────────────────────────────────────────────────────────────╮
│ Trial name          status       trainer/max_epochs     params/batch_size     params/num_workers     params/n_samples     ...pper/weight_decay     ...per/learning_rate     params/seed     iter     total time (s)       loss │
├────────────────────────────────────────────────────────────────────────────────────────────────────────────────────────────────────────────────────────────────────────────────────────────────────────────────────────────────┤
│ train_1eadd_00000   RUNNING                     100                   100                      1                  600                      0.1                    0.001               0       40            414.465   0.358635 │
╰────────────────────────────────────────────────────────────────────────────────────────────────────────────────────────────────────────────────────────────────────────────────────────────────────────────────────────────────╯
Trial status: 1 RUNNING
Current time: 2024-03-25 22:54:57. Total running time: 7min 31s
Logical resource usage: 4.0/56 CPUs, 1.0/1 GPUs (0.0/1.0 accelerator_type:V100)
Current best trial: 1eadd_00000 with loss=0.3295571804046631 and params={'task_wrapper': {'weight_decay': 0.1, 'learning_rate': 0.001}, 'trainer': {'max_epochs': 100}, 'params': {'seed': 0, 'batch_size': 100, 'num_workers': 1, 'n_samples': 600}}
╭────────────────────────────────────────────────────────────────────────────────────────────────────────────────────────────────────────────────────────────────────────────────────────────────────────────────────────────────╮
│ Trial name          status       trainer/max_epochs     params/batch_size     params/num_workers     params/n_samples     ...pper/weight_decay     ...per/learning_rate     params/seed     iter     total time (s)       loss │
├────────────────────────────────────────────────────────────────────────────────────────────────────────────────────────────────────────────────────────────────────────────────────────────────────────────────────────────────┤
│ train_1eadd_00000   RUNNING                     100                   100                      1                  600                      0.1                    0.001               0       43            445.149   0.329557 │
╰────────────────────────────────────────────────────────────────────────────────────────────────────────────────────────────────────────────────────────────────────────────────────────────────────────────────────────────────╯
Trial status: 1 RUNNING
Current time: 2024-03-25 22:55:27. Total running time: 8min 1s
Logical resource usage: 4.0/56 CPUs, 1.0/1 GPUs (0.0/1.0 accelerator_type:V100)
Current best trial: 1eadd_00000 with loss=0.3027724027633667 and params={'task_wrapper': {'weight_decay': 0.1, 'learning_rate': 0.001}, 'trainer': {'max_epochs': 100}, 'params': {'seed': 0, 'batch_size': 100, 'num_workers': 1, 'n_samples': 600}}
╭────────────────────────────────────────────────────────────────────────────────────────────────────────────────────────────────────────────────────────────────────────────────────────────────────────────────────────────────╮
│ Trial name          status       trainer/max_epochs     params/batch_size     params/num_workers     params/n_samples     ...pper/weight_decay     ...per/learning_rate     params/seed     iter     total time (s)       loss │
├────────────────────────────────────────────────────────────────────────────────────────────────────────────────────────────────────────────────────────────────────────────────────────────────────────────────────────────────┤
│ train_1eadd_00000   RUNNING                     100                   100                      1                  600                      0.1                    0.001               0       46            475.226   0.302772 │
╰────────────────────────────────────────────────────────────────────────────────────────────────────────────────────────────────────────────────────────────────────────────────────────────────────────────────────────────────╯
Trial status: 1 RUNNING
Current time: 2024-03-25 22:55:57. Total running time: 8min 31s
Logical resource usage: 4.0/56 CPUs, 1.0/1 GPUs (0.0/1.0 accelerator_type:V100)
Current best trial: 1eadd_00000 with loss=0.28017866611480713 and params={'task_wrapper': {'weight_decay': 0.1, 'learning_rate': 0.001}, 'trainer': {'max_epochs': 100}, 'params': {'seed': 0, 'batch_size': 100, 'num_workers': 1, 'n_samples': 600}}
╭────────────────────────────────────────────────────────────────────────────────────────────────────────────────────────────────────────────────────────────────────────────────────────────────────────────────────────────────╮
│ Trial name          status       trainer/max_epochs     params/batch_size     params/num_workers     params/n_samples     ...pper/weight_decay     ...per/learning_rate     params/seed     iter     total time (s)       loss │
├────────────────────────────────────────────────────────────────────────────────────────────────────────────────────────────────────────────────────────────────────────────────────────────────────────────────────────────────┤
│ train_1eadd_00000   RUNNING                     100                   100                      1                  600                      0.1                    0.001               0       49            506.015   0.280179 │
╰────────────────────────────────────────────────────────────────────────────────────────────────────────────────────────────────────────────────────────────────────────────────────────────────────────────────────────────────╯
Trial status: 1 RUNNING
Current time: 2024-03-25 22:56:27. Total running time: 9min 1s
Logical resource usage: 4.0/56 CPUs, 1.0/1 GPUs (0.0/1.0 accelerator_type:V100)
Current best trial: 1eadd_00000 with loss=0.26423123478889465 and params={'task_wrapper': {'weight_decay': 0.1, 'learning_rate': 0.001}, 'trainer': {'max_epochs': 100}, 'params': {'seed': 0, 'batch_size': 100, 'num_workers': 1, 'n_samples': 600}}
╭────────────────────────────────────────────────────────────────────────────────────────────────────────────────────────────────────────────────────────────────────────────────────────────────────────────────────────────────╮
│ Trial name          status       trainer/max_epochs     params/batch_size     params/num_workers     params/n_samples     ...pper/weight_decay     ...per/learning_rate     params/seed     iter     total time (s)       loss │
├────────────────────────────────────────────────────────────────────────────────────────────────────────────────────────────────────────────────────────────────────────────────────────────────────────────────────────────────┤
│ train_1eadd_00000   RUNNING                     100                   100                      1                  600                      0.1                    0.001               0       52            536.049   0.264231 │
╰────────────────────────────────────────────────────────────────────────────────────────────────────────────────────────────────────────────────────────────────────────────────────────────────────────────────────────────────╯
Trial status: 1 RUNNING
Current time: 2024-03-25 22:56:57. Total running time: 9min 31s
Logical resource usage: 4.0/56 CPUs, 1.0/1 GPUs (0.0/1.0 accelerator_type:V100)
Current best trial: 1eadd_00000 with loss=0.25815969705581665 and params={'task_wrapper': {'weight_decay': 0.1, 'learning_rate': 0.001}, 'trainer': {'max_epochs': 100}, 'params': {'seed': 0, 'batch_size': 100, 'num_workers': 1, 'n_samples': 600}}
╭───────────────────────────────────────────────────────────────────────────────────────────────────────────────────────────────────────────────────────────────────────────────────────────────────────────────────────────────╮
│ Trial name          status       trainer/max_epochs     params/batch_size     params/num_workers     params/n_samples     ...pper/weight_decay     ...per/learning_rate     params/seed     iter     total time (s)      loss │
├───────────────────────────────────────────────────────────────────────────────────────────────────────────────────────────────────────────────────────────────────────────────────────────────────────────────────────────────┤
│ train_1eadd_00000   RUNNING                     100                   100                      1                  600                      0.1                    0.001               0       54            556.019   0.25816 │
╰───────────────────────────────────────────────────────────────────────────────────────────────────────────────────────────────────────────────────────────────────────────────────────────────────────────────────────────────╯
Trial status: 1 RUNNING
Current time: 2024-03-25 22:57:28. Total running time: 10min 1s
Logical resource usage: 4.0/56 CPUs, 1.0/1 GPUs (0.0/1.0 accelerator_type:V100)
Current best trial: 1eadd_00000 with loss=0.25288453698158264 and params={'task_wrapper': {'weight_decay': 0.1, 'learning_rate': 0.001}, 'trainer': {'max_epochs': 100}, 'params': {'seed': 0, 'batch_size': 100, 'num_workers': 1, 'n_samples': 600}}
╭────────────────────────────────────────────────────────────────────────────────────────────────────────────────────────────────────────────────────────────────────────────────────────────────────────────────────────────────╮
│ Trial name          status       trainer/max_epochs     params/batch_size     params/num_workers     params/n_samples     ...pper/weight_decay     ...per/learning_rate     params/seed     iter     total time (s)       loss │
├────────────────────────────────────────────────────────────────────────────────────────────────────────────────────────────────────────────────────────────────────────────────────────────────────────────────────────────────┤
│ train_1eadd_00000   RUNNING                     100                   100                      1                  600                      0.1                    0.001               0       57            587.612   0.252885 │
╰────────────────────────────────────────────────────────────────────────────────────────────────────────────────────────────────────────────────────────────────────────────────────────────────────────────────────────────────╯
Trial status: 1 RUNNING
Current time: 2024-03-25 22:57:58. Total running time: 10min 31s
Logical resource usage: 4.0/56 CPUs, 1.0/1 GPUs (0.0/1.0 accelerator_type:V100)
Current best trial: 1eadd_00000 with loss=0.2509770393371582 and params={'task_wrapper': {'weight_decay': 0.1, 'learning_rate': 0.001}, 'trainer': {'max_epochs': 100}, 'params': {'seed': 0, 'batch_size': 100, 'num_workers': 1, 'n_samples': 600}}
╭────────────────────────────────────────────────────────────────────────────────────────────────────────────────────────────────────────────────────────────────────────────────────────────────────────────────────────────────╮
│ Trial name          status       trainer/max_epochs     params/batch_size     params/num_workers     params/n_samples     ...pper/weight_decay     ...per/learning_rate     params/seed     iter     total time (s)       loss │
├────────────────────────────────────────────────────────────────────────────────────────────────────────────────────────────────────────────────────────────────────────────────────────────────────────────────────────────────┤
│ train_1eadd_00000   RUNNING                     100                   100                      1                  600                      0.1                    0.001               0       60            618.247   0.250977 │
╰────────────────────────────────────────────────────────────────────────────────────────────────────────────────────────────────────────────────────────────────────────────────────────────────────────────────────────────────╯
Trial status: 1 RUNNING
Current time: 2024-03-25 22:58:28. Total running time: 11min 1s
Logical resource usage: 4.0/56 CPUs, 1.0/1 GPUs (0.0/1.0 accelerator_type:V100)
Current best trial: 1eadd_00000 with loss=0.2503722012042999 and params={'task_wrapper': {'weight_decay': 0.1, 'learning_rate': 0.001}, 'trainer': {'max_epochs': 100}, 'params': {'seed': 0, 'batch_size': 100, 'num_workers': 1, 'n_samples': 600}}
╭────────────────────────────────────────────────────────────────────────────────────────────────────────────────────────────────────────────────────────────────────────────────────────────────────────────────────────────────╮
│ Trial name          status       trainer/max_epochs     params/batch_size     params/num_workers     params/n_samples     ...pper/weight_decay     ...per/learning_rate     params/seed     iter     total time (s)       loss │
├────────────────────────────────────────────────────────────────────────────────────────────────────────────────────────────────────────────────────────────────────────────────────────────────────────────────────────────────┤
│ train_1eadd_00000   RUNNING                     100                   100                      1                  600                      0.1                    0.001               0       63            648.219   0.250372 │
╰────────────────────────────────────────────────────────────────────────────────────────────────────────────────────────────────────────────────────────────────────────────────────────────────────────────────────────────────╯
Trial status: 1 RUNNING
Current time: 2024-03-25 22:58:58. Total running time: 11min 31s
Logical resource usage: 4.0/56 CPUs, 1.0/1 GPUs (0.0/1.0 accelerator_type:V100)
Current best trial: 1eadd_00000 with loss=0.24971531331539154 and params={'task_wrapper': {'weight_decay': 0.1, 'learning_rate': 0.001}, 'trainer': {'max_epochs': 100}, 'params': {'seed': 0, 'batch_size': 100, 'num_workers': 1, 'n_samples': 600}}
╭────────────────────────────────────────────────────────────────────────────────────────────────────────────────────────────────────────────────────────────────────────────────────────────────────────────────────────────────╮
│ Trial name          status       trainer/max_epochs     params/batch_size     params/num_workers     params/n_samples     ...pper/weight_decay     ...per/learning_rate     params/seed     iter     total time (s)       loss │
├────────────────────────────────────────────────────────────────────────────────────────────────────────────────────────────────────────────────────────────────────────────────────────────────────────────────────────────────┤
│ train_1eadd_00000   RUNNING                     100                   100                      1                  600                      0.1                    0.001               0       66            680.403   0.249715 │
╰────────────────────────────────────────────────────────────────────────────────────────────────────────────────────────────────────────────────────────────────────────────────────────────────────────────────────────────────╯
Trial status: 1 RUNNING
Current time: 2024-03-25 22:59:28. Total running time: 12min 1s
Logical resource usage: 4.0/56 CPUs, 1.0/1 GPUs (0.0/1.0 accelerator_type:V100)
Current best trial: 1eadd_00000 with loss=0.2493647336959839 and params={'task_wrapper': {'weight_decay': 0.1, 'learning_rate': 0.001}, 'trainer': {'max_epochs': 100}, 'params': {'seed': 0, 'batch_size': 100, 'num_workers': 1, 'n_samples': 600}}
╭────────────────────────────────────────────────────────────────────────────────────────────────────────────────────────────────────────────────────────────────────────────────────────────────────────────────────────────────╮
│ Trial name          status       trainer/max_epochs     params/batch_size     params/num_workers     params/n_samples     ...pper/weight_decay     ...per/learning_rate     params/seed     iter     total time (s)       loss │
├────────────────────────────────────────────────────────────────────────────────────────────────────────────────────────────────────────────────────────────────────────────────────────────────────────────────────────────────┤
│ train_1eadd_00000   RUNNING                     100                   100                      1                  600                      0.1                    0.001               0       69             711.23   0.249365 │
╰────────────────────────────────────────────────────────────────────────────────────────────────────────────────────────────────────────────────────────────────────────────────────────────────────────────────────────────────╯
Trial status: 1 RUNNING
Current time: 2024-03-25 22:59:58. Total running time: 12min 31s
Logical resource usage: 4.0/56 CPUs, 1.0/1 GPUs (0.0/1.0 accelerator_type:V100)
Current best trial: 1eadd_00000 with loss=0.24922023713588715 and params={'task_wrapper': {'weight_decay': 0.1, 'learning_rate': 0.001}, 'trainer': {'max_epochs': 100}, 'params': {'seed': 0, 'batch_size': 100, 'num_workers': 1, 'n_samples': 600}}
╭───────────────────────────────────────────────────────────────────────────────────────────────────────────────────────────────────────────────────────────────────────────────────────────────────────────────────────────────╮
│ Trial name          status       trainer/max_epochs     params/batch_size     params/num_workers     params/n_samples     ...pper/weight_decay     ...per/learning_rate     params/seed     iter     total time (s)      loss │
├───────────────────────────────────────────────────────────────────────────────────────────────────────────────────────────────────────────────────────────────────────────────────────────────────────────────────────────────┤
│ train_1eadd_00000   RUNNING                     100                   100                      1                  600                      0.1                    0.001               0       72             743.32   0.24922 │
╰───────────────────────────────────────────────────────────────────────────────────────────────────────────────────────────────────────────────────────────────────────────────────────────────────────────────────────────────╯
Trial status: 1 RUNNING
Current time: 2024-03-25 23:00:28. Total running time: 13min 1s
Logical resource usage: 4.0/56 CPUs, 1.0/1 GPUs (0.0/1.0 accelerator_type:V100)
Current best trial: 1eadd_00000 with loss=0.24901221692562103 and params={'task_wrapper': {'weight_decay': 0.1, 'learning_rate': 0.001}, 'trainer': {'max_epochs': 100}, 'params': {'seed': 0, 'batch_size': 100, 'num_workers': 1, 'n_samples': 600}}
╭────────────────────────────────────────────────────────────────────────────────────────────────────────────────────────────────────────────────────────────────────────────────────────────────────────────────────────────────╮
│ Trial name          status       trainer/max_epochs     params/batch_size     params/num_workers     params/n_samples     ...pper/weight_decay     ...per/learning_rate     params/seed     iter     total time (s)       loss │
├────────────────────────────────────────────────────────────────────────────────────────────────────────────────────────────────────────────────────────────────────────────────────────────────────────────────────────────────┤
│ train_1eadd_00000   RUNNING                     100                   100                      1                  600                      0.1                    0.001               0       75            774.067   0.249012 │
╰────────────────────────────────────────────────────────────────────────────────────────────────────────────────────────────────────────────────────────────────────────────────────────────────────────────────────────────────╯
Trial status: 1 RUNNING
Current time: 2024-03-25 23:00:58. Total running time: 13min 31s
Logical resource usage: 4.0/56 CPUs, 1.0/1 GPUs (0.0/1.0 accelerator_type:V100)
Current best trial: 1eadd_00000 with loss=0.248813197016716 and params={'task_wrapper': {'weight_decay': 0.1, 'learning_rate': 0.001}, 'trainer': {'max_epochs': 100}, 'params': {'seed': 0, 'batch_size': 100, 'num_workers': 1, 'n_samples': 600}}
╭────────────────────────────────────────────────────────────────────────────────────────────────────────────────────────────────────────────────────────────────────────────────────────────────────────────────────────────────╮
│ Trial name          status       trainer/max_epochs     params/batch_size     params/num_workers     params/n_samples     ...pper/weight_decay     ...per/learning_rate     params/seed     iter     total time (s)       loss │
├────────────────────────────────────────────────────────────────────────────────────────────────────────────────────────────────────────────────────────────────────────────────────────────────────────────────────────────────┤
│ train_1eadd_00000   RUNNING                     100                   100                      1                  600                      0.1                    0.001               0       78            804.166   0.248813 │
╰────────────────────────────────────────────────────────────────────────────────────────────────────────────────────────────────────────────────────────────────────────────────────────────────────────────────────────────────╯
Trial status: 1 RUNNING
Current time: 2024-03-25 23:01:28. Total running time: 14min 1s
Logical resource usage: 4.0/56 CPUs, 1.0/1 GPUs (0.0/1.0 accelerator_type:V100)
Current best trial: 1eadd_00000 with loss=0.2488277554512024 and params={'task_wrapper': {'weight_decay': 0.1, 'learning_rate': 0.001}, 'trainer': {'max_epochs': 100}, 'params': {'seed': 0, 'batch_size': 100, 'num_workers': 1, 'n_samples': 600}}
╭────────────────────────────────────────────────────────────────────────────────────────────────────────────────────────────────────────────────────────────────────────────────────────────────────────────────────────────────╮
│ Trial name          status       trainer/max_epochs     params/batch_size     params/num_workers     params/n_samples     ...pper/weight_decay     ...per/learning_rate     params/seed     iter     total time (s)       loss │
├────────────────────────────────────────────────────────────────────────────────────────────────────────────────────────────────────────────────────────────────────────────────────────────────────────────────────────────────┤
│ train_1eadd_00000   RUNNING                     100                   100                      1                  600                      0.1                    0.001               0       81            834.044   0.248828 │
╰────────────────────────────────────────────────────────────────────────────────────────────────────────────────────────────────────────────────────────────────────────────────────────────────────────────────────────────────╯
Trial status: 1 RUNNING
Current time: 2024-03-25 23:01:58. Total running time: 14min 31s
Logical resource usage: 4.0/56 CPUs, 1.0/1 GPUs (0.0/1.0 accelerator_type:V100)
Current best trial: 1eadd_00000 with loss=0.2486986517906189 and params={'task_wrapper': {'weight_decay': 0.1, 'learning_rate': 0.001}, 'trainer': {'max_epochs': 100}, 'params': {'seed': 0, 'batch_size': 100, 'num_workers': 1, 'n_samples': 600}}
╭────────────────────────────────────────────────────────────────────────────────────────────────────────────────────────────────────────────────────────────────────────────────────────────────────────────────────────────────╮
│ Trial name          status       trainer/max_epochs     params/batch_size     params/num_workers     params/n_samples     ...pper/weight_decay     ...per/learning_rate     params/seed     iter     total time (s)       loss │
├────────────────────────────────────────────────────────────────────────────────────────────────────────────────────────────────────────────────────────────────────────────────────────────────────────────────────────────────┤
│ train_1eadd_00000   RUNNING                     100                   100                      1                  600                      0.1                    0.001               0       84            864.051   0.248699 │
╰────────────────────────────────────────────────────────────────────────────────────────────────────────────────────────────────────────────────────────────────────────────────────────────────────────────────────────────────╯
Trial status: 1 RUNNING
Current time: 2024-03-25 23:02:28. Total running time: 15min 1s
Logical resource usage: 4.0/56 CPUs, 1.0/1 GPUs (0.0/1.0 accelerator_type:V100)
Current best trial: 1eadd_00000 with loss=0.24877257645130157 and params={'task_wrapper': {'weight_decay': 0.1, 'learning_rate': 0.001}, 'trainer': {'max_epochs': 100}, 'params': {'seed': 0, 'batch_size': 100, 'num_workers': 1, 'n_samples': 600}}
╭────────────────────────────────────────────────────────────────────────────────────────────────────────────────────────────────────────────────────────────────────────────────────────────────────────────────────────────────╮
│ Trial name          status       trainer/max_epochs     params/batch_size     params/num_workers     params/n_samples     ...pper/weight_decay     ...per/learning_rate     params/seed     iter     total time (s)       loss │
├────────────────────────────────────────────────────────────────────────────────────────────────────────────────────────────────────────────────────────────────────────────────────────────────────────────────────────────────┤
│ train_1eadd_00000   RUNNING                     100                   100                      1                  600                      0.1                    0.001               0       87            894.886   0.248773 │
╰────────────────────────────────────────────────────────────────────────────────────────────────────────────────────────────────────────────────────────────────────────────────────────────────────────────────────────────────╯
Trial status: 1 RUNNING
Current time: 2024-03-25 23:02:58. Total running time: 15min 31s
Logical resource usage: 4.0/56 CPUs, 1.0/1 GPUs (0.0/1.0 accelerator_type:V100)
Current best trial: 1eadd_00000 with loss=0.24889427423477173 and params={'task_wrapper': {'weight_decay': 0.1, 'learning_rate': 0.001}, 'trainer': {'max_epochs': 100}, 'params': {'seed': 0, 'batch_size': 100, 'num_workers': 1, 'n_samples': 600}}
╭────────────────────────────────────────────────────────────────────────────────────────────────────────────────────────────────────────────────────────────────────────────────────────────────────────────────────────────────╮
│ Trial name          status       trainer/max_epochs     params/batch_size     params/num_workers     params/n_samples     ...pper/weight_decay     ...per/learning_rate     params/seed     iter     total time (s)       loss │
├────────────────────────────────────────────────────────────────────────────────────────────────────────────────────────────────────────────────────────────────────────────────────────────────────────────────────────────────┤
│ train_1eadd_00000   RUNNING                     100                   100                      1                  600                      0.1                    0.001               0       90            924.963   0.248894 │
╰────────────────────────────────────────────────────────────────────────────────────────────────────────────────────────────────────────────────────────────────────────────────────────────────────────────────────────────────╯
Trial status: 1 RUNNING
Current time: 2024-03-25 23:03:28. Total running time: 16min 2s
Logical resource usage: 4.0/56 CPUs, 1.0/1 GPUs (0.0/1.0 accelerator_type:V100)
Current best trial: 1eadd_00000 with loss=0.2487906515598297 and params={'task_wrapper': {'weight_decay': 0.1, 'learning_rate': 0.001}, 'trainer': {'max_epochs': 100}, 'params': {'seed': 0, 'batch_size': 100, 'num_workers': 1, 'n_samples': 600}}
╭────────────────────────────────────────────────────────────────────────────────────────────────────────────────────────────────────────────────────────────────────────────────────────────────────────────────────────────────╮
│ Trial name          status       trainer/max_epochs     params/batch_size     params/num_workers     params/n_samples     ...pper/weight_decay     ...per/learning_rate     params/seed     iter     total time (s)       loss │
├────────────────────────────────────────────────────────────────────────────────────────────────────────────────────────────────────────────────────────────────────────────────────────────────────────────────────────────────┤
│ train_1eadd_00000   RUNNING                     100                   100                      1                  600                      0.1                    0.001               0       93            956.432   0.248791 │
╰────────────────────────────────────────────────────────────────────────────────────────────────────────────────────────────────────────────────────────────────────────────────────────────────────────────────────────────────╯
Trial status: 1 RUNNING
Current time: 2024-03-25 23:03:58. Total running time: 16min 32s
Logical resource usage: 4.0/56 CPUs, 1.0/1 GPUs (0.0/1.0 accelerator_type:V100)
Current best trial: 1eadd_00000 with loss=0.24862203001976013 and params={'task_wrapper': {'weight_decay': 0.1, 'learning_rate': 0.001}, 'trainer': {'max_epochs': 100}, 'params': {'seed': 0, 'batch_size': 100, 'num_workers': 1, 'n_samples': 600}}
╭────────────────────────────────────────────────────────────────────────────────────────────────────────────────────────────────────────────────────────────────────────────────────────────────────────────────────────────────╮
│ Trial name          status       trainer/max_epochs     params/batch_size     params/num_workers     params/n_samples     ...pper/weight_decay     ...per/learning_rate     params/seed     iter     total time (s)       loss │
├────────────────────────────────────────────────────────────────────────────────────────────────────────────────────────────────────────────────────────────────────────────────────────────────────────────────────────────────┤
│ train_1eadd_00000   RUNNING                     100                   100                      1                  600                      0.1                    0.001               0       95            976.461   0.248622 │
╰────────────────────────────────────────────────────────────────────────────────────────────────────────────────────────────────────────────────────────────────────────────────────────────────────────────────────────────────╯
Trial status: 1 RUNNING
Current time: 2024-03-25 23:04:28. Total running time: 17min 2s
Logical resource usage: 4.0/56 CPUs, 1.0/1 GPUs (0.0/1.0 accelerator_type:V100)
Current best trial: 1eadd_00000 with loss=0.2487536370754242 and params={'task_wrapper': {'weight_decay': 0.1, 'learning_rate': 0.001}, 'trainer': {'max_epochs': 100}, 'params': {'seed': 0, 'batch_size': 100, 'num_workers': 1, 'n_samples': 600}}
╭────────────────────────────────────────────────────────────────────────────────────────────────────────────────────────────────────────────────────────────────────────────────────────────────────────────────────────────────╮
│ Trial name          status       trainer/max_epochs     params/batch_size     params/num_workers     params/n_samples     ...pper/weight_decay     ...per/learning_rate     params/seed     iter     total time (s)       loss │
├────────────────────────────────────────────────────────────────────────────────────────────────────────────────────────────────────────────────────────────────────────────────────────────────────────────────────────────────┤
│ train_1eadd_00000   RUNNING                     100                   100                      1                  600                      0.1                    0.001               0       98            1007.35   0.248754 │
╰────────────────────────────────────────────────────────────────────────────────────────────────────────────────────────────────────────────────────────────────────────────────────────────────────────────────────────────────╯

Trial train_1eadd_00000 completed after 100 iterations at 2024-03-25 23:04:48. Total running time: 17min 21s
╭────────────────────────────────────────────╮
│ Trial train_1eadd_00000 result             │
├────────────────────────────────────────────┤
│ checkpoint_dir_name                        │
│ time_this_iter_s                   9.97658 │
│ time_total_s                       1028.22 │
│ training_iteration                     100 │
│ loss                               0.24864 │
╰────────────────────────────────────────────╯

Trial status: 1 TERMINATED
Current time: 2024-03-25 23:04:48. Total running time: 17min 21s
Logical resource usage: 4.0/56 CPUs, 1.0/1 GPUs (0.0/1.0 accelerator_type:V100)
Current best trial: 1eadd_00000 with loss=0.24863557517528534 and params={'task_wrapper': {'weight_decay': 0.1, 'learning_rate': 0.001}, 'trainer': {'max_epochs': 100}, 'params': {'seed': 0, 'batch_size': 100, 'num_workers': 1, 'n_samples': 600}}
╭──────────────────────────────────────────────────────────────────────────────────────────────────────────────────────────────────────────────────────────────────────────────────────────────────────────────────────────────────╮
│ Trial name          status         trainer/max_epochs     params/batch_size     params/num_workers     params/n_samples     ...pper/weight_decay     ...per/learning_rate     params/seed     iter     total time (s)       loss │
├──────────────────────────────────────────────────────────────────────────────────────────────────────────────────────────────────────────────────────────────────────────────────────────────────────────────────────────────────┤
│ train_1eadd_00000   TERMINATED                    100                   100                      1                  600                      0.1                    0.001               0      100            1028.22   0.248636 │
╰──────────────────────────────────────────────────────────────────────────────────────────────────────────────────────────────────────────────────────────────────────────────────────────────────────────────────────────────────╯

