2024-03-25 17:50:04,522	INFO worker.py:1724 -- Started a local Ray instance.
2024-03-25 17:50:19,856	INFO tune.py:220 -- Initializing Ray automatically. For cluster usage or custom Ray initialization, call `ray.init(...)` before `tune.run(...)`.
2024-03-25 17:50:19,857	INFO tune.py:592 -- [output] This will use the new output engine with verbosity 1. To disable the new output and use the legacy output engine, set the environment variable RAY_AIR_NEW_OUTPUT=0. For more information, please see https://github.com/ray-project/ray/issues/36949
2024-03-25 17:50:19,977	WARNING tune.py:916 -- AIR_VERBOSITY is set, ignoring passed-in ProgressReporter for now.
[36m(train pid=1803404)[0m /home/ad2002/gnode/ctd/task_modeling/task_train_prep.py:46: UserWarning: 
[36m(train pid=1803404)[0m The version_base parameter is not specified.
[36m(train pid=1803404)[0m Please specify a compatability version level, or None.
[36m(train pid=1803404)[0m Will assume defaults for version 1.1
[36m(train pid=1803404)[0m   with hydra.initialize(
[36m(train pid=1803404)[0m /home/ad2002/gnode/ctd/task_modeling/task_train_prep.py:46: UserWarning: 
[36m(train pid=1803404)[0m The version_base parameter is not specified.
[36m(train pid=1803404)[0m Please specify a compatability version level, or None.
[36m(train pid=1803404)[0m Will assume defaults for version 1.1
[36m(train pid=1803404)[0m   with hydra.initialize(
[36m(train pid=1803404)[0m [rank: 0] Seed set to 0
[36m(train pid=1803404)[0m /home/ad2002/.conda/envs/gnode/lib/python3.10/site-packages/ray/tune/integration/pytorch_lightning.py:194: `ray.tune.integration.pytorch_lightning.TuneReportCallback` is deprecated. Use `ray.tune.integration.pytorch_lightning.TuneReportCheckpointCallback` instead.
[36m(train pid=1803404)[0m GPU available: True (cuda), used: True
[36m(train pid=1803404)[0m TPU available: False, using: 0 TPU cores
[36m(train pid=1803404)[0m IPU available: False, using: 0 IPUs
[36m(train pid=1803404)[0m HPU available: False, using: 0 HPUs
[36m(train pid=1803404)[0m You are using a CUDA device ('NVIDIA A100 80GB PCIe') that has Tensor Cores. To properly utilize them, you should set `torch.set_float32_matmul_precision('medium' | 'high')` which will trade-off precision for performance. For more details, read https://pytorch.org/docs/stable/generated/torch.set_float32_matmul_precision.html#torch.set_float32_matmul_precision
[36m(train pid=1803404)[0m /home/ad2002/.conda/envs/gnode/lib/python3.10/site-packages/lightning_fabric/loggers/csv_logs.py:198: Experiment logs directory ./ exists and is not empty. Previous log files in this directory will be deleted when the new ones are saved!
[36m(train pid=1803404)[0m /home/ad2002/.conda/envs/gnode/lib/python3.10/site-packages/pytorch_lightning/callbacks/model_checkpoint.py:639: Checkpoint directory /home/ad2002/ray_results/train_2024-03-25_17-50-19/0_batch_size=100,n_samples=600,num_workers=4,seed=0,learning_rate=0.0010,weight_decay=0.1000,max_epochs=200 exists and is not empty.
[36m(train pid=1803404)[0m LOCAL_RANK: 0 - CUDA_VISIBLE_DEVICES: [0]
[36m(train pid=1803404)[0m 
[36m(train pid=1803404)[0m   | Name  | Type | Params
[36m(train pid=1803404)[0m -------------------------------
[36m(train pid=1803404)[0m 0 | model | NODE | 22.2 K
[36m(train pid=1803404)[0m -------------------------------
[36m(train pid=1803404)[0m 22.2 K    Trainable params
[36m(train pid=1803404)[0m 0         Non-trainable params
[36m(train pid=1803404)[0m 22.2 K    Total params
[36m(train pid=1803404)[0m 0.089     Total estimated model params size (MB)
[36m(train pid=1803404)[0m SLURM auto-requeueing enabled. Setting signal handlers.
[36m(train pid=1803404)[0m /home/ad2002/.conda/envs/gnode/lib/python3.10/site-packages/torch/utils/data/dataloader.py:554: UserWarning: This DataLoader will create 4 worker processes in total. Our suggested max number of worker in current system is 1, which is smaller than what this DataLoader is going to create. Please be aware that excessive worker creation might get DataLoader running slow or even freeze, lower the worker number to avoid potential slowness/freeze if necessary.
[36m(train pid=1803404)[0m   warnings.warn(_create_warning_msg(
[36m(train pid=1803404)[0m /home/ad2002/.conda/envs/gnode/lib/python3.10/site-packages/pytorch_lightning/loops/fit_loop.py:293: The number of training batches (4) is smaller than the logging interval Trainer(log_every_n_steps=100). Set a lower value for log_every_n_steps if you want to see logs for the training epoch.
[36m(train pid=1803404)[0m `Trainer.fit` stopped: `max_epochs=200` reached.
2024-03-25 18:09:14,514	ERROR tune_controller.py:1374 -- Trial task failed for trial train_a1655_00000
Traceback (most recent call last):
  File "/home/ad2002/.conda/envs/gnode/lib/python3.10/site-packages/ray/air/execution/_internal/event_manager.py", line 110, in resolve_future
    result = ray.get(future)
  File "/home/ad2002/.conda/envs/gnode/lib/python3.10/site-packages/ray/_private/auto_init_hook.py", line 22, in auto_init_wrapper
    return fn(*args, **kwargs)
  File "/home/ad2002/.conda/envs/gnode/lib/python3.10/site-packages/ray/_private/client_mode_hook.py", line 103, in wrapper
    return func(*args, **kwargs)
  File "/home/ad2002/.conda/envs/gnode/lib/python3.10/site-packages/ray/_private/worker.py", line 2624, in get
    raise value.as_instanceof_cause()
ray.exceptions.RayTaskError(RuntimeError): [36mray::ImplicitFunc.train()[39m (pid=1803404, ip=172.21.1.129, actor_id=d9d2ee623e9e3e21d51f75c601000000, repr=train)
  File "/home/ad2002/.conda/envs/gnode/lib/python3.10/site-packages/ray/tune/trainable/trainable.py", line 342, in train
    raise skipped from exception_cause(skipped)
  File "/home/ad2002/.conda/envs/gnode/lib/python3.10/site-packages/ray/air/_internal/util.py", line 88, in run
    self._ret = self._target(*self._args, **self._kwargs)
  File "/home/ad2002/.conda/envs/gnode/lib/python3.10/site-packages/ray/tune/trainable/function_trainable.py", line 115, in <lambda>
    training_func=lambda: self._trainable_func(self.config),
  File "/home/ad2002/.conda/envs/gnode/lib/python3.10/site-packages/ray/tune/trainable/function_trainable.py", line 332, in _trainable_func
    output = fn()
  File "/home/ad2002/.conda/envs/gnode/lib/python3.10/site-packages/ray/tune/trainable/util.py", line 138, in inner
    return trainable(config, **fn_kwargs)
  File "/home/ad2002/gnode/ctd/task_modeling/task_train_prep.py", line 198, in train
    simulator.simulate_neural_data(
  File "/home/ad2002/gnode/ctd/task_modeling/simulator/neural_simulator.py", line 73, in simulate_neural_data
    output_dict = task_trained_model(ics, inputs)
  File "/home/ad2002/.conda/envs/gnode/lib/python3.10/site-packages/torch/nn/modules/module.py", line 1190, in _call_impl
    return forward_call(*input, **kwargs)
  File "/home/ad2002/gnode/ctd/task_modeling/task_wrapper/task_wrapper.py", line 126, in forward
    action, hidden = self.model(model_input, hidden)
  File "/home/ad2002/.conda/envs/gnode/lib/python3.10/site-packages/torch/nn/modules/module.py", line 1190, in _call_impl
    return forward_call(*input, **kwargs)
  File "/home/ad2002/gnode/ctd/task_modeling/model/node.py", line 39, in forward
    hidden = self.generator(inputs, hidden)
  File "/home/ad2002/.conda/envs/gnode/lib/python3.10/site-packages/torch/nn/modules/module.py", line 1190, in _call_impl
    return forward_call(*input, **kwargs)
  File "/home/ad2002/gnode/ctd/task_modeling/model/node.py", line 65, in forward
    return hidden + 0.1 * self.vf_net(input_hidden)
  File "/home/ad2002/.conda/envs/gnode/lib/python3.10/site-packages/torch/nn/modules/module.py", line 1190, in _call_impl
    return forward_call(*input, **kwargs)
  File "/home/ad2002/.conda/envs/gnode/lib/python3.10/site-packages/torch/nn/modules/container.py", line 204, in forward
    input = module(input)
  File "/home/ad2002/.conda/envs/gnode/lib/python3.10/site-packages/torch/nn/modules/module.py", line 1190, in _call_impl
    return forward_call(*input, **kwargs)
  File "/home/ad2002/.conda/envs/gnode/lib/python3.10/site-packages/torch/nn/modules/linear.py", line 114, in forward
    return F.linear(input, self.weight, self.bias)
RuntimeError: mat1 and mat2 shapes cannot be multiplied (1000x15 and 6x100)
╭──────────────────────────────────────────────────────────────╮
│ Configuration for experiment     train_2024-03-25_17-50-19   │
├──────────────────────────────────────────────────────────────┤
│ Search algorithm                 BasicVariantGenerator       │
│ Scheduler                        FIFOScheduler               │
│ Number of trials                 1                           │
╰──────────────────────────────────────────────────────────────╯

View detailed results here: /scratch/network/ad2002/content/runs/task-trained/20240325_NODE_12BFF_replicateTim/train_2024-03-25_17-50-19
To visualize your results with TensorBoard, run: `tensorboard --logdir /home/ad2002/ray_results/train_2024-03-25_17-50-19`

Trial status: 1 PENDING
Current time: 2024-03-25 17:50:20. Total running time: 0s
Logical resource usage: 0/48 CPUs, 0/1 GPUs (0.0/1.0 accelerator_type:A100)
╭─────────────────────────────────────────────────────────────────────────────────────────────────────────────────────────────────────────────────────────────────────────────────────────╮
│ Trial name          status       trainer/max_epochs     params/batch_size     params/num_workers     params/n_samples     ...pper/weight_decay     ...per/learning_rate     params/seed │
├─────────────────────────────────────────────────────────────────────────────────────────────────────────────────────────────────────────────────────────────────────────────────────────┤
│ train_a1655_00000   PENDING                     200                   100                      4                  600                      0.1                    0.001               0 │
╰─────────────────────────────────────────────────────────────────────────────────────────────────────────────────────────────────────────────────────────────────────────────────────────╯

Trial train_a1655_00000 started with configuration:
╭──────────────────────────────────────────╮
│ Trial train_a1655_00000 config           │
├──────────────────────────────────────────┤
│ params/batch_size                    100 │
│ params/n_samples                     600 │
│ params/num_workers                     4 │
│ params/seed                            0 │
│ task_wrapper/learning_rate         0.001 │
│ task_wrapper/weight_decay            0.1 │
│ trainer/max_epochs                   200 │
╰──────────────────────────────────────────╯

Trial status: 1 RUNNING
Current time: 2024-03-25 17:50:50. Total running time: 30s
Logical resource usage: 4.0/48 CPUs, 1.0/1 GPUs (0.0/1.0 accelerator_type:A100)
Current best trial: a1655_00000 with loss=0.29007378220558167 and params={'task_wrapper': {'weight_decay': 0.1, 'learning_rate': 0.001}, 'trainer': {'max_epochs': 200}, 'params': {'seed': 0, 'batch_size': 100, 'num_workers': 4, 'n_samples': 600}}
╭────────────────────────────────────────────────────────────────────────────────────────────────────────────────────────────────────────────────────────────────────────────────────────────────────────────────────────────────╮
│ Trial name          status       trainer/max_epochs     params/batch_size     params/num_workers     params/n_samples     ...pper/weight_decay     ...per/learning_rate     params/seed     iter     total time (s)       loss │
├────────────────────────────────────────────────────────────────────────────────────────────────────────────────────────────────────────────────────────────────────────────────────────────────────────────────────────────────┤
│ train_a1655_00000   RUNNING                     200                   100                      4                  600                      0.1                    0.001               0        3             24.419   0.290074 │
╰────────────────────────────────────────────────────────────────────────────────────────────────────────────────────────────────────────────────────────────────────────────────────────────────────────────────────────────────╯
Trial status: 1 RUNNING
Current time: 2024-03-25 17:51:20. Total running time: 1min 0s
Logical resource usage: 4.0/48 CPUs, 1.0/1 GPUs (0.0/1.0 accelerator_type:A100)
Current best trial: a1655_00000 with loss=0.244636669754982 and params={'task_wrapper': {'weight_decay': 0.1, 'learning_rate': 0.001}, 'trainer': {'max_epochs': 200}, 'params': {'seed': 0, 'batch_size': 100, 'num_workers': 4, 'n_samples': 600}}
╭────────────────────────────────────────────────────────────────────────────────────────────────────────────────────────────────────────────────────────────────────────────────────────────────────────────────────────────────╮
│ Trial name          status       trainer/max_epochs     params/batch_size     params/num_workers     params/n_samples     ...pper/weight_decay     ...per/learning_rate     params/seed     iter     total time (s)       loss │
├────────────────────────────────────────────────────────────────────────────────────────────────────────────────────────────────────────────────────────────────────────────────────────────────────────────────────────────────┤
│ train_a1655_00000   RUNNING                     200                   100                      4                  600                      0.1                    0.001               0        8            53.2878   0.244637 │
╰────────────────────────────────────────────────────────────────────────────────────────────────────────────────────────────────────────────────────────────────────────────────────────────────────────────────────────────────╯
Trial status: 1 RUNNING
Current time: 2024-03-25 17:51:50. Total running time: 1min 30s
Logical resource usage: 4.0/48 CPUs, 1.0/1 GPUs (0.0/1.0 accelerator_type:A100)
Current best trial: a1655_00000 with loss=0.23989170789718628 and params={'task_wrapper': {'weight_decay': 0.1, 'learning_rate': 0.001}, 'trainer': {'max_epochs': 200}, 'params': {'seed': 0, 'batch_size': 100, 'num_workers': 4, 'n_samples': 600}}
╭────────────────────────────────────────────────────────────────────────────────────────────────────────────────────────────────────────────────────────────────────────────────────────────────────────────────────────────────╮
│ Trial name          status       trainer/max_epochs     params/batch_size     params/num_workers     params/n_samples     ...pper/weight_decay     ...per/learning_rate     params/seed     iter     total time (s)       loss │
├────────────────────────────────────────────────────────────────────────────────────────────────────────────────────────────────────────────────────────────────────────────────────────────────────────────────────────────────┤
│ train_a1655_00000   RUNNING                     200                   100                      4                  600                      0.1                    0.001               0       13            80.7563   0.239892 │
╰────────────────────────────────────────────────────────────────────────────────────────────────────────────────────────────────────────────────────────────────────────────────────────────────────────────────────────────────╯
Trial status: 1 RUNNING
Current time: 2024-03-25 17:52:20. Total running time: 2min 0s
Logical resource usage: 4.0/48 CPUs, 1.0/1 GPUs (0.0/1.0 accelerator_type:A100)
Current best trial: a1655_00000 with loss=0.23715250194072723 and params={'task_wrapper': {'weight_decay': 0.1, 'learning_rate': 0.001}, 'trainer': {'max_epochs': 200}, 'params': {'seed': 0, 'batch_size': 100, 'num_workers': 4, 'n_samples': 600}}
╭────────────────────────────────────────────────────────────────────────────────────────────────────────────────────────────────────────────────────────────────────────────────────────────────────────────────────────────────╮
│ Trial name          status       trainer/max_epochs     params/batch_size     params/num_workers     params/n_samples     ...pper/weight_decay     ...per/learning_rate     params/seed     iter     total time (s)       loss │
├────────────────────────────────────────────────────────────────────────────────────────────────────────────────────────────────────────────────────────────────────────────────────────────────────────────────────────────────┤
│ train_a1655_00000   RUNNING                     200                   100                      4                  600                      0.1                    0.001               0       19            114.227   0.237153 │
╰────────────────────────────────────────────────────────────────────────────────────────────────────────────────────────────────────────────────────────────────────────────────────────────────────────────────────────────────╯
Trial status: 1 RUNNING
Current time: 2024-03-25 17:52:50. Total running time: 2min 30s
Logical resource usage: 4.0/48 CPUs, 1.0/1 GPUs (0.0/1.0 accelerator_type:A100)
Current best trial: a1655_00000 with loss=0.2359289526939392 and params={'task_wrapper': {'weight_decay': 0.1, 'learning_rate': 0.001}, 'trainer': {'max_epochs': 200}, 'params': {'seed': 0, 'batch_size': 100, 'num_workers': 4, 'n_samples': 600}}
╭────────────────────────────────────────────────────────────────────────────────────────────────────────────────────────────────────────────────────────────────────────────────────────────────────────────────────────────────╮
│ Trial name          status       trainer/max_epochs     params/batch_size     params/num_workers     params/n_samples     ...pper/weight_decay     ...per/learning_rate     params/seed     iter     total time (s)       loss │
├────────────────────────────────────────────────────────────────────────────────────────────────────────────────────────────────────────────────────────────────────────────────────────────────────────────────────────────────┤
│ train_a1655_00000   RUNNING                     200                   100                      4                  600                      0.1                    0.001               0       24            142.273   0.235929 │
╰────────────────────────────────────────────────────────────────────────────────────────────────────────────────────────────────────────────────────────────────────────────────────────────────────────────────────────────────╯
Trial status: 1 RUNNING
Current time: 2024-03-25 17:53:20. Total running time: 3min 0s
Logical resource usage: 4.0/48 CPUs, 1.0/1 GPUs (0.0/1.0 accelerator_type:A100)
Current best trial: a1655_00000 with loss=0.23495681583881378 and params={'task_wrapper': {'weight_decay': 0.1, 'learning_rate': 0.001}, 'trainer': {'max_epochs': 200}, 'params': {'seed': 0, 'batch_size': 100, 'num_workers': 4, 'n_samples': 600}}
╭────────────────────────────────────────────────────────────────────────────────────────────────────────────────────────────────────────────────────────────────────────────────────────────────────────────────────────────────╮
│ Trial name          status       trainer/max_epochs     params/batch_size     params/num_workers     params/n_samples     ...pper/weight_decay     ...per/learning_rate     params/seed     iter     total time (s)       loss │
├────────────────────────────────────────────────────────────────────────────────────────────────────────────────────────────────────────────────────────────────────────────────────────────────────────────────────────────────┤
│ train_a1655_00000   RUNNING                     200                   100                      4                  600                      0.1                    0.001               0       29            170.148   0.234957 │
╰────────────────────────────────────────────────────────────────────────────────────────────────────────────────────────────────────────────────────────────────────────────────────────────────────────────────────────────────╯
Trial status: 1 RUNNING
Current time: 2024-03-25 17:53:50. Total running time: 3min 30s
Logical resource usage: 4.0/48 CPUs, 1.0/1 GPUs (0.0/1.0 accelerator_type:A100)
Current best trial: a1655_00000 with loss=0.2340042144060135 and params={'task_wrapper': {'weight_decay': 0.1, 'learning_rate': 0.001}, 'trainer': {'max_epochs': 200}, 'params': {'seed': 0, 'batch_size': 100, 'num_workers': 4, 'n_samples': 600}}
╭────────────────────────────────────────────────────────────────────────────────────────────────────────────────────────────────────────────────────────────────────────────────────────────────────────────────────────────────╮
│ Trial name          status       trainer/max_epochs     params/batch_size     params/num_workers     params/n_samples     ...pper/weight_decay     ...per/learning_rate     params/seed     iter     total time (s)       loss │
├────────────────────────────────────────────────────────────────────────────────────────────────────────────────────────────────────────────────────────────────────────────────────────────────────────────────────────────────┤
│ train_a1655_00000   RUNNING                     200                   100                      4                  600                      0.1                    0.001               0       35            203.799   0.234004 │
╰────────────────────────────────────────────────────────────────────────────────────────────────────────────────────────────────────────────────────────────────────────────────────────────────────────────────────────────────╯
Trial status: 1 RUNNING
Current time: 2024-03-25 17:54:20. Total running time: 4min 0s
Logical resource usage: 4.0/48 CPUs, 1.0/1 GPUs (0.0/1.0 accelerator_type:A100)
Current best trial: a1655_00000 with loss=0.23354291915893555 and params={'task_wrapper': {'weight_decay': 0.1, 'learning_rate': 0.001}, 'trainer': {'max_epochs': 200}, 'params': {'seed': 0, 'batch_size': 100, 'num_workers': 4, 'n_samples': 600}}
╭────────────────────────────────────────────────────────────────────────────────────────────────────────────────────────────────────────────────────────────────────────────────────────────────────────────────────────────────╮
│ Trial name          status       trainer/max_epochs     params/batch_size     params/num_workers     params/n_samples     ...pper/weight_decay     ...per/learning_rate     params/seed     iter     total time (s)       loss │
├────────────────────────────────────────────────────────────────────────────────────────────────────────────────────────────────────────────────────────────────────────────────────────────────────────────────────────────────┤
│ train_a1655_00000   RUNNING                     200                   100                      4                  600                      0.1                    0.001               0       40              231.8   0.233543 │
╰────────────────────────────────────────────────────────────────────────────────────────────────────────────────────────────────────────────────────────────────────────────────────────────────────────────────────────────────╯
Trial status: 1 RUNNING
Current time: 2024-03-25 17:54:50. Total running time: 4min 30s
Logical resource usage: 4.0/48 CPUs, 1.0/1 GPUs (0.0/1.0 accelerator_type:A100)
Current best trial: a1655_00000 with loss=0.23300720751285553 and params={'task_wrapper': {'weight_decay': 0.1, 'learning_rate': 0.001}, 'trainer': {'max_epochs': 200}, 'params': {'seed': 0, 'batch_size': 100, 'num_workers': 4, 'n_samples': 600}}
╭────────────────────────────────────────────────────────────────────────────────────────────────────────────────────────────────────────────────────────────────────────────────────────────────────────────────────────────────╮
│ Trial name          status       trainer/max_epochs     params/batch_size     params/num_workers     params/n_samples     ...pper/weight_decay     ...per/learning_rate     params/seed     iter     total time (s)       loss │
├────────────────────────────────────────────────────────────────────────────────────────────────────────────────────────────────────────────────────────────────────────────────────────────────────────────────────────────────┤
│ train_a1655_00000   RUNNING                     200                   100                      4                  600                      0.1                    0.001               0       46            265.272   0.233007 │
╰────────────────────────────────────────────────────────────────────────────────────────────────────────────────────────────────────────────────────────────────────────────────────────────────────────────────────────────────╯
Trial status: 1 RUNNING
Current time: 2024-03-25 17:55:20. Total running time: 5min 0s
Logical resource usage: 4.0/48 CPUs, 1.0/1 GPUs (0.0/1.0 accelerator_type:A100)
Current best trial: a1655_00000 with loss=0.23266462981700897 and params={'task_wrapper': {'weight_decay': 0.1, 'learning_rate': 0.001}, 'trainer': {'max_epochs': 200}, 'params': {'seed': 0, 'batch_size': 100, 'num_workers': 4, 'n_samples': 600}}
╭────────────────────────────────────────────────────────────────────────────────────────────────────────────────────────────────────────────────────────────────────────────────────────────────────────────────────────────────╮
│ Trial name          status       trainer/max_epochs     params/batch_size     params/num_workers     params/n_samples     ...pper/weight_decay     ...per/learning_rate     params/seed     iter     total time (s)       loss │
├────────────────────────────────────────────────────────────────────────────────────────────────────────────────────────────────────────────────────────────────────────────────────────────────────────────────────────────────┤
│ train_a1655_00000   RUNNING                     200                   100                      4                  600                      0.1                    0.001               0       51            293.265   0.232665 │
╰────────────────────────────────────────────────────────────────────────────────────────────────────────────────────────────────────────────────────────────────────────────────────────────────────────────────────────────────╯
Trial status: 1 RUNNING
Current time: 2024-03-25 17:55:50. Total running time: 5min 30s
Logical resource usage: 4.0/48 CPUs, 1.0/1 GPUs (0.0/1.0 accelerator_type:A100)
Current best trial: a1655_00000 with loss=0.23279494047164917 and params={'task_wrapper': {'weight_decay': 0.1, 'learning_rate': 0.001}, 'trainer': {'max_epochs': 200}, 'params': {'seed': 0, 'batch_size': 100, 'num_workers': 4, 'n_samples': 600}}
╭────────────────────────────────────────────────────────────────────────────────────────────────────────────────────────────────────────────────────────────────────────────────────────────────────────────────────────────────╮
│ Trial name          status       trainer/max_epochs     params/batch_size     params/num_workers     params/n_samples     ...pper/weight_decay     ...per/learning_rate     params/seed     iter     total time (s)       loss │
├────────────────────────────────────────────────────────────────────────────────────────────────────────────────────────────────────────────────────────────────────────────────────────────────────────────────────────────────┤
│ train_a1655_00000   RUNNING                     200                   100                      4                  600                      0.1                    0.001               0       56            321.169   0.232795 │
╰────────────────────────────────────────────────────────────────────────────────────────────────────────────────────────────────────────────────────────────────────────────────────────────────────────────────────────────────╯
Trial status: 1 RUNNING
Current time: 2024-03-25 17:56:20. Total running time: 6min 0s
Logical resource usage: 4.0/48 CPUs, 1.0/1 GPUs (0.0/1.0 accelerator_type:A100)
Current best trial: a1655_00000 with loss=0.23231153190135956 and params={'task_wrapper': {'weight_decay': 0.1, 'learning_rate': 0.001}, 'trainer': {'max_epochs': 200}, 'params': {'seed': 0, 'batch_size': 100, 'num_workers': 4, 'n_samples': 600}}
╭────────────────────────────────────────────────────────────────────────────────────────────────────────────────────────────────────────────────────────────────────────────────────────────────────────────────────────────────╮
│ Trial name          status       trainer/max_epochs     params/batch_size     params/num_workers     params/n_samples     ...pper/weight_decay     ...per/learning_rate     params/seed     iter     total time (s)       loss │
├────────────────────────────────────────────────────────────────────────────────────────────────────────────────────────────────────────────────────────────────────────────────────────────────────────────────────────────────┤
│ train_a1655_00000   RUNNING                     200                   100                      4                  600                      0.1                    0.001               0       62            354.808   0.232312 │
╰────────────────────────────────────────────────────────────────────────────────────────────────────────────────────────────────────────────────────────────────────────────────────────────────────────────────────────────────╯
Trial status: 1 RUNNING
Current time: 2024-03-25 17:56:50. Total running time: 6min 30s
Logical resource usage: 4.0/48 CPUs, 1.0/1 GPUs (0.0/1.0 accelerator_type:A100)
Current best trial: a1655_00000 with loss=0.23152250051498413 and params={'task_wrapper': {'weight_decay': 0.1, 'learning_rate': 0.001}, 'trainer': {'max_epochs': 200}, 'params': {'seed': 0, 'batch_size': 100, 'num_workers': 4, 'n_samples': 600}}
╭────────────────────────────────────────────────────────────────────────────────────────────────────────────────────────────────────────────────────────────────────────────────────────────────────────────────────────────────╮
│ Trial name          status       trainer/max_epochs     params/batch_size     params/num_workers     params/n_samples     ...pper/weight_decay     ...per/learning_rate     params/seed     iter     total time (s)       loss │
├────────────────────────────────────────────────────────────────────────────────────────────────────────────────────────────────────────────────────────────────────────────────────────────────────────────────────────────────┤
│ train_a1655_00000   RUNNING                     200                   100                      4                  600                      0.1                    0.001               0       67             382.69   0.231523 │
╰────────────────────────────────────────────────────────────────────────────────────────────────────────────────────────────────────────────────────────────────────────────────────────────────────────────────────────────────╯
Trial status: 1 RUNNING
Current time: 2024-03-25 17:57:20. Total running time: 7min 0s
Logical resource usage: 4.0/48 CPUs, 1.0/1 GPUs (0.0/1.0 accelerator_type:A100)
Current best trial: a1655_00000 with loss=0.2315630167722702 and params={'task_wrapper': {'weight_decay': 0.1, 'learning_rate': 0.001}, 'trainer': {'max_epochs': 200}, 'params': {'seed': 0, 'batch_size': 100, 'num_workers': 4, 'n_samples': 600}}
╭────────────────────────────────────────────────────────────────────────────────────────────────────────────────────────────────────────────────────────────────────────────────────────────────────────────────────────────────╮
│ Trial name          status       trainer/max_epochs     params/batch_size     params/num_workers     params/n_samples     ...pper/weight_decay     ...per/learning_rate     params/seed     iter     total time (s)       loss │
├────────────────────────────────────────────────────────────────────────────────────────────────────────────────────────────────────────────────────────────────────────────────────────────────────────────────────────────────┤
│ train_a1655_00000   RUNNING                     200                   100                      4                  600                      0.1                    0.001               0       72            410.538   0.231563 │
╰────────────────────────────────────────────────────────────────────────────────────────────────────────────────────────────────────────────────────────────────────────────────────────────────────────────────────────────────╯
Trial status: 1 RUNNING
Current time: 2024-03-25 17:57:50. Total running time: 7min 30s
Logical resource usage: 4.0/48 CPUs, 1.0/1 GPUs (0.0/1.0 accelerator_type:A100)
Current best trial: a1655_00000 with loss=0.2310069054365158 and params={'task_wrapper': {'weight_decay': 0.1, 'learning_rate': 0.001}, 'trainer': {'max_epochs': 200}, 'params': {'seed': 0, 'batch_size': 100, 'num_workers': 4, 'n_samples': 600}}
╭────────────────────────────────────────────────────────────────────────────────────────────────────────────────────────────────────────────────────────────────────────────────────────────────────────────────────────────────╮
│ Trial name          status       trainer/max_epochs     params/batch_size     params/num_workers     params/n_samples     ...pper/weight_decay     ...per/learning_rate     params/seed     iter     total time (s)       loss │
├────────────────────────────────────────────────────────────────────────────────────────────────────────────────────────────────────────────────────────────────────────────────────────────────────────────────────────────────┤
│ train_a1655_00000   RUNNING                     200                   100                      4                  600                      0.1                    0.001               0       78            443.923   0.231007 │
╰────────────────────────────────────────────────────────────────────────────────────────────────────────────────────────────────────────────────────────────────────────────────────────────────────────────────────────────────╯
Trial status: 1 RUNNING
Current time: 2024-03-25 17:58:21. Total running time: 8min 1s
Logical resource usage: 4.0/48 CPUs, 1.0/1 GPUs (0.0/1.0 accelerator_type:A100)
Current best trial: a1655_00000 with loss=0.23053541779518127 and params={'task_wrapper': {'weight_decay': 0.1, 'learning_rate': 0.001}, 'trainer': {'max_epochs': 200}, 'params': {'seed': 0, 'batch_size': 100, 'num_workers': 4, 'n_samples': 600}}
╭────────────────────────────────────────────────────────────────────────────────────────────────────────────────────────────────────────────────────────────────────────────────────────────────────────────────────────────────╮
│ Trial name          status       trainer/max_epochs     params/batch_size     params/num_workers     params/n_samples     ...pper/weight_decay     ...per/learning_rate     params/seed     iter     total time (s)       loss │
├────────────────────────────────────────────────────────────────────────────────────────────────────────────────────────────────────────────────────────────────────────────────────────────────────────────────────────────────┤
│ train_a1655_00000   RUNNING                     200                   100                      4                  600                      0.1                    0.001               0       83            471.793   0.230535 │
╰────────────────────────────────────────────────────────────────────────────────────────────────────────────────────────────────────────────────────────────────────────────────────────────────────────────────────────────────╯
Trial status: 1 RUNNING
Current time: 2024-03-25 17:58:51. Total running time: 8min 31s
Logical resource usage: 4.0/48 CPUs, 1.0/1 GPUs (0.0/1.0 accelerator_type:A100)
Current best trial: a1655_00000 with loss=0.2304462492465973 and params={'task_wrapper': {'weight_decay': 0.1, 'learning_rate': 0.001}, 'trainer': {'max_epochs': 200}, 'params': {'seed': 0, 'batch_size': 100, 'num_workers': 4, 'n_samples': 600}}
╭────────────────────────────────────────────────────────────────────────────────────────────────────────────────────────────────────────────────────────────────────────────────────────────────────────────────────────────────╮
│ Trial name          status       trainer/max_epochs     params/batch_size     params/num_workers     params/n_samples     ...pper/weight_decay     ...per/learning_rate     params/seed     iter     total time (s)       loss │
├────────────────────────────────────────────────────────────────────────────────────────────────────────────────────────────────────────────────────────────────────────────────────────────────────────────────────────────────┤
│ train_a1655_00000   RUNNING                     200                   100                      4                  600                      0.1                    0.001               0       89            505.203   0.230446 │
╰────────────────────────────────────────────────────────────────────────────────────────────────────────────────────────────────────────────────────────────────────────────────────────────────────────────────────────────────╯
Trial status: 1 RUNNING
Current time: 2024-03-25 17:59:21. Total running time: 9min 1s
Logical resource usage: 4.0/48 CPUs, 1.0/1 GPUs (0.0/1.0 accelerator_type:A100)
Current best trial: a1655_00000 with loss=0.2299460619688034 and params={'task_wrapper': {'weight_decay': 0.1, 'learning_rate': 0.001}, 'trainer': {'max_epochs': 200}, 'params': {'seed': 0, 'batch_size': 100, 'num_workers': 4, 'n_samples': 600}}
╭────────────────────────────────────────────────────────────────────────────────────────────────────────────────────────────────────────────────────────────────────────────────────────────────────────────────────────────────╮
│ Trial name          status       trainer/max_epochs     params/batch_size     params/num_workers     params/n_samples     ...pper/weight_decay     ...per/learning_rate     params/seed     iter     total time (s)       loss │
├────────────────────────────────────────────────────────────────────────────────────────────────────────────────────────────────────────────────────────────────────────────────────────────────────────────────────────────────┤
│ train_a1655_00000   RUNNING                     200                   100                      4                  600                      0.1                    0.001               0       94            533.114   0.229946 │
╰────────────────────────────────────────────────────────────────────────────────────────────────────────────────────────────────────────────────────────────────────────────────────────────────────────────────────────────────╯
Trial status: 1 RUNNING
Current time: 2024-03-25 17:59:51. Total running time: 9min 31s
Logical resource usage: 4.0/48 CPUs, 1.0/1 GPUs (0.0/1.0 accelerator_type:A100)
Current best trial: a1655_00000 with loss=0.2306535691022873 and params={'task_wrapper': {'weight_decay': 0.1, 'learning_rate': 0.001}, 'trainer': {'max_epochs': 200}, 'params': {'seed': 0, 'batch_size': 100, 'num_workers': 4, 'n_samples': 600}}
╭────────────────────────────────────────────────────────────────────────────────────────────────────────────────────────────────────────────────────────────────────────────────────────────────────────────────────────────────╮
│ Trial name          status       trainer/max_epochs     params/batch_size     params/num_workers     params/n_samples     ...pper/weight_decay     ...per/learning_rate     params/seed     iter     total time (s)       loss │
├────────────────────────────────────────────────────────────────────────────────────────────────────────────────────────────────────────────────────────────────────────────────────────────────────────────────────────────────┤
│ train_a1655_00000   RUNNING                     200                   100                      4                  600                      0.1                    0.001               0       99            561.181   0.230654 │
╰────────────────────────────────────────────────────────────────────────────────────────────────────────────────────────────────────────────────────────────────────────────────────────────────────────────────────────────────╯
Trial status: 1 RUNNING
Current time: 2024-03-25 18:00:21. Total running time: 10min 1s
Logical resource usage: 4.0/48 CPUs, 1.0/1 GPUs (0.0/1.0 accelerator_type:A100)
Current best trial: a1655_00000 with loss=0.22968944907188416 and params={'task_wrapper': {'weight_decay': 0.1, 'learning_rate': 0.001}, 'trainer': {'max_epochs': 200}, 'params': {'seed': 0, 'batch_size': 100, 'num_workers': 4, 'n_samples': 600}}
╭────────────────────────────────────────────────────────────────────────────────────────────────────────────────────────────────────────────────────────────────────────────────────────────────────────────────────────────────╮
│ Trial name          status       trainer/max_epochs     params/batch_size     params/num_workers     params/n_samples     ...pper/weight_decay     ...per/learning_rate     params/seed     iter     total time (s)       loss │
├────────────────────────────────────────────────────────────────────────────────────────────────────────────────────────────────────────────────────────────────────────────────────────────────────────────────────────────────┤
│ train_a1655_00000   RUNNING                     200                   100                      4                  600                      0.1                    0.001               0      105            595.204   0.229689 │
╰────────────────────────────────────────────────────────────────────────────────────────────────────────────────────────────────────────────────────────────────────────────────────────────────────────────────────────────────╯
Trial status: 1 RUNNING
Current time: 2024-03-25 18:00:51. Total running time: 10min 31s
Logical resource usage: 4.0/48 CPUs, 1.0/1 GPUs (0.0/1.0 accelerator_type:A100)
Current best trial: a1655_00000 with loss=0.22964054346084595 and params={'task_wrapper': {'weight_decay': 0.1, 'learning_rate': 0.001}, 'trainer': {'max_epochs': 200}, 'params': {'seed': 0, 'batch_size': 100, 'num_workers': 4, 'n_samples': 600}}
╭────────────────────────────────────────────────────────────────────────────────────────────────────────────────────────────────────────────────────────────────────────────────────────────────────────────────────────────────╮
│ Trial name          status       trainer/max_epochs     params/batch_size     params/num_workers     params/n_samples     ...pper/weight_decay     ...per/learning_rate     params/seed     iter     total time (s)       loss │
├────────────────────────────────────────────────────────────────────────────────────────────────────────────────────────────────────────────────────────────────────────────────────────────────────────────────────────────────┤
│ train_a1655_00000   RUNNING                     200                   100                      4                  600                      0.1                    0.001               0      110            623.122   0.229641 │
╰────────────────────────────────────────────────────────────────────────────────────────────────────────────────────────────────────────────────────────────────────────────────────────────────────────────────────────────────╯
Trial status: 1 RUNNING
Current time: 2024-03-25 18:01:21. Total running time: 11min 1s
Logical resource usage: 4.0/48 CPUs, 1.0/1 GPUs (0.0/1.0 accelerator_type:A100)
Current best trial: a1655_00000 with loss=0.22951087355613708 and params={'task_wrapper': {'weight_decay': 0.1, 'learning_rate': 0.001}, 'trainer': {'max_epochs': 200}, 'params': {'seed': 0, 'batch_size': 100, 'num_workers': 4, 'n_samples': 600}}
╭────────────────────────────────────────────────────────────────────────────────────────────────────────────────────────────────────────────────────────────────────────────────────────────────────────────────────────────────╮
│ Trial name          status       trainer/max_epochs     params/batch_size     params/num_workers     params/n_samples     ...pper/weight_decay     ...per/learning_rate     params/seed     iter     total time (s)       loss │
├────────────────────────────────────────────────────────────────────────────────────────────────────────────────────────────────────────────────────────────────────────────────────────────────────────────────────────────────┤
│ train_a1655_00000   RUNNING                     200                   100                      4                  600                      0.1                    0.001               0      115             650.99   0.229511 │
╰────────────────────────────────────────────────────────────────────────────────────────────────────────────────────────────────────────────────────────────────────────────────────────────────────────────────────────────────╯
Trial status: 1 RUNNING
Current time: 2024-03-25 18:01:51. Total running time: 11min 31s
Logical resource usage: 4.0/48 CPUs, 1.0/1 GPUs (0.0/1.0 accelerator_type:A100)
Current best trial: a1655_00000 with loss=0.23038062453269958 and params={'task_wrapper': {'weight_decay': 0.1, 'learning_rate': 0.001}, 'trainer': {'max_epochs': 200}, 'params': {'seed': 0, 'batch_size': 100, 'num_workers': 4, 'n_samples': 600}}
╭────────────────────────────────────────────────────────────────────────────────────────────────────────────────────────────────────────────────────────────────────────────────────────────────────────────────────────────────╮
│ Trial name          status       trainer/max_epochs     params/batch_size     params/num_workers     params/n_samples     ...pper/weight_decay     ...per/learning_rate     params/seed     iter     total time (s)       loss │
├────────────────────────────────────────────────────────────────────────────────────────────────────────────────────────────────────────────────────────────────────────────────────────────────────────────────────────────────┤
│ train_a1655_00000   RUNNING                     200                   100                      4                  600                      0.1                    0.001               0      121              684.5   0.230381 │
╰────────────────────────────────────────────────────────────────────────────────────────────────────────────────────────────────────────────────────────────────────────────────────────────────────────────────────────────────╯
Trial status: 1 RUNNING
Current time: 2024-03-25 18:02:21. Total running time: 12min 1s
Logical resource usage: 4.0/48 CPUs, 1.0/1 GPUs (0.0/1.0 accelerator_type:A100)
Current best trial: a1655_00000 with loss=0.22909030318260193 and params={'task_wrapper': {'weight_decay': 0.1, 'learning_rate': 0.001}, 'trainer': {'max_epochs': 200}, 'params': {'seed': 0, 'batch_size': 100, 'num_workers': 4, 'n_samples': 600}}
╭───────────────────────────────────────────────────────────────────────────────────────────────────────────────────────────────────────────────────────────────────────────────────────────────────────────────────────────────╮
│ Trial name          status       trainer/max_epochs     params/batch_size     params/num_workers     params/n_samples     ...pper/weight_decay     ...per/learning_rate     params/seed     iter     total time (s)      loss │
├───────────────────────────────────────────────────────────────────────────────────────────────────────────────────────────────────────────────────────────────────────────────────────────────────────────────────────────────┤
│ train_a1655_00000   RUNNING                     200                   100                      4                  600                      0.1                    0.001               0      126            712.376   0.22909 │
╰───────────────────────────────────────────────────────────────────────────────────────────────────────────────────────────────────────────────────────────────────────────────────────────────────────────────────────────────╯
Trial status: 1 RUNNING
Current time: 2024-03-25 18:02:51. Total running time: 12min 31s
Logical resource usage: 4.0/48 CPUs, 1.0/1 GPUs (0.0/1.0 accelerator_type:A100)
Current best trial: a1655_00000 with loss=0.22886984050273895 and params={'task_wrapper': {'weight_decay': 0.1, 'learning_rate': 0.001}, 'trainer': {'max_epochs': 200}, 'params': {'seed': 0, 'batch_size': 100, 'num_workers': 4, 'n_samples': 600}}
╭───────────────────────────────────────────────────────────────────────────────────────────────────────────────────────────────────────────────────────────────────────────────────────────────────────────────────────────────╮
│ Trial name          status       trainer/max_epochs     params/batch_size     params/num_workers     params/n_samples     ...pper/weight_decay     ...per/learning_rate     params/seed     iter     total time (s)      loss │
├───────────────────────────────────────────────────────────────────────────────────────────────────────────────────────────────────────────────────────────────────────────────────────────────────────────────────────────────┤
│ train_a1655_00000   RUNNING                     200                   100                      4                  600                      0.1                    0.001               0      132            745.845   0.22887 │
╰───────────────────────────────────────────────────────────────────────────────────────────────────────────────────────────────────────────────────────────────────────────────────────────────────────────────────────────────╯
Trial status: 1 RUNNING
Current time: 2024-03-25 18:03:21. Total running time: 13min 1s
Logical resource usage: 4.0/48 CPUs, 1.0/1 GPUs (0.0/1.0 accelerator_type:A100)
Current best trial: a1655_00000 with loss=0.22914177179336548 and params={'task_wrapper': {'weight_decay': 0.1, 'learning_rate': 0.001}, 'trainer': {'max_epochs': 200}, 'params': {'seed': 0, 'batch_size': 100, 'num_workers': 4, 'n_samples': 600}}
╭────────────────────────────────────────────────────────────────────────────────────────────────────────────────────────────────────────────────────────────────────────────────────────────────────────────────────────────────╮
│ Trial name          status       trainer/max_epochs     params/batch_size     params/num_workers     params/n_samples     ...pper/weight_decay     ...per/learning_rate     params/seed     iter     total time (s)       loss │
├────────────────────────────────────────────────────────────────────────────────────────────────────────────────────────────────────────────────────────────────────────────────────────────────────────────────────────────────┤
│ train_a1655_00000   RUNNING                     200                   100                      4                  600                      0.1                    0.001               0      137            773.773   0.229142 │
╰────────────────────────────────────────────────────────────────────────────────────────────────────────────────────────────────────────────────────────────────────────────────────────────────────────────────────────────────╯
Trial status: 1 RUNNING
Current time: 2024-03-25 18:03:51. Total running time: 13min 31s
Logical resource usage: 4.0/48 CPUs, 1.0/1 GPUs (0.0/1.0 accelerator_type:A100)
Current best trial: a1655_00000 with loss=0.2289419025182724 and params={'task_wrapper': {'weight_decay': 0.1, 'learning_rate': 0.001}, 'trainer': {'max_epochs': 200}, 'params': {'seed': 0, 'batch_size': 100, 'num_workers': 4, 'n_samples': 600}}
╭────────────────────────────────────────────────────────────────────────────────────────────────────────────────────────────────────────────────────────────────────────────────────────────────────────────────────────────────╮
│ Trial name          status       trainer/max_epochs     params/batch_size     params/num_workers     params/n_samples     ...pper/weight_decay     ...per/learning_rate     params/seed     iter     total time (s)       loss │
├────────────────────────────────────────────────────────────────────────────────────────────────────────────────────────────────────────────────────────────────────────────────────────────────────────────────────────────────┤
│ train_a1655_00000   RUNNING                     200                   100                      4                  600                      0.1                    0.001               0      142            801.858   0.228942 │
╰────────────────────────────────────────────────────────────────────────────────────────────────────────────────────────────────────────────────────────────────────────────────────────────────────────────────────────────────╯
Trial status: 1 RUNNING
Current time: 2024-03-25 18:04:21. Total running time: 14min 1s
Logical resource usage: 4.0/48 CPUs, 1.0/1 GPUs (0.0/1.0 accelerator_type:A100)
Current best trial: a1655_00000 with loss=0.22871750593185425 and params={'task_wrapper': {'weight_decay': 0.1, 'learning_rate': 0.001}, 'trainer': {'max_epochs': 200}, 'params': {'seed': 0, 'batch_size': 100, 'num_workers': 4, 'n_samples': 600}}
╭────────────────────────────────────────────────────────────────────────────────────────────────────────────────────────────────────────────────────────────────────────────────────────────────────────────────────────────────╮
│ Trial name          status       trainer/max_epochs     params/batch_size     params/num_workers     params/n_samples     ...pper/weight_decay     ...per/learning_rate     params/seed     iter     total time (s)       loss │
├────────────────────────────────────────────────────────────────────────────────────────────────────────────────────────────────────────────────────────────────────────────────────────────────────────────────────────────────┤
│ train_a1655_00000   RUNNING                     200                   100                      4                  600                      0.1                    0.001               0      148            835.351   0.228718 │
╰────────────────────────────────────────────────────────────────────────────────────────────────────────────────────────────────────────────────────────────────────────────────────────────────────────────────────────────────╯
Trial status: 1 RUNNING
Current time: 2024-03-25 18:04:51. Total running time: 14min 31s
Logical resource usage: 4.0/48 CPUs, 1.0/1 GPUs (0.0/1.0 accelerator_type:A100)
Current best trial: a1655_00000 with loss=0.22886186838150024 and params={'task_wrapper': {'weight_decay': 0.1, 'learning_rate': 0.001}, 'trainer': {'max_epochs': 200}, 'params': {'seed': 0, 'batch_size': 100, 'num_workers': 4, 'n_samples': 600}}
╭────────────────────────────────────────────────────────────────────────────────────────────────────────────────────────────────────────────────────────────────────────────────────────────────────────────────────────────────╮
│ Trial name          status       trainer/max_epochs     params/batch_size     params/num_workers     params/n_samples     ...pper/weight_decay     ...per/learning_rate     params/seed     iter     total time (s)       loss │
├────────────────────────────────────────────────────────────────────────────────────────────────────────────────────────────────────────────────────────────────────────────────────────────────────────────────────────────────┤
│ train_a1655_00000   RUNNING                     200                   100                      4                  600                      0.1                    0.001               0      153            863.262   0.228862 │
╰────────────────────────────────────────────────────────────────────────────────────────────────────────────────────────────────────────────────────────────────────────────────────────────────────────────────────────────────╯
Trial status: 1 RUNNING
Current time: 2024-03-25 18:05:21. Total running time: 15min 1s
Logical resource usage: 4.0/48 CPUs, 1.0/1 GPUs (0.0/1.0 accelerator_type:A100)
Current best trial: a1655_00000 with loss=0.22882141172885895 and params={'task_wrapper': {'weight_decay': 0.1, 'learning_rate': 0.001}, 'trainer': {'max_epochs': 200}, 'params': {'seed': 0, 'batch_size': 100, 'num_workers': 4, 'n_samples': 600}}
╭────────────────────────────────────────────────────────────────────────────────────────────────────────────────────────────────────────────────────────────────────────────────────────────────────────────────────────────────╮
│ Trial name          status       trainer/max_epochs     params/batch_size     params/num_workers     params/n_samples     ...pper/weight_decay     ...per/learning_rate     params/seed     iter     total time (s)       loss │
├────────────────────────────────────────────────────────────────────────────────────────────────────────────────────────────────────────────────────────────────────────────────────────────────────────────────────────────────┤
│ train_a1655_00000   RUNNING                     200                   100                      4                  600                      0.1                    0.001               0      158            891.139   0.228821 │
╰────────────────────────────────────────────────────────────────────────────────────────────────────────────────────────────────────────────────────────────────────────────────────────────────────────────────────────────────╯
Trial status: 1 RUNNING
Current time: 2024-03-25 18:05:51. Total running time: 15min 31s
Logical resource usage: 4.0/48 CPUs, 1.0/1 GPUs (0.0/1.0 accelerator_type:A100)
Current best trial: a1655_00000 with loss=0.2287372350692749 and params={'task_wrapper': {'weight_decay': 0.1, 'learning_rate': 0.001}, 'trainer': {'max_epochs': 200}, 'params': {'seed': 0, 'batch_size': 100, 'num_workers': 4, 'n_samples': 600}}
╭────────────────────────────────────────────────────────────────────────────────────────────────────────────────────────────────────────────────────────────────────────────────────────────────────────────────────────────────╮
│ Trial name          status       trainer/max_epochs     params/batch_size     params/num_workers     params/n_samples     ...pper/weight_decay     ...per/learning_rate     params/seed     iter     total time (s)       loss │
├────────────────────────────────────────────────────────────────────────────────────────────────────────────────────────────────────────────────────────────────────────────────────────────────────────────────────────────────┤
│ train_a1655_00000   RUNNING                     200                   100                      4                  600                      0.1                    0.001               0      164            924.584   0.228737 │
╰────────────────────────────────────────────────────────────────────────────────────────────────────────────────────────────────────────────────────────────────────────────────────────────────────────────────────────────────╯
Trial status: 1 RUNNING
Current time: 2024-03-25 18:06:21. Total running time: 16min 1s
Logical resource usage: 4.0/48 CPUs, 1.0/1 GPUs (0.0/1.0 accelerator_type:A100)
Current best trial: a1655_00000 with loss=0.22843317687511444 and params={'task_wrapper': {'weight_decay': 0.1, 'learning_rate': 0.001}, 'trainer': {'max_epochs': 200}, 'params': {'seed': 0, 'batch_size': 100, 'num_workers': 4, 'n_samples': 600}}
╭────────────────────────────────────────────────────────────────────────────────────────────────────────────────────────────────────────────────────────────────────────────────────────────────────────────────────────────────╮
│ Trial name          status       trainer/max_epochs     params/batch_size     params/num_workers     params/n_samples     ...pper/weight_decay     ...per/learning_rate     params/seed     iter     total time (s)       loss │
├────────────────────────────────────────────────────────────────────────────────────────────────────────────────────────────────────────────────────────────────────────────────────────────────────────────────────────────────┤
│ train_a1655_00000   RUNNING                     200                   100                      4                  600                      0.1                    0.001               0      169            952.532   0.228433 │
╰────────────────────────────────────────────────────────────────────────────────────────────────────────────────────────────────────────────────────────────────────────────────────────────────────────────────────────────────╯
Trial status: 1 RUNNING
Current time: 2024-03-25 18:06:51. Total running time: 16min 31s
Logical resource usage: 4.0/48 CPUs, 1.0/1 GPUs (0.0/1.0 accelerator_type:A100)
Current best trial: a1655_00000 with loss=0.22851532697677612 and params={'task_wrapper': {'weight_decay': 0.1, 'learning_rate': 0.001}, 'trainer': {'max_epochs': 200}, 'params': {'seed': 0, 'batch_size': 100, 'num_workers': 4, 'n_samples': 600}}
╭────────────────────────────────────────────────────────────────────────────────────────────────────────────────────────────────────────────────────────────────────────────────────────────────────────────────────────────────╮
│ Trial name          status       trainer/max_epochs     params/batch_size     params/num_workers     params/n_samples     ...pper/weight_decay     ...per/learning_rate     params/seed     iter     total time (s)       loss │
├────────────────────────────────────────────────────────────────────────────────────────────────────────────────────────────────────────────────────────────────────────────────────────────────────────────────────────────────┤
│ train_a1655_00000   RUNNING                     200                   100                      4                  600                      0.1                    0.001               0      175            985.941   0.228515 │
╰────────────────────────────────────────────────────────────────────────────────────────────────────────────────────────────────────────────────────────────────────────────────────────────────────────────────────────────────╯
Trial status: 1 RUNNING
Current time: 2024-03-25 18:07:21. Total running time: 17min 1s
Logical resource usage: 4.0/48 CPUs, 1.0/1 GPUs (0.0/1.0 accelerator_type:A100)
Current best trial: a1655_00000 with loss=0.22894656658172607 and params={'task_wrapper': {'weight_decay': 0.1, 'learning_rate': 0.001}, 'trainer': {'max_epochs': 200}, 'params': {'seed': 0, 'batch_size': 100, 'num_workers': 4, 'n_samples': 600}}
╭────────────────────────────────────────────────────────────────────────────────────────────────────────────────────────────────────────────────────────────────────────────────────────────────────────────────────────────────╮
│ Trial name          status       trainer/max_epochs     params/batch_size     params/num_workers     params/n_samples     ...pper/weight_decay     ...per/learning_rate     params/seed     iter     total time (s)       loss │
├────────────────────────────────────────────────────────────────────────────────────────────────────────────────────────────────────────────────────────────────────────────────────────────────────────────────────────────────┤
│ train_a1655_00000   RUNNING                     200                   100                      4                  600                      0.1                    0.001               0      180            1013.85   0.228947 │
╰────────────────────────────────────────────────────────────────────────────────────────────────────────────────────────────────────────────────────────────────────────────────────────────────────────────────────────────────╯
Trial status: 1 RUNNING
Current time: 2024-03-25 18:07:51. Total running time: 17min 32s
Logical resource usage: 4.0/48 CPUs, 1.0/1 GPUs (0.0/1.0 accelerator_type:A100)
Current best trial: a1655_00000 with loss=0.22851485013961792 and params={'task_wrapper': {'weight_decay': 0.1, 'learning_rate': 0.001}, 'trainer': {'max_epochs': 200}, 'params': {'seed': 0, 'batch_size': 100, 'num_workers': 4, 'n_samples': 600}}
╭────────────────────────────────────────────────────────────────────────────────────────────────────────────────────────────────────────────────────────────────────────────────────────────────────────────────────────────────╮
│ Trial name          status       trainer/max_epochs     params/batch_size     params/num_workers     params/n_samples     ...pper/weight_decay     ...per/learning_rate     params/seed     iter     total time (s)       loss │
├────────────────────────────────────────────────────────────────────────────────────────────────────────────────────────────────────────────────────────────────────────────────────────────────────────────────────────────────┤
│ train_a1655_00000   RUNNING                     200                   100                      4                  600                      0.1                    0.001               0      185            1041.88   0.228515 │
╰────────────────────────────────────────────────────────────────────────────────────────────────────────────────────────────────────────────────────────────────────────────────────────────────────────────────────────────────╯
Trial status: 1 RUNNING
Current time: 2024-03-25 18:08:22. Total running time: 18min 2s
Logical resource usage: 4.0/48 CPUs, 1.0/1 GPUs (0.0/1.0 accelerator_type:A100)
Current best trial: a1655_00000 with loss=0.2282966673374176 and params={'task_wrapper': {'weight_decay': 0.1, 'learning_rate': 0.001}, 'trainer': {'max_epochs': 200}, 'params': {'seed': 0, 'batch_size': 100, 'num_workers': 4, 'n_samples': 600}}
╭────────────────────────────────────────────────────────────────────────────────────────────────────────────────────────────────────────────────────────────────────────────────────────────────────────────────────────────────╮
│ Trial name          status       trainer/max_epochs     params/batch_size     params/num_workers     params/n_samples     ...pper/weight_decay     ...per/learning_rate     params/seed     iter     total time (s)       loss │
├────────────────────────────────────────────────────────────────────────────────────────────────────────────────────────────────────────────────────────────────────────────────────────────────────────────────────────────────┤
│ train_a1655_00000   RUNNING                     200                   100                      4                  600                      0.1                    0.001               0      191            1075.25   0.228297 │
╰────────────────────────────────────────────────────────────────────────────────────────────────────────────────────────────────────────────────────────────────────────────────────────────────────────────────────────────────╯
Trial status: 1 RUNNING
Current time: 2024-03-25 18:08:52. Total running time: 18min 32s
Logical resource usage: 4.0/48 CPUs, 1.0/1 GPUs (0.0/1.0 accelerator_type:A100)
Current best trial: a1655_00000 with loss=0.22832545638084412 and params={'task_wrapper': {'weight_decay': 0.1, 'learning_rate': 0.001}, 'trainer': {'max_epochs': 200}, 'params': {'seed': 0, 'batch_size': 100, 'num_workers': 4, 'n_samples': 600}}
╭────────────────────────────────────────────────────────────────────────────────────────────────────────────────────────────────────────────────────────────────────────────────────────────────────────────────────────────────╮
│ Trial name          status       trainer/max_epochs     params/batch_size     params/num_workers     params/n_samples     ...pper/weight_decay     ...per/learning_rate     params/seed     iter     total time (s)       loss │
├────────────────────────────────────────────────────────────────────────────────────────────────────────────────────────────────────────────────────────────────────────────────────────────────────────────────────────────────┤
│ train_a1655_00000   RUNNING                     200                   100                      4                  600                      0.1                    0.001               0      196            1103.16   0.228325 │
╰────────────────────────────────────────────────────────────────────────────────────────────────────────────────────────────────────────────────────────────────────────────────────────────────────────────────────────────────╯

Trial train_a1655_00000 errored after 200 iterations at 2024-03-25 18:09:14. Total running time: 18min 54s
Error file: /home/ad2002/ray_results/train_2024-03-25_17-50-19/0_batch_size=100,n_samples=600,num_workers=4,seed=0,learning_rate=0.0010,weight_decay=0.1000,max_epochs=200/error.txt
╭────────────────────────────────────────────╮
│ Trial train_a1655_00000 result             │
├────────────────────────────────────────────┤
│ checkpoint_dir_name                        │
│ time_this_iter_s                   5.58425 │
│ time_total_s                       1125.52 │
│ training_iteration                     200 │
│ loss                               0.22806 │
╰────────────────────────────────────────────╯

Trial status: 1 ERROR
Current time: 2024-03-25 18:09:14. Total running time: 18min 54s
Logical resource usage: 4.0/48 CPUs, 1.0/1 GPUs (0.0/1.0 accelerator_type:A100)
Current best trial: a1655_00000 with loss=0.22806291282176971 and params={'task_wrapper': {'weight_decay': 0.1, 'learning_rate': 0.001}, 'trainer': {'max_epochs': 200}, 'params': {'seed': 0, 'batch_size': 100, 'num_workers': 4, 'n_samples': 600}}
╭────────────────────────────────────────────────────────────────────────────────────────────────────────────────────────────────────────────────────────────────────────────────────────────────────────────────────────────────╮
│ Trial name          status       trainer/max_epochs     params/batch_size     params/num_workers     params/n_samples     ...pper/weight_decay     ...per/learning_rate     params/seed     iter     total time (s)       loss │
├────────────────────────────────────────────────────────────────────────────────────────────────────────────────────────────────────────────────────────────────────────────────────────────────────────────────────────────────┤
│ train_a1655_00000   ERROR                       200                   100                      4                  600                      0.1                    0.001               0      200            1125.52   0.228063 │
╰────────────────────────────────────────────────────────────────────────────────────────────────────────────────────────────────────────────────────────────────────────────────────────────────────────────────────────────────╯

Number of errored trials: 1
╭─────────────────────────────────────────────────────────────────────────────────────────────────────────────────────────────────────────────────────────────────────────────────────────────────────────────╮
│ Trial name            # failures   error file                                                                                                                                                               │
├─────────────────────────────────────────────────────────────────────────────────────────────────────────────────────────────────────────────────────────────────────────────────────────────────────────────┤
│ train_a1655_00000              1   /home/ad2002/ray_results/train_2024-03-25_17-50-19/0_batch_size=100,n_samples=600,num_workers=4,seed=0,learning_rate=0.0010,weight_decay=0.1000,max_epochs=200/error.txt │
╰─────────────────────────────────────────────────────────────────────────────────────────────────────────────────────────────────────────────────────────────────────────────────────────────────────────────╯

Traceback (most recent call last):
  File "/home/ad2002/gnode/examples/run_task_training.py", line 140, in <module>
    main(
  File "/home/ad2002/gnode/examples/run_task_training.py", line 117, in main
    tune.run(
  File "/home/ad2002/.conda/envs/gnode/lib/python3.10/site-packages/ray/tune/tune.py", line 1036, in run
    raise TuneError("Trials did not complete", incomplete_trials)
ray.tune.error.TuneError: ('Trials did not complete', [train_a1655_00000])
