2024-04-08 22:00:22,537	INFO worker.py:1724 -- Started a local Ray instance.
2024-04-08 22:00:45,754	INFO tune.py:220 -- Initializing Ray automatically. For cluster usage or custom Ray initialization, call `ray.init(...)` before `tune.run(...)`.
2024-04-08 22:00:45,756	INFO tune.py:592 -- [output] This will use the new output engine with verbosity 1. To disable the new output and use the legacy output engine, set the environment variable RAY_AIR_NEW_OUTPUT=0. For more information, please see https://github.com/ray-project/ray/issues/36949
2024-04-08 22:00:45,777	WARNING tune.py:916 -- AIR_VERBOSITY is set, ignoring passed-in ProgressReporter for now.
[36m(train pid=3929811)[0m /home/ad2002/gnode/ctd/task_modeling/task_train_prep.py:46: UserWarning: 
[36m(train pid=3929811)[0m The version_base parameter is not specified.
[36m(train pid=3929811)[0m Please specify a compatability version level, or None.
[36m(train pid=3929811)[0m Will assume defaults for version 1.1
[36m(train pid=3929811)[0m   with hydra.initialize(
[36m(train pid=3929811)[0m /home/ad2002/gnode/ctd/task_modeling/task_train_prep.py:46: UserWarning: 
[36m(train pid=3929811)[0m The version_base parameter is not specified.
[36m(train pid=3929811)[0m Please specify a compatability version level, or None.
[36m(train pid=3929811)[0m Will assume defaults for version 1.1
[36m(train pid=3929811)[0m   with hydra.initialize(
[36m(train pid=3929811)[0m [rank: 0] Seed set to 0
[36m(train pid=3929811)[0m /home/ad2002/.conda/envs/gnode/lib/python3.10/site-packages/ray/tune/integration/pytorch_lightning.py:194: `ray.tune.integration.pytorch_lightning.TuneReportCallback` is deprecated. Use `ray.tune.integration.pytorch_lightning.TuneReportCheckpointCallback` instead.
[36m(train pid=3929811)[0m GPU available: True (cuda), used: True
[36m(train pid=3929811)[0m TPU available: False, using: 0 TPU cores
[36m(train pid=3929811)[0m IPU available: False, using: 0 IPUs
[36m(train pid=3929811)[0m HPU available: False, using: 0 HPUs
[36m(train pid=3929811)[0m /home/ad2002/.conda/envs/gnode/lib/python3.10/site-packages/lightning_fabric/loggers/csv_logs.py:198: Experiment logs directory ./ exists and is not empty. Previous log files in this directory will be deleted when the new ones are saved!
[36m(train pid=3929811)[0m /home/ad2002/.conda/envs/gnode/lib/python3.10/site-packages/pytorch_lightning/callbacks/model_checkpoint.py:639: Checkpoint directory /home/ad2002/ray_results/train_2024-04-08_22-00-45/0_latent_size=2,layer_hidden_size=100,num_layers=3,batch_size=256,n_samples=500,num_workers=1,seed=0,learning_rate=0.0010,weight_decay=0.0000,log_every_n_steps=2,max_epochs=10 exists and is not empty.
[36m(train pid=3929811)[0m LOCAL_RANK: 0 - CUDA_VISIBLE_DEVICES: [0]
[36m(train pid=3929811)[0m 
[36m(train pid=3929811)[0m   | Name  | Type | Params
[36m(train pid=3929811)[0m -------------------------------
[36m(train pid=3929811)[0m 0 | model | NODE | 21.4 K
[36m(train pid=3929811)[0m -------------------------------
[36m(train pid=3929811)[0m 21.4 K    Trainable params
[36m(train pid=3929811)[0m 0         Non-trainable params
[36m(train pid=3929811)[0m 21.4 K    Total params
[36m(train pid=3929811)[0m 0.086     Total estimated model params size (MB)
[36m(train pid=3929811)[0m SLURM auto-requeueing enabled. Setting signal handlers.
[36m(train pid=3929811)[0m /home/ad2002/.conda/envs/gnode/lib/python3.10/site-packages/torch/utils/data/dataloader.py:554: UserWarning: This DataLoader will create 4 worker processes in total. Our suggested max number of worker in current system is 1, which is smaller than what this DataLoader is going to create. Please be aware that excessive worker creation might get DataLoader running slow or even freeze, lower the worker number to avoid potential slowness/freeze if necessary.
[36m(train pid=3929811)[0m   warnings.warn(_create_warning_msg(
[36m(train pid=3929811)[0m `Trainer.fit` stopped: `max_epochs=10` reached.
[36m(train pid=3934918)[0m /home/ad2002/gnode/ctd/task_modeling/task_train_prep.py:46: UserWarning: 
[36m(train pid=3934918)[0m The version_base parameter is not specified.
[36m(train pid=3934918)[0m Please specify a compatability version level, or None.
[36m(train pid=3934918)[0m Will assume defaults for version 1.1
[36m(train pid=3934918)[0m   with hydra.initialize(
[36m(train pid=3934918)[0m /home/ad2002/gnode/ctd/task_modeling/task_train_prep.py:46: UserWarning: 
[36m(train pid=3934918)[0m The version_base parameter is not specified.
[36m(train pid=3934918)[0m Please specify a compatability version level, or None.
[36m(train pid=3934918)[0m Will assume defaults for version 1.1
[36m(train pid=3934918)[0m   with hydra.initialize(
[36m(train pid=3934918)[0m [rank: 0] Seed set to 0
[36m(train pid=3934918)[0m /home/ad2002/.conda/envs/gnode/lib/python3.10/site-packages/ray/tune/integration/pytorch_lightning.py:194: `ray.tune.integration.pytorch_lightning.TuneReportCallback` is deprecated. Use `ray.tune.integration.pytorch_lightning.TuneReportCheckpointCallback` instead.
[36m(train pid=3934918)[0m GPU available: True (cuda), used: True
[36m(train pid=3934918)[0m TPU available: False, using: 0 TPU cores
[36m(train pid=3934918)[0m IPU available: False, using: 0 IPUs
[36m(train pid=3934918)[0m HPU available: False, using: 0 HPUs
[36m(train pid=3934918)[0m /home/ad2002/.conda/envs/gnode/lib/python3.10/site-packages/lightning_fabric/loggers/csv_logs.py:198: Experiment logs directory ./ exists and is not empty. Previous log files in this directory will be deleted when the new ones are saved!
[36m(train pid=3934918)[0m /home/ad2002/.conda/envs/gnode/lib/python3.10/site-packages/pytorch_lightning/callbacks/model_checkpoint.py:639: Checkpoint directory /home/ad2002/ray_results/train_2024-04-08_22-00-45/1_latent_size=3,layer_hidden_size=100,num_layers=3,batch_size=256,n_samples=500,num_workers=1,seed=0,learning_rate=0.0010,weight_decay=0.0000,log_every_n_steps=2,max_epochs=10 exists and is not empty.
[36m(train pid=3934918)[0m LOCAL_RANK: 0 - CUDA_VISIBLE_DEVICES: [0]
[36m(train pid=3934918)[0m 
[36m(train pid=3934918)[0m   | Name  | Type | Params
[36m(train pid=3934918)[0m -------------------------------
[36m(train pid=3934918)[0m 0 | model | NODE | 21.8 K
[36m(train pid=3934918)[0m -------------------------------
[36m(train pid=3934918)[0m 21.8 K    Trainable params
[36m(train pid=3934918)[0m 0         Non-trainable params
[36m(train pid=3934918)[0m 21.8 K    Total params
[36m(train pid=3934918)[0m 0.087     Total estimated model params size (MB)
[36m(train pid=3934918)[0m SLURM auto-requeueing enabled. Setting signal handlers.
[36m(train pid=3934918)[0m /home/ad2002/.conda/envs/gnode/lib/python3.10/site-packages/torch/utils/data/dataloader.py:554: UserWarning: This DataLoader will create 4 worker processes in total. Our suggested max number of worker in current system is 1, which is smaller than what this DataLoader is going to create. Please be aware that excessive worker creation might get DataLoader running slow or even freeze, lower the worker number to avoid potential slowness/freeze if necessary.
[36m(train pid=3934918)[0m   warnings.warn(_create_warning_msg(
[36m(train pid=3934918)[0m `Trainer.fit` stopped: `max_epochs=10` reached.
╭──────────────────────────────────────────────────────────────╮
│ Configuration for experiment     train_2024-04-08_22-00-45   │
├──────────────────────────────────────────────────────────────┤
│ Search algorithm                 BasicVariantGenerator       │
│ Scheduler                        FIFOScheduler               │
│ Number of trials                 2                           │
╰──────────────────────────────────────────────────────────────╯

View detailed results here: /scratch/network/ad2002/content/runs/task-trained/20240408_NODE_OBS_Testwsim/train_2024-04-08_22-00-45
To visualize your results with TensorBoard, run: `tensorboard --logdir /home/ad2002/ray_results/train_2024-04-08_22-00-45`

Trial status: 2 PENDING
Current time: 2024-04-08 22:00:45. Total running time: 0s
Logical resource usage: 0/56 CPUs, 0/1 GPUs (0.0/1.0 accelerator_type:V100)
╭──────────────────────────────────────────────────────────────────────────────────────────────────────────────────────────────────────────────────────────────────────────────────────────────────────────────────────────────────────────────────────────────────────────────────────╮
│ Trial name          status       trainer/max_epochs     ...log_every_n_steps     params/batch_size     params/num_workers     params/n_samples     model/latent_size     ...layer_hidden_size     model/num_layers     ...pper/weight_decay     ...per/learning_rate     params/seed │
├──────────────────────────────────────────────────────────────────────────────────────────────────────────────────────────────────────────────────────────────────────────────────────────────────────────────────────────────────────────────────────────────────────────────────────┤
│ train_eaa6e_00000   PENDING                      10                        2                   256                      1                  500                     2                      100                    3                    1e-08                    0.001               0 │
│ train_eaa6e_00001   PENDING                      10                        2                   256                      1                  500                     3                      100                    3                    1e-08                    0.001               0 │
╰──────────────────────────────────────────────────────────────────────────────────────────────────────────────────────────────────────────────────────────────────────────────────────────────────────────────────────────────────────────────────────────────────────────────────────╯

Trial train_eaa6e_00000 started with configuration:
╭──────────────────────────────────────────╮
│ Trial train_eaa6e_00000 config           │
├──────────────────────────────────────────┤
│ model/latent_size                      2 │
│ model/layer_hidden_size              100 │
│ model/num_layers                       3 │
│ params/batch_size                    256 │
│ params/n_samples                     500 │
│ params/num_workers                     1 │
│ params/seed                            0 │
│ task_wrapper/learning_rate         0.001 │
│ task_wrapper/weight_decay          1e-08 │
│ trainer/log_every_n_steps              2 │
│ trainer/max_epochs                    10 │
╰──────────────────────────────────────────╯

Trial status: 1 RUNNING | 1 PENDING
Current time: 2024-04-08 22:01:15. Total running time: 30s
Logical resource usage: 4.0/56 CPUs, 1.0/1 GPUs (0.0/1.0 accelerator_type:V100)
╭──────────────────────────────────────────────────────────────────────────────────────────────────────────────────────────────────────────────────────────────────────────────────────────────────────────────────────────────────────────────────────────────────────────────────────╮
│ Trial name          status       trainer/max_epochs     ...log_every_n_steps     params/batch_size     params/num_workers     params/n_samples     model/latent_size     ...layer_hidden_size     model/num_layers     ...pper/weight_decay     ...per/learning_rate     params/seed │
├──────────────────────────────────────────────────────────────────────────────────────────────────────────────────────────────────────────────────────────────────────────────────────────────────────────────────────────────────────────────────────────────────────────────────────┤
│ train_eaa6e_00000   RUNNING                      10                        2                   256                      1                  500                     2                      100                    3                    1e-08                    0.001               0 │
│ train_eaa6e_00001   PENDING                      10                        2                   256                      1                  500                     3                      100                    3                    1e-08                    0.001               0 │
╰──────────────────────────────────────────────────────────────────────────────────────────────────────────────────────────────────────────────────────────────────────────────────────────────────────────────────────────────────────────────────────────────────────────────────────╯
Trial status: 1 RUNNING | 1 PENDING
Current time: 2024-04-08 22:01:46. Total running time: 1min 0s
Logical resource usage: 4.0/56 CPUs, 1.0/1 GPUs (0.0/1.0 accelerator_type:V100)
Current best trial: eaa6e_00000 with loss=0.9074488878250122 and params={'model': {'latent_size': 2, 'layer_hidden_size': 100, 'num_layers': 3}, 'task_wrapper': {'weight_decay': 1e-08, 'learning_rate': 0.001}, 'trainer': {'max_epochs': 10, 'log_every_n_steps': 2}, 'params': {'seed': 0, 'batch_size': 256, 'num_workers': 1, 'n_samples': 500}}
╭─────────────────────────────────────────────────────────────────────────────────────────────────────────────────────────────────────────────────────────────────────────────────────────────────────────────────────────────────────────────────────────────────────────────────────────────────────────────────────────────╮
│ Trial name          status       trainer/max_epochs     ...log_every_n_steps     params/batch_size     params/num_workers     params/n_samples     model/latent_size     ...layer_hidden_size     model/num_layers     ...pper/weight_decay     ...per/learning_rate     params/seed     iter     total time (s)       loss │
├─────────────────────────────────────────────────────────────────────────────────────────────────────────────────────────────────────────────────────────────────────────────────────────────────────────────────────────────────────────────────────────────────────────────────────────────────────────────────────────────┤
│ train_eaa6e_00000   RUNNING                      10                        2                   256                      1                  500                     2                      100                    3                    1e-08                    0.001               0        3             50.186   0.907449 │
│ train_eaa6e_00001   PENDING                      10                        2                   256                      1                  500                     3                      100                    3                    1e-08                    0.001               0                                        │
╰─────────────────────────────────────────────────────────────────────────────────────────────────────────────────────────────────────────────────────────────────────────────────────────────────────────────────────────────────────────────────────────────────────────────────────────────────────────────────────────────╯
Trial status: 1 RUNNING | 1 PENDING
Current time: 2024-04-08 22:02:16. Total running time: 1min 30s
Logical resource usage: 4.0/56 CPUs, 1.0/1 GPUs (0.0/1.0 accelerator_type:V100)
Current best trial: eaa6e_00000 with loss=0.884280800819397 and params={'model': {'latent_size': 2, 'layer_hidden_size': 100, 'num_layers': 3}, 'task_wrapper': {'weight_decay': 1e-08, 'learning_rate': 0.001}, 'trainer': {'max_epochs': 10, 'log_every_n_steps': 2}, 'params': {'seed': 0, 'batch_size': 256, 'num_workers': 1, 'n_samples': 500}}
╭─────────────────────────────────────────────────────────────────────────────────────────────────────────────────────────────────────────────────────────────────────────────────────────────────────────────────────────────────────────────────────────────────────────────────────────────────────────────────────────────╮
│ Trial name          status       trainer/max_epochs     ...log_every_n_steps     params/batch_size     params/num_workers     params/n_samples     model/latent_size     ...layer_hidden_size     model/num_layers     ...pper/weight_decay     ...per/learning_rate     params/seed     iter     total time (s)       loss │
├─────────────────────────────────────────────────────────────────────────────────────────────────────────────────────────────────────────────────────────────────────────────────────────────────────────────────────────────────────────────────────────────────────────────────────────────────────────────────────────────┤
│ train_eaa6e_00000   RUNNING                      10                        2                   256                      1                  500                     2                      100                    3                    1e-08                    0.001               0        6            81.3529   0.884281 │
│ train_eaa6e_00001   PENDING                      10                        2                   256                      1                  500                     3                      100                    3                    1e-08                    0.001               0                                        │
╰─────────────────────────────────────────────────────────────────────────────────────────────────────────────────────────────────────────────────────────────────────────────────────────────────────────────────────────────────────────────────────────────────────────────────────────────────────────────────────────────╯
Trial status: 1 RUNNING | 1 PENDING
Current time: 2024-04-08 22:02:46. Total running time: 2min 0s
Logical resource usage: 4.0/56 CPUs, 1.0/1 GPUs (0.0/1.0 accelerator_type:V100)
Current best trial: eaa6e_00000 with loss=0.8766852021217346 and params={'model': {'latent_size': 2, 'layer_hidden_size': 100, 'num_layers': 3}, 'task_wrapper': {'weight_decay': 1e-08, 'learning_rate': 0.001}, 'trainer': {'max_epochs': 10, 'log_every_n_steps': 2}, 'params': {'seed': 0, 'batch_size': 256, 'num_workers': 1, 'n_samples': 500}}
╭─────────────────────────────────────────────────────────────────────────────────────────────────────────────────────────────────────────────────────────────────────────────────────────────────────────────────────────────────────────────────────────────────────────────────────────────────────────────────────────────╮
│ Trial name          status       trainer/max_epochs     ...log_every_n_steps     params/batch_size     params/num_workers     params/n_samples     model/latent_size     ...layer_hidden_size     model/num_layers     ...pper/weight_decay     ...per/learning_rate     params/seed     iter     total time (s)       loss │
├─────────────────────────────────────────────────────────────────────────────────────────────────────────────────────────────────────────────────────────────────────────────────────────────────────────────────────────────────────────────────────────────────────────────────────────────────────────────────────────────┤
│ train_eaa6e_00000   RUNNING                      10                        2                   256                      1                  500                     2                      100                    3                    1e-08                    0.001               0        9            114.222   0.876685 │
│ train_eaa6e_00001   PENDING                      10                        2                   256                      1                  500                     3                      100                    3                    1e-08                    0.001               0                                        │
╰─────────────────────────────────────────────────────────────────────────────────────────────────────────────────────────────────────────────────────────────────────────────────────────────────────────────────────────────────────────────────────────────────────────────────────────────────────────────────────────────╯

Trial train_eaa6e_00000 completed after 10 iterations at 2024-04-08 22:03:11. Total running time: 2min 26s
╭────────────────────────────────────────────╮
│ Trial train_eaa6e_00000 result             │
├────────────────────────────────────────────┤
│ checkpoint_dir_name                        │
│ time_this_iter_s                   10.4069 │
│ time_total_s                       124.629 │
│ training_iteration                      10 │
│ loss                               0.87473 │
╰────────────────────────────────────────────╯

Trial status: 1 TERMINATED | 1 PENDING
Current time: 2024-04-08 22:03:16. Total running time: 2min 30s
Logical resource usage: 4.0/56 CPUs, 1.0/1 GPUs (0.0/1.0 accelerator_type:V100)
Current best trial: eaa6e_00000 with loss=0.874733567237854 and params={'model': {'latent_size': 2, 'layer_hidden_size': 100, 'num_layers': 3}, 'task_wrapper': {'weight_decay': 1e-08, 'learning_rate': 0.001}, 'trainer': {'max_epochs': 10, 'log_every_n_steps': 2}, 'params': {'seed': 0, 'batch_size': 256, 'num_workers': 1, 'n_samples': 500}}
╭───────────────────────────────────────────────────────────────────────────────────────────────────────────────────────────────────────────────────────────────────────────────────────────────────────────────────────────────────────────────────────────────────────────────────────────────────────────────────────────────╮
│ Trial name          status         trainer/max_epochs     ...log_every_n_steps     params/batch_size     params/num_workers     params/n_samples     model/latent_size     ...layer_hidden_size     model/num_layers     ...pper/weight_decay     ...per/learning_rate     params/seed     iter     total time (s)       loss │
├───────────────────────────────────────────────────────────────────────────────────────────────────────────────────────────────────────────────────────────────────────────────────────────────────────────────────────────────────────────────────────────────────────────────────────────────────────────────────────────────┤
│ train_eaa6e_00000   TERMINATED                     10                        2                   256                      1                  500                     2                      100                    3                    1e-08                    0.001               0       10            124.629   0.874734 │
│ train_eaa6e_00001   PENDING                        10                        2                   256                      1                  500                     3                      100                    3                    1e-08                    0.001               0                                        │
╰───────────────────────────────────────────────────────────────────────────────────────────────────────────────────────────────────────────────────────────────────────────────────────────────────────────────────────────────────────────────────────────────────────────────────────────────────────────────────────────────╯

Trial train_eaa6e_00001 started with configuration:
╭──────────────────────────────────────────╮
│ Trial train_eaa6e_00001 config           │
├──────────────────────────────────────────┤
│ model/latent_size                      3 │
│ model/layer_hidden_size              100 │
│ model/num_layers                       3 │
│ params/batch_size                    256 │
│ params/n_samples                     500 │
│ params/num_workers                     1 │
│ params/seed                            0 │
│ task_wrapper/learning_rate         0.001 │
│ task_wrapper/weight_decay          1e-08 │
│ trainer/log_every_n_steps              2 │
│ trainer/max_epochs                    10 │
╰──────────────────────────────────────────╯

Trial status: 1 TERMINATED | 1 RUNNING
Current time: 2024-04-08 22:03:46. Total running time: 3min 0s
Logical resource usage: 4.0/56 CPUs, 1.0/1 GPUs (0.0/1.0 accelerator_type:V100)
Current best trial: eaa6e_00000 with loss=0.874733567237854 and params={'model': {'latent_size': 2, 'layer_hidden_size': 100, 'num_layers': 3}, 'task_wrapper': {'weight_decay': 1e-08, 'learning_rate': 0.001}, 'trainer': {'max_epochs': 10, 'log_every_n_steps': 2}, 'params': {'seed': 0, 'batch_size': 256, 'num_workers': 1, 'n_samples': 500}}
╭───────────────────────────────────────────────────────────────────────────────────────────────────────────────────────────────────────────────────────────────────────────────────────────────────────────────────────────────────────────────────────────────────────────────────────────────────────────────────────────────╮
│ Trial name          status         trainer/max_epochs     ...log_every_n_steps     params/batch_size     params/num_workers     params/n_samples     model/latent_size     ...layer_hidden_size     model/num_layers     ...pper/weight_decay     ...per/learning_rate     params/seed     iter     total time (s)       loss │
├───────────────────────────────────────────────────────────────────────────────────────────────────────────────────────────────────────────────────────────────────────────────────────────────────────────────────────────────────────────────────────────────────────────────────────────────────────────────────────────────┤
│ train_eaa6e_00001   RUNNING                        10                        2                   256                      1                  500                     3                      100                    3                    1e-08                    0.001               0        1            26.9412   0.977763 │
│ train_eaa6e_00000   TERMINATED                     10                        2                   256                      1                  500                     2                      100                    3                    1e-08                    0.001               0       10           124.629    0.874734 │
╰───────────────────────────────────────────────────────────────────────────────────────────────────────────────────────────────────────────────────────────────────────────────────────────────────────────────────────────────────────────────────────────────────────────────────────────────────────────────────────────────╯
Trial status: 1 TERMINATED | 1 RUNNING
Current time: 2024-04-08 22:04:16. Total running time: 3min 30s
Logical resource usage: 4.0/56 CPUs, 1.0/1 GPUs (0.0/1.0 accelerator_type:V100)
Current best trial: eaa6e_00001 with loss=0.8732908368110657 and params={'model': {'latent_size': 3, 'layer_hidden_size': 100, 'num_layers': 3}, 'task_wrapper': {'weight_decay': 1e-08, 'learning_rate': 0.001}, 'trainer': {'max_epochs': 10, 'log_every_n_steps': 2}, 'params': {'seed': 0, 'batch_size': 256, 'num_workers': 1, 'n_samples': 500}}
╭───────────────────────────────────────────────────────────────────────────────────────────────────────────────────────────────────────────────────────────────────────────────────────────────────────────────────────────────────────────────────────────────────────────────────────────────────────────────────────────────╮
│ Trial name          status         trainer/max_epochs     ...log_every_n_steps     params/batch_size     params/num_workers     params/n_samples     model/latent_size     ...layer_hidden_size     model/num_layers     ...pper/weight_decay     ...per/learning_rate     params/seed     iter     total time (s)       loss │
├───────────────────────────────────────────────────────────────────────────────────────────────────────────────────────────────────────────────────────────────────────────────────────────────────────────────────────────────────────────────────────────────────────────────────────────────────────────────────────────────┤
│ train_eaa6e_00001   RUNNING                        10                        2                   256                      1                  500                     3                      100                    3                    1e-08                    0.001               0        4            57.9953   0.873291 │
│ train_eaa6e_00000   TERMINATED                     10                        2                   256                      1                  500                     2                      100                    3                    1e-08                    0.001               0       10           124.629    0.874734 │
╰───────────────────────────────────────────────────────────────────────────────────────────────────────────────────────────────────────────────────────────────────────────────────────────────────────────────────────────────────────────────────────────────────────────────────────────────────────────────────────────────╯
Trial status: 1 TERMINATED | 1 RUNNING
Current time: 2024-04-08 22:04:46. Total running time: 4min 0s
Logical resource usage: 4.0/56 CPUs, 1.0/1 GPUs (0.0/1.0 accelerator_type:V100)
Current best trial: eaa6e_00001 with loss=0.8611736297607422 and params={'model': {'latent_size': 3, 'layer_hidden_size': 100, 'num_layers': 3}, 'task_wrapper': {'weight_decay': 1e-08, 'learning_rate': 0.001}, 'trainer': {'max_epochs': 10, 'log_every_n_steps': 2}, 'params': {'seed': 0, 'batch_size': 256, 'num_workers': 1, 'n_samples': 500}}
╭───────────────────────────────────────────────────────────────────────────────────────────────────────────────────────────────────────────────────────────────────────────────────────────────────────────────────────────────────────────────────────────────────────────────────────────────────────────────────────────────╮
│ Trial name          status         trainer/max_epochs     ...log_every_n_steps     params/batch_size     params/num_workers     params/n_samples     model/latent_size     ...layer_hidden_size     model/num_layers     ...pper/weight_decay     ...per/learning_rate     params/seed     iter     total time (s)       loss │
├───────────────────────────────────────────────────────────────────────────────────────────────────────────────────────────────────────────────────────────────────────────────────────────────────────────────────────────────────────────────────────────────────────────────────────────────────────────────────────────────┤
│ train_eaa6e_00001   RUNNING                        10                        2                   256                      1                  500                     3                      100                    3                    1e-08                    0.001               0        6            78.9983   0.861174 │
│ train_eaa6e_00000   TERMINATED                     10                        2                   256                      1                  500                     2                      100                    3                    1e-08                    0.001               0       10           124.629    0.874734 │
╰───────────────────────────────────────────────────────────────────────────────────────────────────────────────────────────────────────────────────────────────────────────────────────────────────────────────────────────────────────────────────────────────────────────────────────────────────────────────────────────────╯
Trial status: 1 TERMINATED | 1 RUNNING
Current time: 2024-04-08 22:05:16. Total running time: 4min 30s
Logical resource usage: 4.0/56 CPUs, 1.0/1 GPUs (0.0/1.0 accelerator_type:V100)
Current best trial: eaa6e_00001 with loss=0.8364450335502625 and params={'model': {'latent_size': 3, 'layer_hidden_size': 100, 'num_layers': 3}, 'task_wrapper': {'weight_decay': 1e-08, 'learning_rate': 0.001}, 'trainer': {'max_epochs': 10, 'log_every_n_steps': 2}, 'params': {'seed': 0, 'batch_size': 256, 'num_workers': 1, 'n_samples': 500}}
╭───────────────────────────────────────────────────────────────────────────────────────────────────────────────────────────────────────────────────────────────────────────────────────────────────────────────────────────────────────────────────────────────────────────────────────────────────────────────────────────────╮
│ Trial name          status         trainer/max_epochs     ...log_every_n_steps     params/batch_size     params/num_workers     params/n_samples     model/latent_size     ...layer_hidden_size     model/num_layers     ...pper/weight_decay     ...per/learning_rate     params/seed     iter     total time (s)       loss │
├───────────────────────────────────────────────────────────────────────────────────────────────────────────────────────────────────────────────────────────────────────────────────────────────────────────────────────────────────────────────────────────────────────────────────────────────────────────────────────────────┤
│ train_eaa6e_00001   RUNNING                        10                        2                   256                      1                  500                     3                      100                    3                    1e-08                    0.001               0        9            111.172   0.836445 │
│ train_eaa6e_00000   TERMINATED                     10                        2                   256                      1                  500                     2                      100                    3                    1e-08                    0.001               0       10            124.629   0.874734 │
╰───────────────────────────────────────────────────────────────────────────────────────────────────────────────────────────────────────────────────────────────────────────────────────────────────────────────────────────────────────────────────────────────────────────────────────────────────────────────────────────────╯

Trial train_eaa6e_00001 completed after 10 iterations at 2024-04-08 22:05:35. Total running time: 4min 49s
╭────────────────────────────────────────────╮
│ Trial train_eaa6e_00001 result             │
├────────────────────────────────────────────┤
│ checkpoint_dir_name                        │
│ time_this_iter_s                   10.8625 │
│ time_total_s                       122.034 │
│ training_iteration                      10 │
│ loss                               0.80572 │
╰────────────────────────────────────────────╯

Trial status: 2 TERMINATED
Current time: 2024-04-08 22:05:35. Total running time: 4min 49s
Logical resource usage: 4.0/56 CPUs, 1.0/1 GPUs (0.0/1.0 accelerator_type:V100)
Current best trial: eaa6e_00001 with loss=0.8057228326797485 and params={'model': {'latent_size': 3, 'layer_hidden_size': 100, 'num_layers': 3}, 'task_wrapper': {'weight_decay': 1e-08, 'learning_rate': 0.001}, 'trainer': {'max_epochs': 10, 'log_every_n_steps': 2}, 'params': {'seed': 0, 'batch_size': 256, 'num_workers': 1, 'n_samples': 500}}
╭───────────────────────────────────────────────────────────────────────────────────────────────────────────────────────────────────────────────────────────────────────────────────────────────────────────────────────────────────────────────────────────────────────────────────────────────────────────────────────────────╮
│ Trial name          status         trainer/max_epochs     ...log_every_n_steps     params/batch_size     params/num_workers     params/n_samples     model/latent_size     ...layer_hidden_size     model/num_layers     ...pper/weight_decay     ...per/learning_rate     params/seed     iter     total time (s)       loss │
├───────────────────────────────────────────────────────────────────────────────────────────────────────────────────────────────────────────────────────────────────────────────────────────────────────────────────────────────────────────────────────────────────────────────────────────────────────────────────────────────┤
│ train_eaa6e_00000   TERMINATED                     10                        2                   256                      1                  500                     2                      100                    3                    1e-08                    0.001               0       10            124.629   0.874734 │
│ train_eaa6e_00001   TERMINATED                     10                        2                   256                      1                  500                     3                      100                    3                    1e-08                    0.001               0       10            122.034   0.805723 │
╰───────────────────────────────────────────────────────────────────────────────────────────────────────────────────────────────────────────────────────────────────────────────────────────────────────────────────────────────────────────────────────────────────────────────────────────────────────────────────────────────╯

