2024-04-17 12:42:57,078	INFO worker.py:1724 -- Started a local Ray instance.
2024-04-17 12:43:20,202	INFO tune.py:220 -- Initializing Ray automatically. For cluster usage or custom Ray initialization, call `ray.init(...)` before `tune.run(...)`.
2024-04-17 12:43:20,204	INFO tune.py:592 -- [output] This will use the new output engine with verbosity 1. To disable the new output and use the legacy output engine, set the environment variable RAY_AIR_NEW_OUTPUT=0. For more information, please see https://github.com/ray-project/ray/issues/36949
2024-04-17 12:43:20,225	WARNING tune.py:916 -- AIR_VERBOSITY is set, ignoring passed-in ProgressReporter for now.
[36m(train pid=1508199)[0m /home/ad2002/gnode/ctd/task_modeling/task_train_prep.py:46: UserWarning: 
[36m(train pid=1508199)[0m The version_base parameter is not specified.
[36m(train pid=1508199)[0m Please specify a compatability version level, or None.
[36m(train pid=1508199)[0m Will assume defaults for version 1.1
[36m(train pid=1508199)[0m   with hydra.initialize(
[36m(train pid=1508199)[0m /home/ad2002/gnode/ctd/task_modeling/task_train_prep.py:46: UserWarning: 
[36m(train pid=1508199)[0m The version_base parameter is not specified.
[36m(train pid=1508199)[0m Please specify a compatability version level, or None.
[36m(train pid=1508199)[0m Will assume defaults for version 1.1
[36m(train pid=1508199)[0m   with hydra.initialize(
[36m(train pid=1508199)[0m [rank: 0] Seed set to 0
[36m(train pid=1508199)[0m /home/ad2002/.conda/envs/gnode/lib/python3.10/site-packages/ray/tune/integration/pytorch_lightning.py:194: `ray.tune.integration.pytorch_lightning.TuneReportCallback` is deprecated. Use `ray.tune.integration.pytorch_lightning.TuneReportCheckpointCallback` instead.
[36m(train pid=1508199)[0m GPU available: True (cuda), used: True
[36m(train pid=1508199)[0m TPU available: False, using: 0 TPU cores
[36m(train pid=1508199)[0m IPU available: False, using: 0 IPUs
[36m(train pid=1508199)[0m HPU available: False, using: 0 HPUs
slurmstepd: error: *** JOB 2071522 ON adroit-h11g3 CANCELLED AT 2024-04-17T12:43:28 ***
