2024-04-07 14:09:44,997	INFO worker.py:1724 -- Started a local Ray instance.
2024-04-07 14:10:00,320	INFO tune.py:220 -- Initializing Ray automatically. For cluster usage or custom Ray initialization, call `ray.init(...)` before `tune.run(...)`.
2024-04-07 14:10:00,322	INFO tune.py:592 -- [output] This will use the new output engine with verbosity 1. To disable the new output and use the legacy output engine, set the environment variable RAY_AIR_NEW_OUTPUT=0. For more information, please see https://github.com/ray-project/ray/issues/36949
2024-04-07 14:10:00,338	WARNING tune.py:916 -- AIR_VERBOSITY is set, ignoring passed-in ProgressReporter for now.
[36m(train pid=467848)[0m /home/ad2002/gnode/ctd/task_modeling/task_train_prep.py:46: UserWarning: 
[36m(train pid=467848)[0m The version_base parameter is not specified.
[36m(train pid=467848)[0m Please specify a compatability version level, or None.
[36m(train pid=467848)[0m Will assume defaults for version 1.1
[36m(train pid=467848)[0m   with hydra.initialize(
[36m(train pid=467848)[0m /home/ad2002/gnode/ctd/task_modeling/task_train_prep.py:46: UserWarning: 
[36m(train pid=467848)[0m The version_base parameter is not specified.
[36m(train pid=467848)[0m Please specify a compatability version level, or None.
[36m(train pid=467848)[0m Will assume defaults for version 1.1
[36m(train pid=467848)[0m   with hydra.initialize(
[36m(train pid=467848)[0m [rank: 0] Seed set to 0
[36m(train pid=467848)[0m /home/ad2002/.conda/envs/gnode/lib/python3.10/site-packages/ray/tune/integration/pytorch_lightning.py:194: `ray.tune.integration.pytorch_lightning.TuneReportCallback` is deprecated. Use `ray.tune.integration.pytorch_lightning.TuneReportCheckpointCallback` instead.
[36m(train pid=467848)[0m GPU available: True (cuda), used: True
[36m(train pid=467848)[0m TPU available: False, using: 0 TPU cores
[36m(train pid=467848)[0m IPU available: False, using: 0 IPUs
[36m(train pid=467848)[0m HPU available: False, using: 0 HPUs
[36m(train pid=467848)[0m You are using a CUDA device ('NVIDIA A100-PCIE-40GB') that has Tensor Cores. To properly utilize them, you should set `torch.set_float32_matmul_precision('medium' | 'high')` which will trade-off precision for performance. For more details, read https://pytorch.org/docs/stable/generated/torch.set_float32_matmul_precision.html#torch.set_float32_matmul_precision
[36m(train pid=467848)[0m /home/ad2002/.conda/envs/gnode/lib/python3.10/site-packages/lightning_fabric/loggers/csv_logs.py:198: Experiment logs directory ./ exists and is not empty. Previous log files in this directory will be deleted when the new ones are saved!
[36m(train pid=467848)[0m /home/ad2002/.conda/envs/gnode/lib/python3.10/site-packages/pytorch_lightning/callbacks/model_checkpoint.py:639: Checkpoint directory /home/ad2002/ray_results/train_2024-04-07_14-10-00/0_latent_size=2,layer_hidden_size=100,num_layers=3,n_samples=500,num_workers=1,seed=0,learning_rate=0.0010,weight_decay=0.0000,log_every_n_steps=2,max_epochs=10 exists and is not empty.
[36m(train pid=467848)[0m LOCAL_RANK: 0 - CUDA_VISIBLE_DEVICES: [0]
[36m(train pid=467848)[0m 
[36m(train pid=467848)[0m   | Name  | Type | Params
[36m(train pid=467848)[0m -------------------------------
[36m(train pid=467848)[0m 0 | model | NODE | 21.4 K
[36m(train pid=467848)[0m -------------------------------
[36m(train pid=467848)[0m 21.4 K    Trainable params
[36m(train pid=467848)[0m 0         Non-trainable params
[36m(train pid=467848)[0m 21.4 K    Total params
[36m(train pid=467848)[0m 0.086     Total estimated model params size (MB)
[36m(train pid=467848)[0m SLURM auto-requeueing enabled. Setting signal handlers.
[36m(train pid=467848)[0m /home/ad2002/.conda/envs/gnode/lib/python3.10/site-packages/torch/utils/data/dataloader.py:554: UserWarning: This DataLoader will create 4 worker processes in total. Our suggested max number of worker in current system is 1, which is smaller than what this DataLoader is going to create. Please be aware that excessive worker creation might get DataLoader running slow or even freeze, lower the worker number to avoid potential slowness/freeze if necessary.
[36m(train pid=467848)[0m   warnings.warn(_create_warning_msg(
[36m(train pid=467848)[0m `Trainer.fit` stopped: `max_epochs=10` reached.
[36m(train pid=472244)[0m /home/ad2002/gnode/ctd/task_modeling/task_train_prep.py:46: UserWarning: 
[36m(train pid=472244)[0m The version_base parameter is not specified.
[36m(train pid=472244)[0m Please specify a compatability version level, or None.
[36m(train pid=472244)[0m Will assume defaults for version 1.1
[36m(train pid=472244)[0m   with hydra.initialize(
[36m(train pid=472244)[0m /home/ad2002/gnode/ctd/task_modeling/task_train_prep.py:46: UserWarning: 
[36m(train pid=472244)[0m The version_base parameter is not specified.
[36m(train pid=472244)[0m Please specify a compatability version level, or None.
[36m(train pid=472244)[0m Will assume defaults for version 1.1
[36m(train pid=472244)[0m   with hydra.initialize(
[36m(train pid=472244)[0m [rank: 0] Seed set to 0
[36m(train pid=472244)[0m /home/ad2002/.conda/envs/gnode/lib/python3.10/site-packages/ray/tune/integration/pytorch_lightning.py:194: `ray.tune.integration.pytorch_lightning.TuneReportCallback` is deprecated. Use `ray.tune.integration.pytorch_lightning.TuneReportCheckpointCallback` instead.
[36m(train pid=472244)[0m GPU available: True (cuda), used: True
[36m(train pid=472244)[0m TPU available: False, using: 0 TPU cores
[36m(train pid=472244)[0m IPU available: False, using: 0 IPUs
[36m(train pid=472244)[0m HPU available: False, using: 0 HPUs
[36m(train pid=472244)[0m You are using a CUDA device ('NVIDIA A100-PCIE-40GB') that has Tensor Cores. To properly utilize them, you should set `torch.set_float32_matmul_precision('medium' | 'high')` which will trade-off precision for performance. For more details, read https://pytorch.org/docs/stable/generated/torch.set_float32_matmul_precision.html#torch.set_float32_matmul_precision
[36m(train pid=472244)[0m /home/ad2002/.conda/envs/gnode/lib/python3.10/site-packages/lightning_fabric/loggers/csv_logs.py:198: Experiment logs directory ./ exists and is not empty. Previous log files in this directory will be deleted when the new ones are saved!
[36m(train pid=472244)[0m /home/ad2002/.conda/envs/gnode/lib/python3.10/site-packages/pytorch_lightning/callbacks/model_checkpoint.py:639: Checkpoint directory /home/ad2002/ray_results/train_2024-04-07_14-10-00/1_latent_size=3,layer_hidden_size=100,num_layers=3,n_samples=500,num_workers=1,seed=0,learning_rate=0.0010,weight_decay=0.0000,log_every_n_steps=2,max_epochs=10 exists and is not empty.
[36m(train pid=472244)[0m LOCAL_RANK: 0 - CUDA_VISIBLE_DEVICES: [0]
[36m(train pid=472244)[0m 
[36m(train pid=472244)[0m   | Name  | Type | Params
[36m(train pid=472244)[0m -------------------------------
[36m(train pid=472244)[0m 0 | model | NODE | 21.8 K
[36m(train pid=472244)[0m -------------------------------
[36m(train pid=472244)[0m 21.8 K    Trainable params
[36m(train pid=472244)[0m 0         Non-trainable params
[36m(train pid=472244)[0m 21.8 K    Total params
[36m(train pid=472244)[0m 0.087     Total estimated model params size (MB)
[36m(train pid=472244)[0m SLURM auto-requeueing enabled. Setting signal handlers.
[36m(train pid=472244)[0m /home/ad2002/.conda/envs/gnode/lib/python3.10/site-packages/torch/utils/data/dataloader.py:554: UserWarning: This DataLoader will create 4 worker processes in total. Our suggested max number of worker in current system is 1, which is smaller than what this DataLoader is going to create. Please be aware that excessive worker creation might get DataLoader running slow or even freeze, lower the worker number to avoid potential slowness/freeze if necessary.
[36m(train pid=472244)[0m   warnings.warn(_create_warning_msg(
[36m(train pid=472244)[0m `Trainer.fit` stopped: `max_epochs=10` reached.
╭──────────────────────────────────────────────────────────────╮
│ Configuration for experiment     train_2024-04-07_14-10-00   │
├──────────────────────────────────────────────────────────────┤
│ Search algorithm                 BasicVariantGenerator       │
│ Scheduler                        FIFOScheduler               │
│ Number of trials                 2                           │
╰──────────────────────────────────────────────────────────────╯

View detailed results here: /scratch/network/ad2002/content/runs/task-trained/20240407_NODE_OBS_Test/train_2024-04-07_14-10-00
To visualize your results with TensorBoard, run: `tensorboard --logdir /home/ad2002/ray_results/train_2024-04-07_14-10-00`

Trial status: 2 PENDING
Current time: 2024-04-07 14:10:00. Total running time: 0s
Logical resource usage: 0/48 CPUs, 0/1 GPUs (0.0/1.0 accelerator_type:A100)
╭────────────────────────────────────────────────────────────────────────────────────────────────────────────────────────────────────────────────────────────────────────────────────────────────────────────────────────────────────────────────────────────────╮
│ Trial name          status       trainer/max_epochs     ...log_every_n_steps     params/num_workers     params/n_samples     model/latent_size     ...layer_hidden_size     model/num_layers     ...pper/weight_decay     ...per/learning_rate     params/seed │
├────────────────────────────────────────────────────────────────────────────────────────────────────────────────────────────────────────────────────────────────────────────────────────────────────────────────────────────────────────────────────────────────┤
│ train_029d8_00000   PENDING                      10                        2                      1                  500                     2                      100                    3                    1e-08                    0.001               0 │
│ train_029d8_00001   PENDING                      10                        2                      1                  500                     3                      100                    3                    1e-08                    0.001               0 │
╰────────────────────────────────────────────────────────────────────────────────────────────────────────────────────────────────────────────────────────────────────────────────────────────────────────────────────────────────────────────────────────────────╯

Trial train_029d8_00000 started with configuration:
╭──────────────────────────────────────────╮
│ Trial train_029d8_00000 config           │
├──────────────────────────────────────────┤
│ model/latent_size                      2 │
│ model/layer_hidden_size              100 │
│ model/num_layers                       3 │
│ params/n_samples                     500 │
│ params/num_workers                     1 │
│ params/seed                            0 │
│ task_wrapper/learning_rate         0.001 │
│ task_wrapper/weight_decay          1e-08 │
│ trainer/log_every_n_steps              2 │
│ trainer/max_epochs                    10 │
╰──────────────────────────────────────────╯

Trial status: 1 RUNNING | 1 PENDING
Current time: 2024-04-07 14:10:30. Total running time: 30s
Logical resource usage: 4.0/48 CPUs, 1.0/1 GPUs (0.0/1.0 accelerator_type:A100)
Current best trial: 029d8_00000 with loss=3.2220354080200195 and params={'model': {'latent_size': 2, 'layer_hidden_size': 100, 'num_layers': 3}, 'task_wrapper': {'weight_decay': 1e-08, 'learning_rate': 0.001}, 'trainer': {'max_epochs': 10, 'log_every_n_steps': 2}, 'params': {'seed': 0, 'num_workers': 1, 'n_samples': 500}}
╭──────────────────────────────────────────────────────────────────────────────────────────────────────────────────────────────────────────────────────────────────────────────────────────────────────────────────────────────────────────────────────────────────────────────────────────────────────╮
│ Trial name          status       trainer/max_epochs     ...log_every_n_steps     params/num_workers     params/n_samples     model/latent_size     ...layer_hidden_size     model/num_layers     ...pper/weight_decay     ...per/learning_rate     params/seed     iter     total time (s)      loss │
├──────────────────────────────────────────────────────────────────────────────────────────────────────────────────────────────────────────────────────────────────────────────────────────────────────────────────────────────────────────────────────────────────────────────────────────────────────┤
│ train_029d8_00000   RUNNING                      10                        2                      1                  500                     2                      100                    3                    1e-08                    0.001               0        1            19.0226   3.22204 │
│ train_029d8_00001   PENDING                      10                        2                      1                  500                     3                      100                    3                    1e-08                    0.001               0                                       │
╰──────────────────────────────────────────────────────────────────────────────────────────────────────────────────────────────────────────────────────────────────────────────────────────────────────────────────────────────────────────────────────────────────────────────────────────────────────╯
Trial status: 1 RUNNING | 1 PENDING
Current time: 2024-04-07 14:11:00. Total running time: 1min 0s
Logical resource usage: 4.0/48 CPUs, 1.0/1 GPUs (0.0/1.0 accelerator_type:A100)
Current best trial: 029d8_00000 with loss=0.8907716870307922 and params={'model': {'latent_size': 2, 'layer_hidden_size': 100, 'num_layers': 3}, 'task_wrapper': {'weight_decay': 1e-08, 'learning_rate': 0.001}, 'trainer': {'max_epochs': 10, 'log_every_n_steps': 2}, 'params': {'seed': 0, 'num_workers': 1, 'n_samples': 500}}
╭───────────────────────────────────────────────────────────────────────────────────────────────────────────────────────────────────────────────────────────────────────────────────────────────────────────────────────────────────────────────────────────────────────────────────────────────────────╮
│ Trial name          status       trainer/max_epochs     ...log_every_n_steps     params/num_workers     params/n_samples     model/latent_size     ...layer_hidden_size     model/num_layers     ...pper/weight_decay     ...per/learning_rate     params/seed     iter     total time (s)       loss │
├───────────────────────────────────────────────────────────────────────────────────────────────────────────────────────────────────────────────────────────────────────────────────────────────────────────────────────────────────────────────────────────────────────────────────────────────────────┤
│ train_029d8_00000   RUNNING                      10                        2                      1                  500                     2                      100                    3                    1e-08                    0.001               0        5            48.8466   0.890772 │
│ train_029d8_00001   PENDING                      10                        2                      1                  500                     3                      100                    3                    1e-08                    0.001               0                                        │
╰───────────────────────────────────────────────────────────────────────────────────────────────────────────────────────────────────────────────────────────────────────────────────────────────────────────────────────────────────────────────────────────────────────────────────────────────────────╯

Trial train_029d8_00000 completed after 10 iterations at 2024-04-07 14:11:29. Total running time: 1min 29s
╭────────────────────────────────────────────╮
│ Trial train_029d8_00000 result             │
├────────────────────────────────────────────┤
│ checkpoint_dir_name                        │
│ time_this_iter_s                   7.05058 │
│ time_total_s                       85.2314 │
│ training_iteration                      10 │
│ loss                               0.87473 │
╰────────────────────────────────────────────╯

Trial status: 1 TERMINATED | 1 PENDING
Current time: 2024-04-07 14:11:30. Total running time: 1min 30s
Logical resource usage: 0/48 CPUs, 0/1 GPUs (0.0/1.0 accelerator_type:A100)
Current best trial: 029d8_00000 with loss=0.8747295141220093 and params={'model': {'latent_size': 2, 'layer_hidden_size': 100, 'num_layers': 3}, 'task_wrapper': {'weight_decay': 1e-08, 'learning_rate': 0.001}, 'trainer': {'max_epochs': 10, 'log_every_n_steps': 2}, 'params': {'seed': 0, 'num_workers': 1, 'n_samples': 500}}
╭────────────────────────────────────────────────────────────────────────────────────────────────────────────────────────────────────────────────────────────────────────────────────────────────────────────────────────────────────────────────────────────────────────────────────────────────────────╮
│ Trial name          status         trainer/max_epochs     ...log_every_n_steps     params/num_workers     params/n_samples     model/latent_size     ...layer_hidden_size     model/num_layers     ...pper/weight_decay     ...per/learning_rate     params/seed     iter     total time (s)      loss │
├────────────────────────────────────────────────────────────────────────────────────────────────────────────────────────────────────────────────────────────────────────────────────────────────────────────────────────────────────────────────────────────────────────────────────────────────────────┤
│ train_029d8_00000   TERMINATED                     10                        2                      1                  500                     2                      100                    3                    1e-08                    0.001               0       10            85.2314   0.87473 │
│ train_029d8_00001   PENDING                        10                        2                      1                  500                     3                      100                    3                    1e-08                    0.001               0                                       │
╰────────────────────────────────────────────────────────────────────────────────────────────────────────────────────────────────────────────────────────────────────────────────────────────────────────────────────────────────────────────────────────────────────────────────────────────────────────╯

Trial train_029d8_00001 started with configuration:
╭──────────────────────────────────────────╮
│ Trial train_029d8_00001 config           │
├──────────────────────────────────────────┤
│ model/latent_size                      3 │
│ model/layer_hidden_size              100 │
│ model/num_layers                       3 │
│ params/n_samples                     500 │
│ params/num_workers                     1 │
│ params/seed                            0 │
│ task_wrapper/learning_rate         0.001 │
│ task_wrapper/weight_decay          1e-08 │
│ trainer/log_every_n_steps              2 │
│ trainer/max_epochs                    10 │
╰──────────────────────────────────────────╯

Trial status: 1 TERMINATED | 1 RUNNING
Current time: 2024-04-07 14:12:00. Total running time: 2min 0s
Logical resource usage: 4.0/48 CPUs, 1.0/1 GPUs (0.0/1.0 accelerator_type:A100)
Current best trial: 029d8_00000 with loss=0.8747295141220093 and params={'model': {'latent_size': 2, 'layer_hidden_size': 100, 'num_layers': 3}, 'task_wrapper': {'weight_decay': 1e-08, 'learning_rate': 0.001}, 'trainer': {'max_epochs': 10, 'log_every_n_steps': 2}, 'params': {'seed': 0, 'num_workers': 1, 'n_samples': 500}}
╭─────────────────────────────────────────────────────────────────────────────────────────────────────────────────────────────────────────────────────────────────────────────────────────────────────────────────────────────────────────────────────────────────────────────────────────────────────────╮
│ Trial name          status         trainer/max_epochs     ...log_every_n_steps     params/num_workers     params/n_samples     model/latent_size     ...layer_hidden_size     model/num_layers     ...pper/weight_decay     ...per/learning_rate     params/seed     iter     total time (s)       loss │
├─────────────────────────────────────────────────────────────────────────────────────────────────────────────────────────────────────────────────────────────────────────────────────────────────────────────────────────────────────────────────────────────────────────────────────────────────────────┤
│ train_029d8_00001   RUNNING                        10                        2                      1                  500                     3                      100                    3                    1e-08                    0.001               0        1            18.5664   0.977763 │
│ train_029d8_00000   TERMINATED                     10                        2                      1                  500                     2                      100                    3                    1e-08                    0.001               0       10            85.2314   0.87473  │
╰─────────────────────────────────────────────────────────────────────────────────────────────────────────────────────────────────────────────────────────────────────────────────────────────────────────────────────────────────────────────────────────────────────────────────────────────────────────╯
Trial status: 1 TERMINATED | 1 RUNNING
Current time: 2024-04-07 14:12:30. Total running time: 2min 30s
Logical resource usage: 4.0/48 CPUs, 1.0/1 GPUs (0.0/1.0 accelerator_type:A100)
Current best trial: 029d8_00001 with loss=0.8611651062965393 and params={'model': {'latent_size': 3, 'layer_hidden_size': 100, 'num_layers': 3}, 'task_wrapper': {'weight_decay': 1e-08, 'learning_rate': 0.001}, 'trainer': {'max_epochs': 10, 'log_every_n_steps': 2}, 'params': {'seed': 0, 'num_workers': 1, 'n_samples': 500}}
╭─────────────────────────────────────────────────────────────────────────────────────────────────────────────────────────────────────────────────────────────────────────────────────────────────────────────────────────────────────────────────────────────────────────────────────────────────────────╮
│ Trial name          status         trainer/max_epochs     ...log_every_n_steps     params/num_workers     params/n_samples     model/latent_size     ...layer_hidden_size     model/num_layers     ...pper/weight_decay     ...per/learning_rate     params/seed     iter     total time (s)       loss │
├─────────────────────────────────────────────────────────────────────────────────────────────────────────────────────────────────────────────────────────────────────────────────────────────────────────────────────────────────────────────────────────────────────────────────────────────────────────┤
│ train_029d8_00001   RUNNING                        10                        2                      1                  500                     3                      100                    3                    1e-08                    0.001               0        6            54.3876   0.861165 │
│ train_029d8_00000   TERMINATED                     10                        2                      1                  500                     2                      100                    3                    1e-08                    0.001               0       10            85.2314   0.87473  │
╰─────────────────────────────────────────────────────────────────────────────────────────────────────────────────────────────────────────────────────────────────────────────────────────────────────────────────────────────────────────────────────────────────────────────────────────────────────────╯

Trial train_029d8_00001 completed after 10 iterations at 2024-04-07 14:12:58. Total running time: 2min 58s
╭────────────────────────────────────────────╮
│ Trial train_029d8_00001 result             │
├────────────────────────────────────────────┤
│ checkpoint_dir_name                        │
│ time_this_iter_s                   7.02493 │
│ time_total_s                        83.017 │
│ training_iteration                      10 │
│ loss                               0.80572 │
╰────────────────────────────────────────────╯

Trial status: 2 TERMINATED
Current time: 2024-04-07 14:12:58. Total running time: 2min 58s
Logical resource usage: 4.0/48 CPUs, 1.0/1 GPUs (0.0/1.0 accelerator_type:A100)
Current best trial: 029d8_00001 with loss=0.8057219982147217 and params={'model': {'latent_size': 3, 'layer_hidden_size': 100, 'num_layers': 3}, 'task_wrapper': {'weight_decay': 1e-08, 'learning_rate': 0.001}, 'trainer': {'max_epochs': 10, 'log_every_n_steps': 2}, 'params': {'seed': 0, 'num_workers': 1, 'n_samples': 500}}
╭─────────────────────────────────────────────────────────────────────────────────────────────────────────────────────────────────────────────────────────────────────────────────────────────────────────────────────────────────────────────────────────────────────────────────────────────────────────╮
│ Trial name          status         trainer/max_epochs     ...log_every_n_steps     params/num_workers     params/n_samples     model/latent_size     ...layer_hidden_size     model/num_layers     ...pper/weight_decay     ...per/learning_rate     params/seed     iter     total time (s)       loss │
├─────────────────────────────────────────────────────────────────────────────────────────────────────────────────────────────────────────────────────────────────────────────────────────────────────────────────────────────────────────────────────────────────────────────────────────────────────────┤
│ train_029d8_00000   TERMINATED                     10                        2                      1                  500                     2                      100                    3                    1e-08                    0.001               0       10            85.2314   0.87473  │
│ train_029d8_00001   TERMINATED                     10                        2                      1                  500                     3                      100                    3                    1e-08                    0.001               0       10            83.017    0.805722 │
╰─────────────────────────────────────────────────────────────────────────────────────────────────────────────────────────────────────────────────────────────────────────────────────────────────────────────────────────────────────────────────────────────────────────────────────────────────────────╯

