2024-04-24 12:47:19,107	INFO worker.py:1724 -- Started a local Ray instance.
2024-04-24 12:47:51,309	INFO tune.py:220 -- Initializing Ray automatically. For cluster usage or custom Ray initialization, call `ray.init(...)` before `tune.run(...)`.
2024-04-24 12:47:51,333	INFO tune.py:592 -- [output] This will use the new output engine with verbosity 1. To disable the new output and use the legacy output engine, set the environment variable RAY_AIR_NEW_OUTPUT=0. For more information, please see https://github.com/ray-project/ray/issues/36949
2024-04-24 12:47:52,353	WARNING tune.py:916 -- AIR_VERBOSITY is set, ignoring passed-in ProgressReporter for now.
[36m(train pid=290375)[0m /home/ad2002/gnode/ctd/task_modeling/task_train_prep.py:46: UserWarning: 
[36m(train pid=290375)[0m The version_base parameter is not specified.
[36m(train pid=290375)[0m Please specify a compatability version level, or None.
[36m(train pid=290375)[0m Will assume defaults for version 1.1
[36m(train pid=290375)[0m   with hydra.initialize(
[36m(train pid=290375)[0m /home/ad2002/gnode/ctd/task_modeling/task_train_prep.py:46: UserWarning: 
[36m(train pid=290375)[0m The version_base parameter is not specified.
[36m(train pid=290375)[0m Please specify a compatability version level, or None.
[36m(train pid=290375)[0m Will assume defaults for version 1.1
[36m(train pid=290375)[0m   with hydra.initialize(
[36m(train pid=290375)[0m [rank: 0] Seed set to 0
[36m(train pid=290375)[0m /home/ad2002/.conda/envs/gnode/lib/python3.10/site-packages/ray/tune/integration/pytorch_lightning.py:194: `ray.tune.integration.pytorch_lightning.TuneReportCallback` is deprecated. Use `ray.tune.integration.pytorch_lightning.TuneReportCheckpointCallback` instead.
[36m(train pid=290375)[0m GPU available: True (cuda), used: True
[36m(train pid=290375)[0m TPU available: False, using: 0 TPU cores
[36m(train pid=290375)[0m IPU available: False, using: 0 IPUs
[36m(train pid=290375)[0m HPU available: False, using: 0 HPUs
[36m(train pid=290375)[0m You are using a CUDA device ('NVIDIA A100 80GB PCIe') that has Tensor Cores. To properly utilize them, you should set `torch.set_float32_matmul_precision('medium' | 'high')` which will trade-off precision for performance. For more details, read https://pytorch.org/docs/stable/generated/torch.set_float32_matmul_precision.html#torch.set_float32_matmul_precision
[36m(train pid=290375)[0m /home/ad2002/.conda/envs/gnode/lib/python3.10/site-packages/lightning_fabric/loggers/csv_logs.py:198: Experiment logs directory ./ exists and is not empty. Previous log files in this directory will be deleted when the new ones are saved!
[36m(train pid=290375)[0m /home/ad2002/.conda/envs/gnode/lib/python3.10/site-packages/pytorch_lightning/callbacks/model_checkpoint.py:639: Checkpoint directory /home/ad2002/ray_results/train_2024-04-24_12-47-51/0_n=3,latent_size=3,batch_size=128,n_samples=500,num_workers=1,seed=0,learning_rate=0.0100,weight_decay=0.0000,max_epochs=200 exists and is not empty.
[36m(train pid=290375)[0m LOCAL_RANK: 0 - CUDA_VISIBLE_DEVICES: [0]
[36m(train pid=290375)[0m 
[36m(train pid=290375)[0m   | Name  | Type        | Params
[36m(train pid=290375)[0m --------------------------------------
[36m(train pid=290375)[0m 0 | model | Vanilla_RNN | 22    
[36m(train pid=290375)[0m --------------------------------------
[36m(train pid=290375)[0m 22        Trainable params
[36m(train pid=290375)[0m 0         Non-trainable params
[36m(train pid=290375)[0m 22        Total params
[36m(train pid=290375)[0m 0.000     Total estimated model params size (MB)
[36m(train pid=290375)[0m SLURM auto-requeueing enabled. Setting signal handlers.
[36m(train pid=290375)[0m /home/ad2002/.conda/envs/gnode/lib/python3.10/site-packages/torch/utils/data/dataloader.py:554: UserWarning: This DataLoader will create 4 worker processes in total. Our suggested max number of worker in current system is 1, which is smaller than what this DataLoader is going to create. Please be aware that excessive worker creation might get DataLoader running slow or even freeze, lower the worker number to avoid potential slowness/freeze if necessary.
[36m(train pid=290375)[0m   warnings.warn(_create_warning_msg(
[36m(train pid=290375)[0m /home/ad2002/.conda/envs/gnode/lib/python3.10/site-packages/pytorch_lightning/loops/fit_loop.py:293: The number of training batches (4) is smaller than the logging interval Trainer(log_every_n_steps=100). Set a lower value for log_every_n_steps if you want to see logs for the training epoch.
[36m(train pid=290375)[0m `Trainer.fit` stopped: `max_epochs=200` reached.
╭──────────────────────────────────────────────────────────────╮
│ Configuration for experiment     train_2024-04-24_12-47-51   │
├──────────────────────────────────────────────────────────────┤
│ Search algorithm                 BasicVariantGenerator       │
│ Scheduler                        FIFOScheduler               │
│ Number of trials                 1                           │
╰──────────────────────────────────────────────────────────────╯

View detailed results here: /scratch/network/ad2002/content/runs/task-trained/20240424_VanillaRNN_OBS_200epoch_wpois/train_2024-04-24_12-47-51
To visualize your results with TensorBoard, run: `tensorboard --logdir /home/ad2002/ray_results/train_2024-04-24_12-47-51`

Trial status: 1 PENDING
Current time: 2024-04-24 12:47:52. Total running time: 0s
Logical resource usage: 0/48 CPUs, 0/1 GPUs (0.0/1.0 accelerator_type:A100)
╭──────────────────────────────────────────────────────────────────────────────────────────────────────────────────────────────────────────────────────────────────────────────────────────────────────────────────────────────╮
│ Trial name          status       trainer/max_epochs     params/batch_size     params/num_workers     params/n_samples     env_task/n     model/latent_size     ...pper/weight_decay     ...per/learning_rate     params/seed │
├──────────────────────────────────────────────────────────────────────────────────────────────────────────────────────────────────────────────────────────────────────────────────────────────────────────────────────────────┤
│ train_4d2ce_00000   PENDING                     200                   128                      1                  500              3                     3                    1e-05                     0.01               0 │
╰──────────────────────────────────────────────────────────────────────────────────────────────────────────────────────────────────────────────────────────────────────────────────────────────────────────────────────────────╯

Trial train_4d2ce_00000 started with configuration:
╭──────────────────────────────────────────╮
│ Trial train_4d2ce_00000 config           │
├──────────────────────────────────────────┤
│ env_task/n                             3 │
│ model/latent_size                      3 │
│ params/batch_size                    128 │
│ params/n_samples                     500 │
│ params/num_workers                     1 │
│ params/seed                            0 │
│ task_wrapper/learning_rate          0.01 │
│ task_wrapper/weight_decay          1e-05 │
│ trainer/max_epochs                   200 │
╰──────────────────────────────────────────╯

Trial status: 1 RUNNING
Current time: 2024-04-24 12:48:22. Total running time: 30s
Logical resource usage: 4.0/48 CPUs, 1.0/1 GPUs (0.0/1.0 accelerator_type:A100)
Current best trial: 4d2ce_00000 with loss=0.8125137090682983 and params={'model': {'latent_size': 3}, 'task_wrapper': {'weight_decay': 1e-05, 'learning_rate': 0.01}, 'trainer': {'max_epochs': 200}, 'params': {'seed': 0, 'batch_size': 128, 'num_workers': 1, 'n_samples': 500}, 'env_task': {'n': 3}}
╭─────────────────────────────────────────────────────────────────────────────────────────────────────────────────────────────────────────────────────────────────────────────────────────────────────────────────────────────────────────────────────────────────────╮
│ Trial name          status       trainer/max_epochs     params/batch_size     params/num_workers     params/n_samples     env_task/n     model/latent_size     ...pper/weight_decay     ...per/learning_rate     params/seed     iter     total time (s)       loss │
├─────────────────────────────────────────────────────────────────────────────────────────────────────────────────────────────────────────────────────────────────────────────────────────────────────────────────────────────────────────────────────────────────────┤
│ train_4d2ce_00000   RUNNING                     200                   128                      1                  500              3                     3                    1e-05                     0.01               0        1            20.8462   0.812514 │
╰─────────────────────────────────────────────────────────────────────────────────────────────────────────────────────────────────────────────────────────────────────────────────────────────────────────────────────────────────────────────────────────────────────╯
Trial status: 1 RUNNING
Current time: 2024-04-24 12:48:52. Total running time: 1min 0s
Logical resource usage: 4.0/48 CPUs, 1.0/1 GPUs (0.0/1.0 accelerator_type:A100)
Current best trial: 4d2ce_00000 with loss=0.4790012836456299 and params={'model': {'latent_size': 3}, 'task_wrapper': {'weight_decay': 1e-05, 'learning_rate': 0.01}, 'trainer': {'max_epochs': 200}, 'params': {'seed': 0, 'batch_size': 128, 'num_workers': 1, 'n_samples': 500}, 'env_task': {'n': 3}}
╭─────────────────────────────────────────────────────────────────────────────────────────────────────────────────────────────────────────────────────────────────────────────────────────────────────────────────────────────────────────────────────────────────────╮
│ Trial name          status       trainer/max_epochs     params/batch_size     params/num_workers     params/n_samples     env_task/n     model/latent_size     ...pper/weight_decay     ...per/learning_rate     params/seed     iter     total time (s)       loss │
├─────────────────────────────────────────────────────────────────────────────────────────────────────────────────────────────────────────────────────────────────────────────────────────────────────────────────────────────────────────────────────────────────────┤
│ train_4d2ce_00000   RUNNING                     200                   128                      1                  500              3                     3                    1e-05                     0.01               0        6            49.3983   0.479001 │
╰─────────────────────────────────────────────────────────────────────────────────────────────────────────────────────────────────────────────────────────────────────────────────────────────────────────────────────────────────────────────────────────────────────╯
Trial status: 1 RUNNING
Current time: 2024-04-24 12:49:22. Total running time: 1min 30s
Logical resource usage: 4.0/48 CPUs, 1.0/1 GPUs (0.0/1.0 accelerator_type:A100)
Current best trial: 4d2ce_00000 with loss=0.4758214056491852 and params={'model': {'latent_size': 3}, 'task_wrapper': {'weight_decay': 1e-05, 'learning_rate': 0.01}, 'trainer': {'max_epochs': 200}, 'params': {'seed': 0, 'batch_size': 128, 'num_workers': 1, 'n_samples': 500}, 'env_task': {'n': 3}}
╭─────────────────────────────────────────────────────────────────────────────────────────────────────────────────────────────────────────────────────────────────────────────────────────────────────────────────────────────────────────────────────────────────────╮
│ Trial name          status       trainer/max_epochs     params/batch_size     params/num_workers     params/n_samples     env_task/n     model/latent_size     ...pper/weight_decay     ...per/learning_rate     params/seed     iter     total time (s)       loss │
├─────────────────────────────────────────────────────────────────────────────────────────────────────────────────────────────────────────────────────────────────────────────────────────────────────────────────────────────────────────────────────────────────────┤
│ train_4d2ce_00000   RUNNING                     200                   128                      1                  500              3                     3                    1e-05                     0.01               0       11            80.7562   0.475821 │
╰─────────────────────────────────────────────────────────────────────────────────────────────────────────────────────────────────────────────────────────────────────────────────────────────────────────────────────────────────────────────────────────────────────╯
Trial status: 1 RUNNING
Current time: 2024-04-24 12:49:52. Total running time: 2min 0s
Logical resource usage: 4.0/48 CPUs, 1.0/1 GPUs (0.0/1.0 accelerator_type:A100)
Current best trial: 4d2ce_00000 with loss=0.475270539522171 and params={'model': {'latent_size': 3}, 'task_wrapper': {'weight_decay': 1e-05, 'learning_rate': 0.01}, 'trainer': {'max_epochs': 200}, 'params': {'seed': 0, 'batch_size': 128, 'num_workers': 1, 'n_samples': 500}, 'env_task': {'n': 3}}
╭─────────────────────────────────────────────────────────────────────────────────────────────────────────────────────────────────────────────────────────────────────────────────────────────────────────────────────────────────────────────────────────────────────╮
│ Trial name          status       trainer/max_epochs     params/batch_size     params/num_workers     params/n_samples     env_task/n     model/latent_size     ...pper/weight_decay     ...per/learning_rate     params/seed     iter     total time (s)       loss │
├─────────────────────────────────────────────────────────────────────────────────────────────────────────────────────────────────────────────────────────────────────────────────────────────────────────────────────────────────────────────────────────────────────┤
│ train_4d2ce_00000   RUNNING                     200                   128                      1                  500              3                     3                    1e-05                     0.01               0       16            110.798   0.475271 │
╰─────────────────────────────────────────────────────────────────────────────────────────────────────────────────────────────────────────────────────────────────────────────────────────────────────────────────────────────────────────────────────────────────────╯
Trial status: 1 RUNNING
Current time: 2024-04-24 12:50:22. Total running time: 2min 30s
Logical resource usage: 4.0/48 CPUs, 1.0/1 GPUs (0.0/1.0 accelerator_type:A100)
Current best trial: 4d2ce_00000 with loss=0.4778038263320923 and params={'model': {'latent_size': 3}, 'task_wrapper': {'weight_decay': 1e-05, 'learning_rate': 0.01}, 'trainer': {'max_epochs': 200}, 'params': {'seed': 0, 'batch_size': 128, 'num_workers': 1, 'n_samples': 500}, 'env_task': {'n': 3}}
╭─────────────────────────────────────────────────────────────────────────────────────────────────────────────────────────────────────────────────────────────────────────────────────────────────────────────────────────────────────────────────────────────────────╮
│ Trial name          status       trainer/max_epochs     params/batch_size     params/num_workers     params/n_samples     env_task/n     model/latent_size     ...pper/weight_decay     ...per/learning_rate     params/seed     iter     total time (s)       loss │
├─────────────────────────────────────────────────────────────────────────────────────────────────────────────────────────────────────────────────────────────────────────────────────────────────────────────────────────────────────────────────────────────────────┤
│ train_4d2ce_00000   RUNNING                     200                   128                      1                  500              3                     3                    1e-05                     0.01               0       21             139.65   0.477804 │
╰─────────────────────────────────────────────────────────────────────────────────────────────────────────────────────────────────────────────────────────────────────────────────────────────────────────────────────────────────────────────────────────────────────╯
Trial status: 1 RUNNING
Current time: 2024-04-24 12:50:52. Total running time: 3min 0s
Logical resource usage: 4.0/48 CPUs, 1.0/1 GPUs (0.0/1.0 accelerator_type:A100)
Current best trial: 4d2ce_00000 with loss=0.4753801226615906 and params={'model': {'latent_size': 3}, 'task_wrapper': {'weight_decay': 1e-05, 'learning_rate': 0.01}, 'trainer': {'max_epochs': 200}, 'params': {'seed': 0, 'batch_size': 128, 'num_workers': 1, 'n_samples': 500}, 'env_task': {'n': 3}}
╭────────────────────────────────────────────────────────────────────────────────────────────────────────────────────────────────────────────────────────────────────────────────────────────────────────────────────────────────────────────────────────────────────╮
│ Trial name          status       trainer/max_epochs     params/batch_size     params/num_workers     params/n_samples     env_task/n     model/latent_size     ...pper/weight_decay     ...per/learning_rate     params/seed     iter     total time (s)      loss │
├────────────────────────────────────────────────────────────────────────────────────────────────────────────────────────────────────────────────────────────────────────────────────────────────────────────────────────────────────────────────────────────────────┤
│ train_4d2ce_00000   RUNNING                     200                   128                      1                  500              3                     3                    1e-05                     0.01               0       26            170.551   0.47538 │
╰────────────────────────────────────────────────────────────────────────────────────────────────────────────────────────────────────────────────────────────────────────────────────────────────────────────────────────────────────────────────────────────────────╯
Trial status: 1 RUNNING
Current time: 2024-04-24 12:51:22. Total running time: 3min 30s
Logical resource usage: 4.0/48 CPUs, 1.0/1 GPUs (0.0/1.0 accelerator_type:A100)
Current best trial: 4d2ce_00000 with loss=0.47713589668273926 and params={'model': {'latent_size': 3}, 'task_wrapper': {'weight_decay': 1e-05, 'learning_rate': 0.01}, 'trainer': {'max_epochs': 200}, 'params': {'seed': 0, 'batch_size': 128, 'num_workers': 1, 'n_samples': 500}, 'env_task': {'n': 3}}
╭─────────────────────────────────────────────────────────────────────────────────────────────────────────────────────────────────────────────────────────────────────────────────────────────────────────────────────────────────────────────────────────────────────╮
│ Trial name          status       trainer/max_epochs     params/batch_size     params/num_workers     params/n_samples     env_task/n     model/latent_size     ...pper/weight_decay     ...per/learning_rate     params/seed     iter     total time (s)       loss │
├─────────────────────────────────────────────────────────────────────────────────────────────────────────────────────────────────────────────────────────────────────────────────────────────────────────────────────────────────────────────────────────────────────┤
│ train_4d2ce_00000   RUNNING                     200                   128                      1                  500              3                     3                    1e-05                     0.01               0       31            199.613   0.477136 │
╰─────────────────────────────────────────────────────────────────────────────────────────────────────────────────────────────────────────────────────────────────────────────────────────────────────────────────────────────────────────────────────────────────────╯
Trial status: 1 RUNNING
Current time: 2024-04-24 12:51:53. Total running time: 4min 0s
Logical resource usage: 4.0/48 CPUs, 1.0/1 GPUs (0.0/1.0 accelerator_type:A100)
Current best trial: 4d2ce_00000 with loss=0.47670936584472656 and params={'model': {'latent_size': 3}, 'task_wrapper': {'weight_decay': 1e-05, 'learning_rate': 0.01}, 'trainer': {'max_epochs': 200}, 'params': {'seed': 0, 'batch_size': 128, 'num_workers': 1, 'n_samples': 500}, 'env_task': {'n': 3}}
╭─────────────────────────────────────────────────────────────────────────────────────────────────────────────────────────────────────────────────────────────────────────────────────────────────────────────────────────────────────────────────────────────────────╮
│ Trial name          status       trainer/max_epochs     params/batch_size     params/num_workers     params/n_samples     env_task/n     model/latent_size     ...pper/weight_decay     ...per/learning_rate     params/seed     iter     total time (s)       loss │
├─────────────────────────────────────────────────────────────────────────────────────────────────────────────────────────────────────────────────────────────────────────────────────────────────────────────────────────────────────────────────────────────────────┤
│ train_4d2ce_00000   RUNNING                     200                   128                      1                  500              3                     3                    1e-05                     0.01               0       36            228.615   0.476709 │
╰─────────────────────────────────────────────────────────────────────────────────────────────────────────────────────────────────────────────────────────────────────────────────────────────────────────────────────────────────────────────────────────────────────╯
Trial status: 1 RUNNING
Current time: 2024-04-24 12:52:23. Total running time: 4min 30s
Logical resource usage: 4.0/48 CPUs, 1.0/1 GPUs (0.0/1.0 accelerator_type:A100)
Current best trial: 4d2ce_00000 with loss=0.47499361634254456 and params={'model': {'latent_size': 3}, 'task_wrapper': {'weight_decay': 1e-05, 'learning_rate': 0.01}, 'trainer': {'max_epochs': 200}, 'params': {'seed': 0, 'batch_size': 128, 'num_workers': 1, 'n_samples': 500}, 'env_task': {'n': 3}}
╭─────────────────────────────────────────────────────────────────────────────────────────────────────────────────────────────────────────────────────────────────────────────────────────────────────────────────────────────────────────────────────────────────────╮
│ Trial name          status       trainer/max_epochs     params/batch_size     params/num_workers     params/n_samples     env_task/n     model/latent_size     ...pper/weight_decay     ...per/learning_rate     params/seed     iter     total time (s)       loss │
├─────────────────────────────────────────────────────────────────────────────────────────────────────────────────────────────────────────────────────────────────────────────────────────────────────────────────────────────────────────────────────────────────────┤
│ train_4d2ce_00000   RUNNING                     200                   128                      1                  500              3                     3                    1e-05                     0.01               0       41            258.481   0.474994 │
╰─────────────────────────────────────────────────────────────────────────────────────────────────────────────────────────────────────────────────────────────────────────────────────────────────────────────────────────────────────────────────────────────────────╯
Trial status: 1 RUNNING
Current time: 2024-04-24 12:52:53. Total running time: 5min 0s
Logical resource usage: 4.0/48 CPUs, 1.0/1 GPUs (0.0/1.0 accelerator_type:A100)
Current best trial: 4d2ce_00000 with loss=0.47539710998535156 and params={'model': {'latent_size': 3}, 'task_wrapper': {'weight_decay': 1e-05, 'learning_rate': 0.01}, 'trainer': {'max_epochs': 200}, 'params': {'seed': 0, 'batch_size': 128, 'num_workers': 1, 'n_samples': 500}, 'env_task': {'n': 3}}
╭─────────────────────────────────────────────────────────────────────────────────────────────────────────────────────────────────────────────────────────────────────────────────────────────────────────────────────────────────────────────────────────────────────╮
│ Trial name          status       trainer/max_epochs     params/batch_size     params/num_workers     params/n_samples     env_task/n     model/latent_size     ...pper/weight_decay     ...per/learning_rate     params/seed     iter     total time (s)       loss │
├─────────────────────────────────────────────────────────────────────────────────────────────────────────────────────────────────────────────────────────────────────────────────────────────────────────────────────────────────────────────────────────────────────┤
│ train_4d2ce_00000   RUNNING                     200                   128                      1                  500              3                     3                    1e-05                     0.01               0       46            288.352   0.475397 │
╰─────────────────────────────────────────────────────────────────────────────────────────────────────────────────────────────────────────────────────────────────────────────────────────────────────────────────────────────────────────────────────────────────────╯
Trial status: 1 RUNNING
Current time: 2024-04-24 12:53:23. Total running time: 5min 30s
Logical resource usage: 4.0/48 CPUs, 1.0/1 GPUs (0.0/1.0 accelerator_type:A100)
Current best trial: 4d2ce_00000 with loss=0.4771336615085602 and params={'model': {'latent_size': 3}, 'task_wrapper': {'weight_decay': 1e-05, 'learning_rate': 0.01}, 'trainer': {'max_epochs': 200}, 'params': {'seed': 0, 'batch_size': 128, 'num_workers': 1, 'n_samples': 500}, 'env_task': {'n': 3}}
╭─────────────────────────────────────────────────────────────────────────────────────────────────────────────────────────────────────────────────────────────────────────────────────────────────────────────────────────────────────────────────────────────────────╮
│ Trial name          status       trainer/max_epochs     params/batch_size     params/num_workers     params/n_samples     env_task/n     model/latent_size     ...pper/weight_decay     ...per/learning_rate     params/seed     iter     total time (s)       loss │
├─────────────────────────────────────────────────────────────────────────────────────────────────────────────────────────────────────────────────────────────────────────────────────────────────────────────────────────────────────────────────────────────────────┤
│ train_4d2ce_00000   RUNNING                     200                   128                      1                  500              3                     3                    1e-05                     0.01               0       51            318.642   0.477134 │
╰─────────────────────────────────────────────────────────────────────────────────────────────────────────────────────────────────────────────────────────────────────────────────────────────────────────────────────────────────────────────────────────────────────╯
Trial status: 1 RUNNING
Current time: 2024-04-24 12:53:53. Total running time: 6min 0s
Logical resource usage: 4.0/48 CPUs, 1.0/1 GPUs (0.0/1.0 accelerator_type:A100)
Current best trial: 4d2ce_00000 with loss=0.47497206926345825 and params={'model': {'latent_size': 3}, 'task_wrapper': {'weight_decay': 1e-05, 'learning_rate': 0.01}, 'trainer': {'max_epochs': 200}, 'params': {'seed': 0, 'batch_size': 128, 'num_workers': 1, 'n_samples': 500}, 'env_task': {'n': 3}}
╭─────────────────────────────────────────────────────────────────────────────────────────────────────────────────────────────────────────────────────────────────────────────────────────────────────────────────────────────────────────────────────────────────────╮
│ Trial name          status       trainer/max_epochs     params/batch_size     params/num_workers     params/n_samples     env_task/n     model/latent_size     ...pper/weight_decay     ...per/learning_rate     params/seed     iter     total time (s)       loss │
├─────────────────────────────────────────────────────────────────────────────────────────────────────────────────────────────────────────────────────────────────────────────────────────────────────────────────────────────────────────────────────────────────────┤
│ train_4d2ce_00000   RUNNING                     200                   128                      1                  500              3                     3                    1e-05                     0.01               0       56            347.298   0.474972 │
╰─────────────────────────────────────────────────────────────────────────────────────────────────────────────────────────────────────────────────────────────────────────────────────────────────────────────────────────────────────────────────────────────────────╯
Trial status: 1 RUNNING
Current time: 2024-04-24 12:54:23. Total running time: 6min 30s
Logical resource usage: 4.0/48 CPUs, 1.0/1 GPUs (0.0/1.0 accelerator_type:A100)
Current best trial: 4d2ce_00000 with loss=0.47638756036758423 and params={'model': {'latent_size': 3}, 'task_wrapper': {'weight_decay': 1e-05, 'learning_rate': 0.01}, 'trainer': {'max_epochs': 200}, 'params': {'seed': 0, 'batch_size': 128, 'num_workers': 1, 'n_samples': 500}, 'env_task': {'n': 3}}
╭─────────────────────────────────────────────────────────────────────────────────────────────────────────────────────────────────────────────────────────────────────────────────────────────────────────────────────────────────────────────────────────────────────╮
│ Trial name          status       trainer/max_epochs     params/batch_size     params/num_workers     params/n_samples     env_task/n     model/latent_size     ...pper/weight_decay     ...per/learning_rate     params/seed     iter     total time (s)       loss │
├─────────────────────────────────────────────────────────────────────────────────────────────────────────────────────────────────────────────────────────────────────────────────────────────────────────────────────────────────────────────────────────────────────┤
│ train_4d2ce_00000   RUNNING                     200                   128                      1                  500              3                     3                    1e-05                     0.01               0       61            378.094   0.476388 │
╰─────────────────────────────────────────────────────────────────────────────────────────────────────────────────────────────────────────────────────────────────────────────────────────────────────────────────────────────────────────────────────────────────────╯
Trial status: 1 RUNNING
Current time: 2024-04-24 12:54:53. Total running time: 7min 1s
Logical resource usage: 4.0/48 CPUs, 1.0/1 GPUs (0.0/1.0 accelerator_type:A100)
Current best trial: 4d2ce_00000 with loss=0.47555333375930786 and params={'model': {'latent_size': 3}, 'task_wrapper': {'weight_decay': 1e-05, 'learning_rate': 0.01}, 'trainer': {'max_epochs': 200}, 'params': {'seed': 0, 'batch_size': 128, 'num_workers': 1, 'n_samples': 500}, 'env_task': {'n': 3}}
╭─────────────────────────────────────────────────────────────────────────────────────────────────────────────────────────────────────────────────────────────────────────────────────────────────────────────────────────────────────────────────────────────────────╮
│ Trial name          status       trainer/max_epochs     params/batch_size     params/num_workers     params/n_samples     env_task/n     model/latent_size     ...pper/weight_decay     ...per/learning_rate     params/seed     iter     total time (s)       loss │
├─────────────────────────────────────────────────────────────────────────────────────────────────────────────────────────────────────────────────────────────────────────────────────────────────────────────────────────────────────────────────────────────────────┤
│ train_4d2ce_00000   RUNNING                     200                   128                      1                  500              3                     3                    1e-05                     0.01               0       66             408.16   0.475553 │
╰─────────────────────────────────────────────────────────────────────────────────────────────────────────────────────────────────────────────────────────────────────────────────────────────────────────────────────────────────────────────────────────────────────╯
Trial status: 1 RUNNING
Current time: 2024-04-24 12:55:23. Total running time: 7min 31s
Logical resource usage: 4.0/48 CPUs, 1.0/1 GPUs (0.0/1.0 accelerator_type:A100)
Current best trial: 4d2ce_00000 with loss=0.4751266539096832 and params={'model': {'latent_size': 3}, 'task_wrapper': {'weight_decay': 1e-05, 'learning_rate': 0.01}, 'trainer': {'max_epochs': 200}, 'params': {'seed': 0, 'batch_size': 128, 'num_workers': 1, 'n_samples': 500}, 'env_task': {'n': 3}}
╭─────────────────────────────────────────────────────────────────────────────────────────────────────────────────────────────────────────────────────────────────────────────────────────────────────────────────────────────────────────────────────────────────────╮
│ Trial name          status       trainer/max_epochs     params/batch_size     params/num_workers     params/n_samples     env_task/n     model/latent_size     ...pper/weight_decay     ...per/learning_rate     params/seed     iter     total time (s)       loss │
├─────────────────────────────────────────────────────────────────────────────────────────────────────────────────────────────────────────────────────────────────────────────────────────────────────────────────────────────────────────────────────────────────────┤
│ train_4d2ce_00000   RUNNING                     200                   128                      1                  500              3                     3                    1e-05                     0.01               0       72            442.471   0.475127 │
╰─────────────────────────────────────────────────────────────────────────────────────────────────────────────────────────────────────────────────────────────────────────────────────────────────────────────────────────────────────────────────────────────────────╯
Trial status: 1 RUNNING
Current time: 2024-04-24 12:55:53. Total running time: 8min 1s
Logical resource usage: 4.0/48 CPUs, 1.0/1 GPUs (0.0/1.0 accelerator_type:A100)
Current best trial: 4d2ce_00000 with loss=0.47685718536376953 and params={'model': {'latent_size': 3}, 'task_wrapper': {'weight_decay': 1e-05, 'learning_rate': 0.01}, 'trainer': {'max_epochs': 200}, 'params': {'seed': 0, 'batch_size': 128, 'num_workers': 1, 'n_samples': 500}, 'env_task': {'n': 3}}
╭─────────────────────────────────────────────────────────────────────────────────────────────────────────────────────────────────────────────────────────────────────────────────────────────────────────────────────────────────────────────────────────────────────╮
│ Trial name          status       trainer/max_epochs     params/batch_size     params/num_workers     params/n_samples     env_task/n     model/latent_size     ...pper/weight_decay     ...per/learning_rate     params/seed     iter     total time (s)       loss │
├─────────────────────────────────────────────────────────────────────────────────────────────────────────────────────────────────────────────────────────────────────────────────────────────────────────────────────────────────────────────────────────────────────┤
│ train_4d2ce_00000   RUNNING                     200                   128                      1                  500              3                     3                    1e-05                     0.01               0       77            471.506   0.476857 │
╰─────────────────────────────────────────────────────────────────────────────────────────────────────────────────────────────────────────────────────────────────────────────────────────────────────────────────────────────────────────────────────────────────────╯
Trial status: 1 RUNNING
Current time: 2024-04-24 12:56:23. Total running time: 8min 31s
Logical resource usage: 4.0/48 CPUs, 1.0/1 GPUs (0.0/1.0 accelerator_type:A100)
Current best trial: 4d2ce_00000 with loss=0.4747539758682251 and params={'model': {'latent_size': 3}, 'task_wrapper': {'weight_decay': 1e-05, 'learning_rate': 0.01}, 'trainer': {'max_epochs': 200}, 'params': {'seed': 0, 'batch_size': 128, 'num_workers': 1, 'n_samples': 500}, 'env_task': {'n': 3}}
╭─────────────────────────────────────────────────────────────────────────────────────────────────────────────────────────────────────────────────────────────────────────────────────────────────────────────────────────────────────────────────────────────────────╮
│ Trial name          status       trainer/max_epochs     params/batch_size     params/num_workers     params/n_samples     env_task/n     model/latent_size     ...pper/weight_decay     ...per/learning_rate     params/seed     iter     total time (s)       loss │
├─────────────────────────────────────────────────────────────────────────────────────────────────────────────────────────────────────────────────────────────────────────────────────────────────────────────────────────────────────────────────────────────────────┤
│ train_4d2ce_00000   RUNNING                     200                   128                      1                  500              3                     3                    1e-05                     0.01               0       82            500.465   0.474754 │
╰─────────────────────────────────────────────────────────────────────────────────────────────────────────────────────────────────────────────────────────────────────────────────────────────────────────────────────────────────────────────────────────────────────╯
Trial status: 1 RUNNING
Current time: 2024-04-24 12:56:53. Total running time: 9min 1s
Logical resource usage: 4.0/48 CPUs, 1.0/1 GPUs (0.0/1.0 accelerator_type:A100)
Current best trial: 4d2ce_00000 with loss=0.4775497317314148 and params={'model': {'latent_size': 3}, 'task_wrapper': {'weight_decay': 1e-05, 'learning_rate': 0.01}, 'trainer': {'max_epochs': 200}, 'params': {'seed': 0, 'batch_size': 128, 'num_workers': 1, 'n_samples': 500}, 'env_task': {'n': 3}}
╭────────────────────────────────────────────────────────────────────────────────────────────────────────────────────────────────────────────────────────────────────────────────────────────────────────────────────────────────────────────────────────────────────╮
│ Trial name          status       trainer/max_epochs     params/batch_size     params/num_workers     params/n_samples     env_task/n     model/latent_size     ...pper/weight_decay     ...per/learning_rate     params/seed     iter     total time (s)      loss │
├────────────────────────────────────────────────────────────────────────────────────────────────────────────────────────────────────────────────────────────────────────────────────────────────────────────────────────────────────────────────────────────────────┤
│ train_4d2ce_00000   RUNNING                     200                   128                      1                  500              3                     3                    1e-05                     0.01               0       87            529.292   0.47755 │
╰────────────────────────────────────────────────────────────────────────────────────────────────────────────────────────────────────────────────────────────────────────────────────────────────────────────────────────────────────────────────────────────────────╯
Trial status: 1 RUNNING
Current time: 2024-04-24 12:57:23. Total running time: 9min 31s
Logical resource usage: 4.0/48 CPUs, 1.0/1 GPUs (0.0/1.0 accelerator_type:A100)
Current best trial: 4d2ce_00000 with loss=0.4747118651866913 and params={'model': {'latent_size': 3}, 'task_wrapper': {'weight_decay': 1e-05, 'learning_rate': 0.01}, 'trainer': {'max_epochs': 200}, 'params': {'seed': 0, 'batch_size': 128, 'num_workers': 1, 'n_samples': 500}, 'env_task': {'n': 3}}
╭─────────────────────────────────────────────────────────────────────────────────────────────────────────────────────────────────────────────────────────────────────────────────────────────────────────────────────────────────────────────────────────────────────╮
│ Trial name          status       trainer/max_epochs     params/batch_size     params/num_workers     params/n_samples     env_task/n     model/latent_size     ...pper/weight_decay     ...per/learning_rate     params/seed     iter     total time (s)       loss │
├─────────────────────────────────────────────────────────────────────────────────────────────────────────────────────────────────────────────────────────────────────────────────────────────────────────────────────────────────────────────────────────────────────┤
│ train_4d2ce_00000   RUNNING                     200                   128                      1                  500              3                     3                    1e-05                     0.01               0       92            559.474   0.474712 │
╰─────────────────────────────────────────────────────────────────────────────────────────────────────────────────────────────────────────────────────────────────────────────────────────────────────────────────────────────────────────────────────────────────────╯
Trial status: 1 RUNNING
Current time: 2024-04-24 12:57:53. Total running time: 10min 1s
Logical resource usage: 4.0/48 CPUs, 1.0/1 GPUs (0.0/1.0 accelerator_type:A100)
Current best trial: 4d2ce_00000 with loss=0.47451531887054443 and params={'model': {'latent_size': 3}, 'task_wrapper': {'weight_decay': 1e-05, 'learning_rate': 0.01}, 'trainer': {'max_epochs': 200}, 'params': {'seed': 0, 'batch_size': 128, 'num_workers': 1, 'n_samples': 500}, 'env_task': {'n': 3}}
╭─────────────────────────────────────────────────────────────────────────────────────────────────────────────────────────────────────────────────────────────────────────────────────────────────────────────────────────────────────────────────────────────────────╮
│ Trial name          status       trainer/max_epochs     params/batch_size     params/num_workers     params/n_samples     env_task/n     model/latent_size     ...pper/weight_decay     ...per/learning_rate     params/seed     iter     total time (s)       loss │
├─────────────────────────────────────────────────────────────────────────────────────────────────────────────────────────────────────────────────────────────────────────────────────────────────────────────────────────────────────────────────────────────────────┤
│ train_4d2ce_00000   RUNNING                     200                   128                      1                  500              3                     3                    1e-05                     0.01               0       97            588.171   0.474515 │
╰─────────────────────────────────────────────────────────────────────────────────────────────────────────────────────────────────────────────────────────────────────────────────────────────────────────────────────────────────────────────────────────────────────╯
Trial status: 1 RUNNING
Current time: 2024-04-24 12:58:24. Total running time: 10min 31s
Logical resource usage: 4.0/48 CPUs, 1.0/1 GPUs (0.0/1.0 accelerator_type:A100)
Current best trial: 4d2ce_00000 with loss=0.47479161620140076 and params={'model': {'latent_size': 3}, 'task_wrapper': {'weight_decay': 1e-05, 'learning_rate': 0.01}, 'trainer': {'max_epochs': 200}, 'params': {'seed': 0, 'batch_size': 128, 'num_workers': 1, 'n_samples': 500}, 'env_task': {'n': 3}}
╭─────────────────────────────────────────────────────────────────────────────────────────────────────────────────────────────────────────────────────────────────────────────────────────────────────────────────────────────────────────────────────────────────────╮
│ Trial name          status       trainer/max_epochs     params/batch_size     params/num_workers     params/n_samples     env_task/n     model/latent_size     ...pper/weight_decay     ...per/learning_rate     params/seed     iter     total time (s)       loss │
├─────────────────────────────────────────────────────────────────────────────────────────────────────────────────────────────────────────────────────────────────────────────────────────────────────────────────────────────────────────────────────────────────────┤
│ train_4d2ce_00000   RUNNING                     200                   128                      1                  500              3                     3                    1e-05                     0.01               0      103            622.372   0.474792 │
╰─────────────────────────────────────────────────────────────────────────────────────────────────────────────────────────────────────────────────────────────────────────────────────────────────────────────────────────────────────────────────────────────────────╯
Trial status: 1 RUNNING
Current time: 2024-04-24 12:58:54. Total running time: 11min 1s
Logical resource usage: 4.0/48 CPUs, 1.0/1 GPUs (0.0/1.0 accelerator_type:A100)
Current best trial: 4d2ce_00000 with loss=0.4745086431503296 and params={'model': {'latent_size': 3}, 'task_wrapper': {'weight_decay': 1e-05, 'learning_rate': 0.01}, 'trainer': {'max_epochs': 200}, 'params': {'seed': 0, 'batch_size': 128, 'num_workers': 1, 'n_samples': 500}, 'env_task': {'n': 3}}
╭─────────────────────────────────────────────────────────────────────────────────────────────────────────────────────────────────────────────────────────────────────────────────────────────────────────────────────────────────────────────────────────────────────╮
│ Trial name          status       trainer/max_epochs     params/batch_size     params/num_workers     params/n_samples     env_task/n     model/latent_size     ...pper/weight_decay     ...per/learning_rate     params/seed     iter     total time (s)       loss │
├─────────────────────────────────────────────────────────────────────────────────────────────────────────────────────────────────────────────────────────────────────────────────────────────────────────────────────────────────────────────────────────────────────┤
│ train_4d2ce_00000   RUNNING                     200                   128                      1                  500              3                     3                    1e-05                     0.01               0      108            651.781   0.474509 │
╰─────────────────────────────────────────────────────────────────────────────────────────────────────────────────────────────────────────────────────────────────────────────────────────────────────────────────────────────────────────────────────────────────────╯
Trial status: 1 RUNNING
Current time: 2024-04-24 12:59:24. Total running time: 11min 31s
Logical resource usage: 4.0/48 CPUs, 1.0/1 GPUs (0.0/1.0 accelerator_type:A100)
Current best trial: 4d2ce_00000 with loss=0.47479647397994995 and params={'model': {'latent_size': 3}, 'task_wrapper': {'weight_decay': 1e-05, 'learning_rate': 0.01}, 'trainer': {'max_epochs': 200}, 'params': {'seed': 0, 'batch_size': 128, 'num_workers': 1, 'n_samples': 500}, 'env_task': {'n': 3}}
╭─────────────────────────────────────────────────────────────────────────────────────────────────────────────────────────────────────────────────────────────────────────────────────────────────────────────────────────────────────────────────────────────────────╮
│ Trial name          status       trainer/max_epochs     params/batch_size     params/num_workers     params/n_samples     env_task/n     model/latent_size     ...pper/weight_decay     ...per/learning_rate     params/seed     iter     total time (s)       loss │
├─────────────────────────────────────────────────────────────────────────────────────────────────────────────────────────────────────────────────────────────────────────────────────────────────────────────────────────────────────────────────────────────────────┤
│ train_4d2ce_00000   RUNNING                     200                   128                      1                  500              3                     3                    1e-05                     0.01               0      113            680.338   0.474796 │
╰─────────────────────────────────────────────────────────────────────────────────────────────────────────────────────────────────────────────────────────────────────────────────────────────────────────────────────────────────────────────────────────────────────╯
Trial status: 1 RUNNING
Current time: 2024-04-24 12:59:54. Total running time: 12min 1s
Logical resource usage: 4.0/48 CPUs, 1.0/1 GPUs (0.0/1.0 accelerator_type:A100)
Current best trial: 4d2ce_00000 with loss=0.47615423798561096 and params={'model': {'latent_size': 3}, 'task_wrapper': {'weight_decay': 1e-05, 'learning_rate': 0.01}, 'trainer': {'max_epochs': 200}, 'params': {'seed': 0, 'batch_size': 128, 'num_workers': 1, 'n_samples': 500}, 'env_task': {'n': 3}}
╭─────────────────────────────────────────────────────────────────────────────────────────────────────────────────────────────────────────────────────────────────────────────────────────────────────────────────────────────────────────────────────────────────────╮
│ Trial name          status       trainer/max_epochs     params/batch_size     params/num_workers     params/n_samples     env_task/n     model/latent_size     ...pper/weight_decay     ...per/learning_rate     params/seed     iter     total time (s)       loss │
├─────────────────────────────────────────────────────────────────────────────────────────────────────────────────────────────────────────────────────────────────────────────────────────────────────────────────────────────────────────────────────────────────────┤
│ train_4d2ce_00000   RUNNING                     200                   128                      1                  500              3                     3                    1e-05                     0.01               0      118            709.262   0.476154 │
╰─────────────────────────────────────────────────────────────────────────────────────────────────────────────────────────────────────────────────────────────────────────────────────────────────────────────────────────────────────────────────────────────────────╯
Trial status: 1 RUNNING
Current time: 2024-04-24 13:00:24. Total running time: 12min 31s
Logical resource usage: 4.0/48 CPUs, 1.0/1 GPUs (0.0/1.0 accelerator_type:A100)
Current best trial: 4d2ce_00000 with loss=0.4748934209346771 and params={'model': {'latent_size': 3}, 'task_wrapper': {'weight_decay': 1e-05, 'learning_rate': 0.01}, 'trainer': {'max_epochs': 200}, 'params': {'seed': 0, 'batch_size': 128, 'num_workers': 1, 'n_samples': 500}, 'env_task': {'n': 3}}
╭─────────────────────────────────────────────────────────────────────────────────────────────────────────────────────────────────────────────────────────────────────────────────────────────────────────────────────────────────────────────────────────────────────╮
│ Trial name          status       trainer/max_epochs     params/batch_size     params/num_workers     params/n_samples     env_task/n     model/latent_size     ...pper/weight_decay     ...per/learning_rate     params/seed     iter     total time (s)       loss │
├─────────────────────────────────────────────────────────────────────────────────────────────────────────────────────────────────────────────────────────────────────────────────────────────────────────────────────────────────────────────────────────────────────┤
│ train_4d2ce_00000   RUNNING                     200                   128                      1                  500              3                     3                    1e-05                     0.01               0      123            737.995   0.474893 │
╰─────────────────────────────────────────────────────────────────────────────────────────────────────────────────────────────────────────────────────────────────────────────────────────────────────────────────────────────────────────────────────────────────────╯
Trial status: 1 RUNNING
Current time: 2024-04-24 13:00:54. Total running time: 13min 1s
Logical resource usage: 4.0/48 CPUs, 1.0/1 GPUs (0.0/1.0 accelerator_type:A100)
Current best trial: 4d2ce_00000 with loss=0.4751053750514984 and params={'model': {'latent_size': 3}, 'task_wrapper': {'weight_decay': 1e-05, 'learning_rate': 0.01}, 'trainer': {'max_epochs': 200}, 'params': {'seed': 0, 'batch_size': 128, 'num_workers': 1, 'n_samples': 500}, 'env_task': {'n': 3}}
╭─────────────────────────────────────────────────────────────────────────────────────────────────────────────────────────────────────────────────────────────────────────────────────────────────────────────────────────────────────────────────────────────────────╮
│ Trial name          status       trainer/max_epochs     params/batch_size     params/num_workers     params/n_samples     env_task/n     model/latent_size     ...pper/weight_decay     ...per/learning_rate     params/seed     iter     total time (s)       loss │
├─────────────────────────────────────────────────────────────────────────────────────────────────────────────────────────────────────────────────────────────────────────────────────────────────────────────────────────────────────────────────────────────────────┤
│ train_4d2ce_00000   RUNNING                     200                   128                      1                  500              3                     3                    1e-05                     0.01               0      129             773.12   0.475105 │
╰─────────────────────────────────────────────────────────────────────────────────────────────────────────────────────────────────────────────────────────────────────────────────────────────────────────────────────────────────────────────────────────────────────╯
Trial status: 1 RUNNING
Current time: 2024-04-24 13:01:24. Total running time: 13min 31s
Logical resource usage: 4.0/48 CPUs, 1.0/1 GPUs (0.0/1.0 accelerator_type:A100)
Current best trial: 4d2ce_00000 with loss=0.4768108129501343 and params={'model': {'latent_size': 3}, 'task_wrapper': {'weight_decay': 1e-05, 'learning_rate': 0.01}, 'trainer': {'max_epochs': 200}, 'params': {'seed': 0, 'batch_size': 128, 'num_workers': 1, 'n_samples': 500}, 'env_task': {'n': 3}}
╭─────────────────────────────────────────────────────────────────────────────────────────────────────────────────────────────────────────────────────────────────────────────────────────────────────────────────────────────────────────────────────────────────────╮
│ Trial name          status       trainer/max_epochs     params/batch_size     params/num_workers     params/n_samples     env_task/n     model/latent_size     ...pper/weight_decay     ...per/learning_rate     params/seed     iter     total time (s)       loss │
├─────────────────────────────────────────────────────────────────────────────────────────────────────────────────────────────────────────────────────────────────────────────────────────────────────────────────────────────────────────────────────────────────────┤
│ train_4d2ce_00000   RUNNING                     200                   128                      1                  500              3                     3                    1e-05                     0.01               0      134            802.564   0.476811 │
╰─────────────────────────────────────────────────────────────────────────────────────────────────────────────────────────────────────────────────────────────────────────────────────────────────────────────────────────────────────────────────────────────────────╯
Trial status: 1 RUNNING
Current time: 2024-04-24 13:01:54. Total running time: 14min 2s
Logical resource usage: 4.0/48 CPUs, 1.0/1 GPUs (0.0/1.0 accelerator_type:A100)
Current best trial: 4d2ce_00000 with loss=0.47768351435661316 and params={'model': {'latent_size': 3}, 'task_wrapper': {'weight_decay': 1e-05, 'learning_rate': 0.01}, 'trainer': {'max_epochs': 200}, 'params': {'seed': 0, 'batch_size': 128, 'num_workers': 1, 'n_samples': 500}, 'env_task': {'n': 3}}
╭─────────────────────────────────────────────────────────────────────────────────────────────────────────────────────────────────────────────────────────────────────────────────────────────────────────────────────────────────────────────────────────────────────╮
│ Trial name          status       trainer/max_epochs     params/batch_size     params/num_workers     params/n_samples     env_task/n     model/latent_size     ...pper/weight_decay     ...per/learning_rate     params/seed     iter     total time (s)       loss │
├─────────────────────────────────────────────────────────────────────────────────────────────────────────────────────────────────────────────────────────────────────────────────────────────────────────────────────────────────────────────────────────────────────┤
│ train_4d2ce_00000   RUNNING                     200                   128                      1                  500              3                     3                    1e-05                     0.01               0      139             831.43   0.477684 │
╰─────────────────────────────────────────────────────────────────────────────────────────────────────────────────────────────────────────────────────────────────────────────────────────────────────────────────────────────────────────────────────────────────────╯
Trial status: 1 RUNNING
Current time: 2024-04-24 13:02:24. Total running time: 14min 32s
Logical resource usage: 4.0/48 CPUs, 1.0/1 GPUs (0.0/1.0 accelerator_type:A100)
Current best trial: 4d2ce_00000 with loss=0.47874850034713745 and params={'model': {'latent_size': 3}, 'task_wrapper': {'weight_decay': 1e-05, 'learning_rate': 0.01}, 'trainer': {'max_epochs': 200}, 'params': {'seed': 0, 'batch_size': 128, 'num_workers': 1, 'n_samples': 500}, 'env_task': {'n': 3}}
╭─────────────────────────────────────────────────────────────────────────────────────────────────────────────────────────────────────────────────────────────────────────────────────────────────────────────────────────────────────────────────────────────────────╮
│ Trial name          status       trainer/max_epochs     params/batch_size     params/num_workers     params/n_samples     env_task/n     model/latent_size     ...pper/weight_decay     ...per/learning_rate     params/seed     iter     total time (s)       loss │
├─────────────────────────────────────────────────────────────────────────────────────────────────────────────────────────────────────────────────────────────────────────────────────────────────────────────────────────────────────────────────────────────────────┤
│ train_4d2ce_00000   RUNNING                     200                   128                      1                  500              3                     3                    1e-05                     0.01               0      144            860.857   0.478749 │
╰─────────────────────────────────────────────────────────────────────────────────────────────────────────────────────────────────────────────────────────────────────────────────────────────────────────────────────────────────────────────────────────────────────╯
Trial status: 1 RUNNING
Current time: 2024-04-24 13:02:54. Total running time: 15min 2s
Logical resource usage: 4.0/48 CPUs, 1.0/1 GPUs (0.0/1.0 accelerator_type:A100)
Current best trial: 4d2ce_00000 with loss=0.474715918302536 and params={'model': {'latent_size': 3}, 'task_wrapper': {'weight_decay': 1e-05, 'learning_rate': 0.01}, 'trainer': {'max_epochs': 200}, 'params': {'seed': 0, 'batch_size': 128, 'num_workers': 1, 'n_samples': 500}, 'env_task': {'n': 3}}
╭─────────────────────────────────────────────────────────────────────────────────────────────────────────────────────────────────────────────────────────────────────────────────────────────────────────────────────────────────────────────────────────────────────╮
│ Trial name          status       trainer/max_epochs     params/batch_size     params/num_workers     params/n_samples     env_task/n     model/latent_size     ...pper/weight_decay     ...per/learning_rate     params/seed     iter     total time (s)       loss │
├─────────────────────────────────────────────────────────────────────────────────────────────────────────────────────────────────────────────────────────────────────────────────────────────────────────────────────────────────────────────────────────────────────┤
│ train_4d2ce_00000   RUNNING                     200                   128                      1                  500              3                     3                    1e-05                     0.01               0      149            890.185   0.474716 │
╰─────────────────────────────────────────────────────────────────────────────────────────────────────────────────────────────────────────────────────────────────────────────────────────────────────────────────────────────────────────────────────────────────────╯
Trial status: 1 RUNNING
Current time: 2024-04-24 13:03:24. Total running time: 15min 32s
Logical resource usage: 4.0/48 CPUs, 1.0/1 GPUs (0.0/1.0 accelerator_type:A100)
Current best trial: 4d2ce_00000 with loss=0.4775274395942688 and params={'model': {'latent_size': 3}, 'task_wrapper': {'weight_decay': 1e-05, 'learning_rate': 0.01}, 'trainer': {'max_epochs': 200}, 'params': {'seed': 0, 'batch_size': 128, 'num_workers': 1, 'n_samples': 500}, 'env_task': {'n': 3}}
╭─────────────────────────────────────────────────────────────────────────────────────────────────────────────────────────────────────────────────────────────────────────────────────────────────────────────────────────────────────────────────────────────────────╮
│ Trial name          status       trainer/max_epochs     params/batch_size     params/num_workers     params/n_samples     env_task/n     model/latent_size     ...pper/weight_decay     ...per/learning_rate     params/seed     iter     total time (s)       loss │
├─────────────────────────────────────────────────────────────────────────────────────────────────────────────────────────────────────────────────────────────────────────────────────────────────────────────────────────────────────────────────────────────────────┤
│ train_4d2ce_00000   RUNNING                     200                   128                      1                  500              3                     3                    1e-05                     0.01               0      154            919.641   0.477527 │
╰─────────────────────────────────────────────────────────────────────────────────────────────────────────────────────────────────────────────────────────────────────────────────────────────────────────────────────────────────────────────────────────────────────╯
Trial status: 1 RUNNING
Current time: 2024-04-24 13:03:54. Total running time: 16min 2s
Logical resource usage: 4.0/48 CPUs, 1.0/1 GPUs (0.0/1.0 accelerator_type:A100)
Current best trial: 4d2ce_00000 with loss=0.47534263134002686 and params={'model': {'latent_size': 3}, 'task_wrapper': {'weight_decay': 1e-05, 'learning_rate': 0.01}, 'trainer': {'max_epochs': 200}, 'params': {'seed': 0, 'batch_size': 128, 'num_workers': 1, 'n_samples': 500}, 'env_task': {'n': 3}}
╭─────────────────────────────────────────────────────────────────────────────────────────────────────────────────────────────────────────────────────────────────────────────────────────────────────────────────────────────────────────────────────────────────────╮
│ Trial name          status       trainer/max_epochs     params/batch_size     params/num_workers     params/n_samples     env_task/n     model/latent_size     ...pper/weight_decay     ...per/learning_rate     params/seed     iter     total time (s)       loss │
├─────────────────────────────────────────────────────────────────────────────────────────────────────────────────────────────────────────────────────────────────────────────────────────────────────────────────────────────────────────────────────────────────────┤
│ train_4d2ce_00000   RUNNING                     200                   128                      1                  500              3                     3                    1e-05                     0.01               0      159            949.617   0.475343 │
╰─────────────────────────────────────────────────────────────────────────────────────────────────────────────────────────────────────────────────────────────────────────────────────────────────────────────────────────────────────────────────────────────────────╯
Trial status: 1 RUNNING
Current time: 2024-04-24 13:04:24. Total running time: 16min 32s
Logical resource usage: 4.0/48 CPUs, 1.0/1 GPUs (0.0/1.0 accelerator_type:A100)
Current best trial: 4d2ce_00000 with loss=0.47477883100509644 and params={'model': {'latent_size': 3}, 'task_wrapper': {'weight_decay': 1e-05, 'learning_rate': 0.01}, 'trainer': {'max_epochs': 200}, 'params': {'seed': 0, 'batch_size': 128, 'num_workers': 1, 'n_samples': 500}, 'env_task': {'n': 3}}
╭─────────────────────────────────────────────────────────────────────────────────────────────────────────────────────────────────────────────────────────────────────────────────────────────────────────────────────────────────────────────────────────────────────╮
│ Trial name          status       trainer/max_epochs     params/batch_size     params/num_workers     params/n_samples     env_task/n     model/latent_size     ...pper/weight_decay     ...per/learning_rate     params/seed     iter     total time (s)       loss │
├─────────────────────────────────────────────────────────────────────────────────────────────────────────────────────────────────────────────────────────────────────────────────────────────────────────────────────────────────────────────────────────────────────┤
│ train_4d2ce_00000   RUNNING                     200                   128                      1                  500              3                     3                    1e-05                     0.01               0      164            978.823   0.474779 │
╰─────────────────────────────────────────────────────────────────────────────────────────────────────────────────────────────────────────────────────────────────────────────────────────────────────────────────────────────────────────────────────────────────────╯
Trial status: 1 RUNNING
Current time: 2024-04-24 13:04:54. Total running time: 17min 2s
Logical resource usage: 4.0/48 CPUs, 1.0/1 GPUs (0.0/1.0 accelerator_type:A100)
Current best trial: 4d2ce_00000 with loss=0.47552451491355896 and params={'model': {'latent_size': 3}, 'task_wrapper': {'weight_decay': 1e-05, 'learning_rate': 0.01}, 'trainer': {'max_epochs': 200}, 'params': {'seed': 0, 'batch_size': 128, 'num_workers': 1, 'n_samples': 500}, 'env_task': {'n': 3}}
╭─────────────────────────────────────────────────────────────────────────────────────────────────────────────────────────────────────────────────────────────────────────────────────────────────────────────────────────────────────────────────────────────────────╮
│ Trial name          status       trainer/max_epochs     params/batch_size     params/num_workers     params/n_samples     env_task/n     model/latent_size     ...pper/weight_decay     ...per/learning_rate     params/seed     iter     total time (s)       loss │
├─────────────────────────────────────────────────────────────────────────────────────────────────────────────────────────────────────────────────────────────────────────────────────────────────────────────────────────────────────────────────────────────────────┤
│ train_4d2ce_00000   RUNNING                     200                   128                      1                  500              3                     3                    1e-05                     0.01               0      169            1007.53   0.475525 │
╰─────────────────────────────────────────────────────────────────────────────────────────────────────────────────────────────────────────────────────────────────────────────────────────────────────────────────────────────────────────────────────────────────────╯
Trial status: 1 RUNNING
Current time: 2024-04-24 13:05:25. Total running time: 17min 32s
Logical resource usage: 4.0/48 CPUs, 1.0/1 GPUs (0.0/1.0 accelerator_type:A100)
Current best trial: 4d2ce_00000 with loss=0.47752276062965393 and params={'model': {'latent_size': 3}, 'task_wrapper': {'weight_decay': 1e-05, 'learning_rate': 0.01}, 'trainer': {'max_epochs': 200}, 'params': {'seed': 0, 'batch_size': 128, 'num_workers': 1, 'n_samples': 500}, 'env_task': {'n': 3}}
╭─────────────────────────────────────────────────────────────────────────────────────────────────────────────────────────────────────────────────────────────────────────────────────────────────────────────────────────────────────────────────────────────────────╮
│ Trial name          status       trainer/max_epochs     params/batch_size     params/num_workers     params/n_samples     env_task/n     model/latent_size     ...pper/weight_decay     ...per/learning_rate     params/seed     iter     total time (s)       loss │
├─────────────────────────────────────────────────────────────────────────────────────────────────────────────────────────────────────────────────────────────────────────────────────────────────────────────────────────────────────────────────────────────────────┤
│ train_4d2ce_00000   RUNNING                     200                   128                      1                  500              3                     3                    1e-05                     0.01               0      175            1043.69   0.477523 │
╰─────────────────────────────────────────────────────────────────────────────────────────────────────────────────────────────────────────────────────────────────────────────────────────────────────────────────────────────────────────────────────────────────────╯
Trial status: 1 RUNNING
Current time: 2024-04-24 13:05:55. Total running time: 18min 2s
Logical resource usage: 4.0/48 CPUs, 1.0/1 GPUs (0.0/1.0 accelerator_type:A100)
Current best trial: 4d2ce_00000 with loss=0.47571083903312683 and params={'model': {'latent_size': 3}, 'task_wrapper': {'weight_decay': 1e-05, 'learning_rate': 0.01}, 'trainer': {'max_epochs': 200}, 'params': {'seed': 0, 'batch_size': 128, 'num_workers': 1, 'n_samples': 500}, 'env_task': {'n': 3}}
╭─────────────────────────────────────────────────────────────────────────────────────────────────────────────────────────────────────────────────────────────────────────────────────────────────────────────────────────────────────────────────────────────────────╮
│ Trial name          status       trainer/max_epochs     params/batch_size     params/num_workers     params/n_samples     env_task/n     model/latent_size     ...pper/weight_decay     ...per/learning_rate     params/seed     iter     total time (s)       loss │
├─────────────────────────────────────────────────────────────────────────────────────────────────────────────────────────────────────────────────────────────────────────────────────────────────────────────────────────────────────────────────────────────────────┤
│ train_4d2ce_00000   RUNNING                     200                   128                      1                  500              3                     3                    1e-05                     0.01               0      180             1072.8   0.475711 │
╰─────────────────────────────────────────────────────────────────────────────────────────────────────────────────────────────────────────────────────────────────────────────────────────────────────────────────────────────────────────────────────────────────────╯
Trial status: 1 RUNNING
Current time: 2024-04-24 13:06:25. Total running time: 18min 32s
Logical resource usage: 4.0/48 CPUs, 1.0/1 GPUs (0.0/1.0 accelerator_type:A100)
Current best trial: 4d2ce_00000 with loss=0.47906655073165894 and params={'model': {'latent_size': 3}, 'task_wrapper': {'weight_decay': 1e-05, 'learning_rate': 0.01}, 'trainer': {'max_epochs': 200}, 'params': {'seed': 0, 'batch_size': 128, 'num_workers': 1, 'n_samples': 500}, 'env_task': {'n': 3}}
╭─────────────────────────────────────────────────────────────────────────────────────────────────────────────────────────────────────────────────────────────────────────────────────────────────────────────────────────────────────────────────────────────────────╮
│ Trial name          status       trainer/max_epochs     params/batch_size     params/num_workers     params/n_samples     env_task/n     model/latent_size     ...pper/weight_decay     ...per/learning_rate     params/seed     iter     total time (s)       loss │
├─────────────────────────────────────────────────────────────────────────────────────────────────────────────────────────────────────────────────────────────────────────────────────────────────────────────────────────────────────────────────────────────────────┤
│ train_4d2ce_00000   RUNNING                     200                   128                      1                  500              3                     3                    1e-05                     0.01               0      185            1101.72   0.479067 │
╰─────────────────────────────────────────────────────────────────────────────────────────────────────────────────────────────────────────────────────────────────────────────────────────────────────────────────────────────────────────────────────────────────────╯
Trial status: 1 RUNNING
Current time: 2024-04-24 13:06:55. Total running time: 19min 2s
Logical resource usage: 4.0/48 CPUs, 1.0/1 GPUs (0.0/1.0 accelerator_type:A100)
Current best trial: 4d2ce_00000 with loss=0.47448575496673584 and params={'model': {'latent_size': 3}, 'task_wrapper': {'weight_decay': 1e-05, 'learning_rate': 0.01}, 'trainer': {'max_epochs': 200}, 'params': {'seed': 0, 'batch_size': 128, 'num_workers': 1, 'n_samples': 500}, 'env_task': {'n': 3}}
╭─────────────────────────────────────────────────────────────────────────────────────────────────────────────────────────────────────────────────────────────────────────────────────────────────────────────────────────────────────────────────────────────────────╮
│ Trial name          status       trainer/max_epochs     params/batch_size     params/num_workers     params/n_samples     env_task/n     model/latent_size     ...pper/weight_decay     ...per/learning_rate     params/seed     iter     total time (s)       loss │
├─────────────────────────────────────────────────────────────────────────────────────────────────────────────────────────────────────────────────────────────────────────────────────────────────────────────────────────────────────────────────────────────────────┤
│ train_4d2ce_00000   RUNNING                     200                   128                      1                  500              3                     3                    1e-05                     0.01               0      190            1130.17   0.474486 │
╰─────────────────────────────────────────────────────────────────────────────────────────────────────────────────────────────────────────────────────────────────────────────────────────────────────────────────────────────────────────────────────────────────────╯
Trial status: 1 RUNNING
Current time: 2024-04-24 13:07:25. Total running time: 19min 32s
Logical resource usage: 4.0/48 CPUs, 1.0/1 GPUs (0.0/1.0 accelerator_type:A100)
Current best trial: 4d2ce_00000 with loss=0.4767687916755676 and params={'model': {'latent_size': 3}, 'task_wrapper': {'weight_decay': 1e-05, 'learning_rate': 0.01}, 'trainer': {'max_epochs': 200}, 'params': {'seed': 0, 'batch_size': 128, 'num_workers': 1, 'n_samples': 500}, 'env_task': {'n': 3}}
╭─────────────────────────────────────────────────────────────────────────────────────────────────────────────────────────────────────────────────────────────────────────────────────────────────────────────────────────────────────────────────────────────────────╮
│ Trial name          status       trainer/max_epochs     params/batch_size     params/num_workers     params/n_samples     env_task/n     model/latent_size     ...pper/weight_decay     ...per/learning_rate     params/seed     iter     total time (s)       loss │
├─────────────────────────────────────────────────────────────────────────────────────────────────────────────────────────────────────────────────────────────────────────────────────────────────────────────────────────────────────────────────────────────────────┤
│ train_4d2ce_00000   RUNNING                     200                   128                      1                  500              3                     3                    1e-05                     0.01               0      195            1159.25   0.476769 │
╰─────────────────────────────────────────────────────────────────────────────────────────────────────────────────────────────────────────────────────────────────────────────────────────────────────────────────────────────────────────────────────────────────────╯
Trial status: 1 RUNNING
Current time: 2024-04-24 13:07:55. Total running time: 20min 2s
Logical resource usage: 4.0/48 CPUs, 1.0/1 GPUs (0.0/1.0 accelerator_type:A100)
Current best trial: 4d2ce_00000 with loss=0.4744630753993988 and params={'model': {'latent_size': 3}, 'task_wrapper': {'weight_decay': 1e-05, 'learning_rate': 0.01}, 'trainer': {'max_epochs': 200}, 'params': {'seed': 0, 'batch_size': 128, 'num_workers': 1, 'n_samples': 500}, 'env_task': {'n': 3}}
╭─────────────────────────────────────────────────────────────────────────────────────────────────────────────────────────────────────────────────────────────────────────────────────────────────────────────────────────────────────────────────────────────────────╮
│ Trial name          status       trainer/max_epochs     params/batch_size     params/num_workers     params/n_samples     env_task/n     model/latent_size     ...pper/weight_decay     ...per/learning_rate     params/seed     iter     total time (s)       loss │
├─────────────────────────────────────────────────────────────────────────────────────────────────────────────────────────────────────────────────────────────────────────────────────────────────────────────────────────────────────────────────────────────────────┤
│ train_4d2ce_00000   RUNNING                     200                   128                      1                  500              3                     3                    1e-05                     0.01               0      200            1187.47   0.474463 │
╰─────────────────────────────────────────────────────────────────────────────────────────────────────────────────────────────────────────────────────────────────────────────────────────────────────────────────────────────────────────────────────────────────────╯

Trial train_4d2ce_00000 completed after 200 iterations at 2024-04-24 13:07:59. Total running time: 20min 7s
╭────────────────────────────────────────────╮
│ Trial train_4d2ce_00000 result             │
├────────────────────────────────────────────┤
│ checkpoint_dir_name                        │
│ time_this_iter_s                   5.73355 │
│ time_total_s                       1187.47 │
│ training_iteration                     200 │
│ loss                               0.47446 │
╰────────────────────────────────────────────╯

Trial status: 1 TERMINATED
Current time: 2024-04-24 13:07:59. Total running time: 20min 7s
Logical resource usage: 4.0/48 CPUs, 1.0/1 GPUs (0.0/1.0 accelerator_type:A100)
Current best trial: 4d2ce_00000 with loss=0.4744630753993988 and params={'model': {'latent_size': 3}, 'task_wrapper': {'weight_decay': 1e-05, 'learning_rate': 0.01}, 'trainer': {'max_epochs': 200}, 'params': {'seed': 0, 'batch_size': 128, 'num_workers': 1, 'n_samples': 500}, 'env_task': {'n': 3}}
╭───────────────────────────────────────────────────────────────────────────────────────────────────────────────────────────────────────────────────────────────────────────────────────────────────────────────────────────────────────────────────────────────────────╮
│ Trial name          status         trainer/max_epochs     params/batch_size     params/num_workers     params/n_samples     env_task/n     model/latent_size     ...pper/weight_decay     ...per/learning_rate     params/seed     iter     total time (s)       loss │
├───────────────────────────────────────────────────────────────────────────────────────────────────────────────────────────────────────────────────────────────────────────────────────────────────────────────────────────────────────────────────────────────────────┤
│ train_4d2ce_00000   TERMINATED                    200                   128                      1                  500              3                     3                    1e-05                     0.01               0      200            1187.47   0.474463 │
╰───────────────────────────────────────────────────────────────────────────────────────────────────────────────────────────────────────────────────────────────────────────────────────────────────────────────────────────────────────────────────────────────────────╯

