2024-03-21 10:37:16,992	INFO worker.py:1724 -- Started a local Ray instance.
2024-03-21 10:37:39,797	INFO tune.py:220 -- Initializing Ray automatically. For cluster usage or custom Ray initialization, call `ray.init(...)` before `tune.run(...)`.
2024-03-21 10:37:39,799	INFO tune.py:592 -- [output] This will use the new output engine with verbosity 1. To disable the new output and use the legacy output engine, set the environment variable RAY_AIR_NEW_OUTPUT=0. For more information, please see https://github.com/ray-project/ray/issues/36949
2024-03-21 10:37:39,820	WARNING tune.py:916 -- AIR_VERBOSITY is set, ignoring passed-in ProgressReporter for now.
[36m(train pid=1786965)[0m /home/ad2002/gnode/ctd/task_modeling/task_train_prep.py:46: UserWarning: 
[36m(train pid=1786965)[0m The version_base parameter is not specified.
[36m(train pid=1786965)[0m Please specify a compatability version level, or None.
[36m(train pid=1786965)[0m Will assume defaults for version 1.1
[36m(train pid=1786965)[0m   with hydra.initialize(
[36m(train pid=1786965)[0m /home/ad2002/gnode/ctd/task_modeling/task_train_prep.py:46: UserWarning: 
[36m(train pid=1786965)[0m The version_base parameter is not specified.
[36m(train pid=1786965)[0m Please specify a compatability version level, or None.
[36m(train pid=1786965)[0m Will assume defaults for version 1.1
[36m(train pid=1786965)[0m   with hydra.initialize(
[36m(train pid=1786965)[0m [rank: 0] Seed set to 0
[36m(train pid=1786965)[0m /home/ad2002/.conda/envs/gnode/lib/python3.10/site-packages/ray/tune/integration/pytorch_lightning.py:194: `ray.tune.integration.pytorch_lightning.TuneReportCallback` is deprecated. Use `ray.tune.integration.pytorch_lightning.TuneReportCheckpointCallback` instead.
[36m(train pid=1786965)[0m GPU available: True (cuda), used: True
[36m(train pid=1786965)[0m TPU available: False, using: 0 TPU cores
[36m(train pid=1786965)[0m IPU available: False, using: 0 IPUs
[36m(train pid=1786965)[0m HPU available: False, using: 0 HPUs
[36m(train pid=1786965)[0m /home/ad2002/.conda/envs/gnode/lib/python3.10/site-packages/lightning_fabric/loggers/csv_logs.py:198: Experiment logs directory ./ exists and is not empty. Previous log files in this directory will be deleted when the new ones are saved!
[36m(train pid=1786965)[0m /home/ad2002/.conda/envs/gnode/lib/python3.10/site-packages/pytorch_lightning/callbacks/model_checkpoint.py:639: Checkpoint directory /home/ad2002/ray_results/train_2024-03-21_10-37-39/0_batch_size=256,n_samples=10,num_workers=12,seed=0,learning_rate=0.0010,weight_decay=0.0000,max_epochs=10 exists and is not empty.
[36m(train pid=1786965)[0m LOCAL_RANK: 0 - CUDA_VISIBLE_DEVICES: [0]
[36m(train pid=1786965)[0m 
[36m(train pid=1786965)[0m   | Name  | Type | Params
[36m(train pid=1786965)[0m -------------------------------
[36m(train pid=1786965)[0m 0 | model | NODE | 35.6 K
[36m(train pid=1786965)[0m -------------------------------
[36m(train pid=1786965)[0m 35.6 K    Trainable params
[36m(train pid=1786965)[0m 0         Non-trainable params
[36m(train pid=1786965)[0m 35.6 K    Total params
[36m(train pid=1786965)[0m 0.142     Total estimated model params size (MB)
[36m(train pid=1786965)[0m SLURM auto-requeueing enabled. Setting signal handlers.
[36m(train pid=1786965)[0m /home/ad2002/.conda/envs/gnode/lib/python3.10/site-packages/torch/utils/data/dataloader.py:554: UserWarning: This DataLoader will create 4 worker processes in total. Our suggested max number of worker in current system is 1, which is smaller than what this DataLoader is going to create. Please be aware that excessive worker creation might get DataLoader running slow or even freeze, lower the worker number to avoid potential slowness/freeze if necessary.
[36m(train pid=1786965)[0m   warnings.warn(_create_warning_msg(
[36m(train pid=1786965)[0m /home/ad2002/.conda/envs/gnode/lib/python3.10/site-packages/pytorch_lightning/loops/fit_loop.py:293: The number of training batches (4) is smaller than the logging interval Trainer(log_every_n_steps=100). Set a lower value for log_every_n_steps if you want to see logs for the training epoch.
[36m(train pid=1786965)[0m `Trainer.fit` stopped: `max_epochs=10` reached.
╭──────────────────────────────────────────────────────────────╮
│ Configuration for experiment     train_2024-03-21_10-37-39   │
├──────────────────────────────────────────────────────────────┤
│ Search algorithm                 BasicVariantGenerator       │
│ Scheduler                        FIFOScheduler               │
│ Number of trials                 1                           │
╰──────────────────────────────────────────────────────────────╯

View detailed results here: /scratch/network/ad2002/content/runs/task-trained/20240321_NODE_N3BFF_trial/train_2024-03-21_10-37-39
To visualize your results with TensorBoard, run: `tensorboard --logdir /home/ad2002/ray_results/train_2024-03-21_10-37-39`

Trial status: 1 PENDING
Current time: 2024-03-21 10:37:39. Total running time: 0s
Logical resource usage: 0/56 CPUs, 0/1 GPUs (0.0/1.0 accelerator_type:V100)
╭─────────────────────────────────────────────────────────────────────────────────────────────────────────────────────────────────────────────────────────────────────────────────────────╮
│ Trial name          status       trainer/max_epochs     params/batch_size     params/num_workers     params/n_samples     ...pper/weight_decay     ...per/learning_rate     params/seed │
├─────────────────────────────────────────────────────────────────────────────────────────────────────────────────────────────────────────────────────────────────────────────────────────┤
│ train_81fd3_00000   PENDING                      10                   256                     12                   10                    1e-08                    0.001               0 │
╰─────────────────────────────────────────────────────────────────────────────────────────────────────────────────────────────────────────────────────────────────────────────────────────╯

Trial train_81fd3_00000 started with configuration:
╭──────────────────────────────────────────╮
│ Trial train_81fd3_00000 config           │
├──────────────────────────────────────────┤
│ params/batch_size                    256 │
│ params/n_samples                      10 │
│ params/num_workers                    12 │
│ params/seed                            0 │
│ task_wrapper/learning_rate         0.001 │
│ task_wrapper/weight_decay          1e-08 │
│ trainer/max_epochs                    10 │
╰──────────────────────────────────────────╯

Trial status: 1 RUNNING
Current time: 2024-03-21 10:38:10. Total running time: 30s
Logical resource usage: 2.0/56 CPUs, 1.0/1 GPUs (0.0/1.0 accelerator_type:V100)
Current best trial: 81fd3_00000 with loss=0.35744255781173706 and params={'task_wrapper': {'weight_decay': 1e-08, 'learning_rate': 0.001}, 'trainer': {'max_epochs': 10}, 'params': {'seed': 0, 'batch_size': 256, 'num_workers': 12, 'n_samples': 10}}
╭────────────────────────────────────────────────────────────────────────────────────────────────────────────────────────────────────────────────────────────────────────────────────────────────────────────────────────────────╮
│ Trial name          status       trainer/max_epochs     params/batch_size     params/num_workers     params/n_samples     ...pper/weight_decay     ...per/learning_rate     params/seed     iter     total time (s)       loss │
├────────────────────────────────────────────────────────────────────────────────────────────────────────────────────────────────────────────────────────────────────────────────────────────────────────────────────────────────┤
│ train_81fd3_00000   RUNNING                      10                   256                     12                   10                    1e-08                    0.001               0        1            17.9435   0.357443 │
╰────────────────────────────────────────────────────────────────────────────────────────────────────────────────────────────────────────────────────────────────────────────────────────────────────────────────────────────────╯
Trial status: 1 RUNNING
Current time: 2024-03-21 10:38:40. Total running time: 1min 0s
Logical resource usage: 2.0/56 CPUs, 1.0/1 GPUs (0.0/1.0 accelerator_type:V100)
Current best trial: 81fd3_00000 with loss=0.2369769811630249 and params={'task_wrapper': {'weight_decay': 1e-08, 'learning_rate': 0.001}, 'trainer': {'max_epochs': 10}, 'params': {'seed': 0, 'batch_size': 256, 'num_workers': 12, 'n_samples': 10}}
╭────────────────────────────────────────────────────────────────────────────────────────────────────────────────────────────────────────────────────────────────────────────────────────────────────────────────────────────────╮
│ Trial name          status       trainer/max_epochs     params/batch_size     params/num_workers     params/n_samples     ...pper/weight_decay     ...per/learning_rate     params/seed     iter     total time (s)       loss │
├────────────────────────────────────────────────────────────────────────────────────────────────────────────────────────────────────────────────────────────────────────────────────────────────────────────────────────────────┤
│ train_81fd3_00000   RUNNING                      10                   256                     12                   10                    1e-08                    0.001               0        4            48.1799   0.236977 │
╰────────────────────────────────────────────────────────────────────────────────────────────────────────────────────────────────────────────────────────────────────────────────────────────────────────────────────────────────╯
Trial status: 1 RUNNING
Current time: 2024-03-21 10:39:10. Total running time: 1min 30s
Logical resource usage: 2.0/56 CPUs, 1.0/1 GPUs (0.0/1.0 accelerator_type:V100)
Current best trial: 81fd3_00000 with loss=0.22780296206474304 and params={'task_wrapper': {'weight_decay': 1e-08, 'learning_rate': 0.001}, 'trainer': {'max_epochs': 10}, 'params': {'seed': 0, 'batch_size': 256, 'num_workers': 12, 'n_samples': 10}}
╭────────────────────────────────────────────────────────────────────────────────────────────────────────────────────────────────────────────────────────────────────────────────────────────────────────────────────────────────╮
│ Trial name          status       trainer/max_epochs     params/batch_size     params/num_workers     params/n_samples     ...pper/weight_decay     ...per/learning_rate     params/seed     iter     total time (s)       loss │
├────────────────────────────────────────────────────────────────────────────────────────────────────────────────────────────────────────────────────────────────────────────────────────────────────────────────────────────────┤
│ train_81fd3_00000   RUNNING                      10                   256                     12                   10                    1e-08                    0.001               0        7            79.2139   0.227803 │
╰────────────────────────────────────────────────────────────────────────────────────────────────────────────────────────────────────────────────────────────────────────────────────────────────────────────────────────────────╯
Trial status: 1 RUNNING
Current time: 2024-03-21 10:39:40. Total running time: 2min 0s
Logical resource usage: 2.0/56 CPUs, 1.0/1 GPUs (0.0/1.0 accelerator_type:V100)
Current best trial: 81fd3_00000 with loss=0.22331218421459198 and params={'task_wrapper': {'weight_decay': 1e-08, 'learning_rate': 0.001}, 'trainer': {'max_epochs': 10}, 'params': {'seed': 0, 'batch_size': 256, 'num_workers': 12, 'n_samples': 10}}
╭────────────────────────────────────────────────────────────────────────────────────────────────────────────────────────────────────────────────────────────────────────────────────────────────────────────────────────────────╮
│ Trial name          status       trainer/max_epochs     params/batch_size     params/num_workers     params/n_samples     ...pper/weight_decay     ...per/learning_rate     params/seed     iter     total time (s)       loss │
├────────────────────────────────────────────────────────────────────────────────────────────────────────────────────────────────────────────────────────────────────────────────────────────────────────────────────────────────┤
│ train_81fd3_00000   RUNNING                      10                   256                     12                   10                    1e-08                    0.001               0       10            110.549   0.223312 │
╰────────────────────────────────────────────────────────────────────────────────────────────────────────────────────────────────────────────────────────────────────────────────────────────────────────────────────────────────╯

Trial train_81fd3_00000 completed after 10 iterations at 2024-03-21 10:39:40. Total running time: 2min 0s
╭────────────────────────────────────────────╮
│ Trial train_81fd3_00000 result             │
├────────────────────────────────────────────┤
│ checkpoint_dir_name                        │
│ time_this_iter_s                   11.0888 │
│ time_total_s                       110.549 │
│ training_iteration                      10 │
│ loss                               0.22331 │
╰────────────────────────────────────────────╯

Trial status: 1 TERMINATED
Current time: 2024-03-21 10:39:40. Total running time: 2min 0s
Logical resource usage: 2.0/56 CPUs, 1.0/1 GPUs (0.0/1.0 accelerator_type:V100)
Current best trial: 81fd3_00000 with loss=0.22331218421459198 and params={'task_wrapper': {'weight_decay': 1e-08, 'learning_rate': 0.001}, 'trainer': {'max_epochs': 10}, 'params': {'seed': 0, 'batch_size': 256, 'num_workers': 12, 'n_samples': 10}}
╭──────────────────────────────────────────────────────────────────────────────────────────────────────────────────────────────────────────────────────────────────────────────────────────────────────────────────────────────────╮
│ Trial name          status         trainer/max_epochs     params/batch_size     params/num_workers     params/n_samples     ...pper/weight_decay     ...per/learning_rate     params/seed     iter     total time (s)       loss │
├──────────────────────────────────────────────────────────────────────────────────────────────────────────────────────────────────────────────────────────────────────────────────────────────────────────────────────────────────┤
│ train_81fd3_00000   TERMINATED                     10                   256                     12                   10                    1e-08                    0.001               0       10            110.549   0.223312 │
╰──────────────────────────────────────────────────────────────────────────────────────────────────────────────────────────────────────────────────────────────────────────────────────────────────────────────────────────────────╯

