2024-03-12 17:59:00,449	INFO worker.py:1724 -- Started a local Ray instance.
2024-03-12 17:59:13,402	INFO tune.py:220 -- Initializing Ray automatically. For cluster usage or custom Ray initialization, call `ray.init(...)` before `tune.run(...)`.
2024-03-12 17:59:13,418	INFO tune.py:592 -- [output] This will use the new output engine with verbosity 1. To disable the new output and use the legacy output engine, set the environment variable RAY_AIR_NEW_OUTPUT=0. For more information, please see https://github.com/ray-project/ray/issues/36949
2024-03-12 17:59:13,588	WARNING tune.py:916 -- AIR_VERBOSITY is set, ignoring passed-in ProgressReporter for now.
[36m(train pid=2308781)[0m /home/ad2002/gnode/ctd/task_modeling/task_train_prep.py:46: UserWarning: 
[36m(train pid=2308781)[0m The version_base parameter is not specified.
[36m(train pid=2308781)[0m Please specify a compatability version level, or None.
[36m(train pid=2308781)[0m Will assume defaults for version 1.1
[36m(train pid=2308781)[0m   with hydra.initialize(
[36m(train pid=2308781)[0m /home/ad2002/gnode/ctd/task_modeling/task_train_prep.py:46: UserWarning: 
[36m(train pid=2308781)[0m The version_base parameter is not specified.
[36m(train pid=2308781)[0m Please specify a compatability version level, or None.
[36m(train pid=2308781)[0m Will assume defaults for version 1.1
[36m(train pid=2308781)[0m   with hydra.initialize(
[36m(train pid=2308781)[0m [rank: 0] Seed set to 0
[36m(train pid=2308781)[0m /home/ad2002/.conda/envs/gnode/lib/python3.10/site-packages/ray/tune/integration/pytorch_lightning.py:194: `ray.tune.integration.pytorch_lightning.TuneReportCallback` is deprecated. Use `ray.tune.integration.pytorch_lightning.TuneReportCheckpointCallback` instead.
[36m(train pid=2308781)[0m GPU available: True (cuda), used: True
[36m(train pid=2308781)[0m TPU available: False, using: 0 TPU cores
[36m(train pid=2308781)[0m IPU available: False, using: 0 IPUs
[36m(train pid=2308781)[0m HPU available: False, using: 0 HPUs
[36m(train pid=2308781)[0m You are using a CUDA device ('NVIDIA A100 80GB PCIe') that has Tensor Cores. To properly utilize them, you should set `torch.set_float32_matmul_precision('medium' | 'high')` which will trade-off precision for performance. For more details, read https://pytorch.org/docs/stable/generated/torch.set_float32_matmul_precision.html#torch.set_float32_matmul_precision
[36m(train pid=2308781)[0m /home/ad2002/.conda/envs/gnode/lib/python3.10/site-packages/lightning_fabric/loggers/csv_logs.py:198: Experiment logs directory ./ exists and is not empty. Previous log files in this directory will be deleted when the new ones are saved!
[36m(train pid=2308781)[0m /home/ad2002/.conda/envs/gnode/lib/python3.10/site-packages/pytorch_lightning/callbacks/model_checkpoint.py:639: Checkpoint directory /home/ad2002/ray_results/train_2024-03-12_17-59-13/0_seed=0,weight_decay=0.0000,max_epochs=150 exists and is not empty.
[36m(train pid=2308781)[0m LOCAL_RANK: 0 - CUDA_VISIBLE_DEVICES: [0]
[36m(train pid=2308781)[0m 
[36m(train pid=2308781)[0m   | Name  | Type | Params
[36m(train pid=2308781)[0m -------------------------------
[36m(train pid=2308781)[0m 0 | model | NODE | 17.8 K
[36m(train pid=2308781)[0m -------------------------------
[36m(train pid=2308781)[0m 17.8 K    Trainable params
[36m(train pid=2308781)[0m 0         Non-trainable params
[36m(train pid=2308781)[0m 17.8 K    Total params
[36m(train pid=2308781)[0m 0.071     Total estimated model params size (MB)
[36m(train pid=2308781)[0m SLURM auto-requeueing enabled. Setting signal handlers.
[36m(train pid=2308781)[0m /home/ad2002/.conda/envs/gnode/lib/python3.10/site-packages/torch/utils/data/dataloader.py:554: UserWarning: This DataLoader will create 4 worker processes in total. Our suggested max number of worker in current system is 1, which is smaller than what this DataLoader is going to create. Please be aware that excessive worker creation might get DataLoader running slow or even freeze, lower the worker number to avoid potential slowness/freeze if necessary.
[36m(train pid=2308781)[0m   warnings.warn(_create_warning_msg(
[36m(train pid=2308781)[0m /home/ad2002/.conda/envs/gnode/lib/python3.10/site-packages/pytorch_lightning/loops/fit_loop.py:293: The number of training batches (4) is smaller than the logging interval Trainer(log_every_n_steps=100). Set a lower value for log_every_n_steps if you want to see logs for the training epoch.
[36m(train pid=2308781)[0m `Trainer.fit` stopped: `max_epochs=150` reached.
2024-03-12 18:13:15,511	ERROR tune_controller.py:1374 -- Trial task failed for trial train_b9732_00000
Traceback (most recent call last):
  File "/home/ad2002/.conda/envs/gnode/lib/python3.10/site-packages/ray/air/execution/_internal/event_manager.py", line 110, in resolve_future
    result = ray.get(future)
  File "/home/ad2002/.conda/envs/gnode/lib/python3.10/site-packages/ray/_private/auto_init_hook.py", line 22, in auto_init_wrapper
    return fn(*args, **kwargs)
  File "/home/ad2002/.conda/envs/gnode/lib/python3.10/site-packages/ray/_private/client_mode_hook.py", line 103, in wrapper
    return func(*args, **kwargs)
  File "/home/ad2002/.conda/envs/gnode/lib/python3.10/site-packages/ray/_private/worker.py", line 2624, in get
    raise value.as_instanceof_cause()
ray.exceptions.RayTaskError(AttributeError): [36mray::ImplicitFunc.train()[39m (pid=2308781, ip=172.21.1.129, actor_id=dc408ff18fe9c49291f49d4d01000000, repr=train)
  File "/home/ad2002/.conda/envs/gnode/lib/python3.10/site-packages/ray/tune/trainable/trainable.py", line 342, in train
    raise skipped from exception_cause(skipped)
  File "/home/ad2002/.conda/envs/gnode/lib/python3.10/site-packages/ray/air/_internal/util.py", line 88, in run
    self._ret = self._target(*self._args, **self._kwargs)
  File "/home/ad2002/.conda/envs/gnode/lib/python3.10/site-packages/ray/tune/trainable/function_trainable.py", line 115, in <lambda>
    training_func=lambda: self._trainable_func(self.config),
  File "/home/ad2002/.conda/envs/gnode/lib/python3.10/site-packages/ray/tune/trainable/function_trainable.py", line 332, in _trainable_func
    output = fn()
  File "/home/ad2002/.conda/envs/gnode/lib/python3.10/site-packages/ray/tune/trainable/util.py", line 138, in inner
    return trainable(config, **fn_kwargs)
  File "/home/ad2002/gnode/ctd/task_modeling/task_train_prep.py", line 198, in train
    simulator.simulate_neural_data(
  File "/home/ad2002/gnode/ctd/task_modeling/simulator/neural_simulator.py", line 179, in simulate_neural_data
    if self.use_neurons:
AttributeError: 'NeuralDataSimulator' object has no attribute 'use_neurons'
╭──────────────────────────────────────────────────────────────╮
│ Configuration for experiment     train_2024-03-12_17-59-13   │
├──────────────────────────────────────────────────────────────┤
│ Search algorithm                 BasicVariantGenerator       │
│ Scheduler                        FIFOScheduler               │
│ Number of trials                 1                           │
╰──────────────────────────────────────────────────────────────╯

View detailed results here: /scratch/network/ad2002/content/runs/task-trained/20240312_NODE_NBFF_Test/train_2024-03-12_17-59-13
To visualize your results with TensorBoard, run: `tensorboard --logdir /home/ad2002/ray_results/train_2024-03-12_17-59-13`

Trial status: 1 PENDING
Current time: 2024-03-12 17:59:13. Total running time: 0s
Logical resource usage: 0/48 CPUs, 0/1 GPUs (0.0/1.0 accelerator_type:A100)
╭──────────────────────────────────────────────────────────────────────────────────────────────╮
│ Trial name          status       trainer/max_epochs     ...pper/weight_decay     params/seed │
├──────────────────────────────────────────────────────────────────────────────────────────────┤
│ train_b9732_00000   PENDING                     150                    1e-08               0 │
╰──────────────────────────────────────────────────────────────────────────────────────────────╯

Trial train_b9732_00000 started with configuration:
╭──────────────────────────────────────────╮
│ Trial train_b9732_00000 config           │
├──────────────────────────────────────────┤
│ params/seed                            0 │
│ task_wrapper/weight_decay          1e-08 │
│ trainer/max_epochs                   150 │
╰──────────────────────────────────────────╯

Trial status: 1 RUNNING
Current time: 2024-03-12 17:59:43. Total running time: 30s
Logical resource usage: 8.0/48 CPUs, 0.9/1 GPUs (0.0/1.0 accelerator_type:A100)
Current best trial: b9732_00000 with loss=0.26421433687210083 and params={'task_wrapper': {'weight_decay': 1e-08}, 'trainer': {'max_epochs': 150}, 'params': {'seed': 0}}
╭─────────────────────────────────────────────────────────────────────────────────────────────────────────────────────────────────────╮
│ Trial name          status       trainer/max_epochs     ...pper/weight_decay     params/seed     iter     total time (s)       loss │
├─────────────────────────────────────────────────────────────────────────────────────────────────────────────────────────────────────┤
│ train_b9732_00000   RUNNING                     150                    1e-08               0        3            22.5591   0.264214 │
╰─────────────────────────────────────────────────────────────────────────────────────────────────────────────────────────────────────╯
Trial status: 1 RUNNING
Current time: 2024-03-12 18:00:13. Total running time: 1min 0s
Logical resource usage: 8.0/48 CPUs, 0.9/1 GPUs (0.0/1.0 accelerator_type:A100)
Current best trial: b9732_00000 with loss=0.23677484691143036 and params={'task_wrapper': {'weight_decay': 1e-08}, 'trainer': {'max_epochs': 150}, 'params': {'seed': 0}}
╭─────────────────────────────────────────────────────────────────────────────────────────────────────────────────────────────────────╮
│ Trial name          status       trainer/max_epochs     ...pper/weight_decay     params/seed     iter     total time (s)       loss │
├─────────────────────────────────────────────────────────────────────────────────────────────────────────────────────────────────────┤
│ train_b9732_00000   RUNNING                     150                    1e-08               0        9            55.0299   0.236775 │
╰─────────────────────────────────────────────────────────────────────────────────────────────────────────────────────────────────────╯
Trial status: 1 RUNNING
Current time: 2024-03-12 18:00:43. Total running time: 1min 30s
Logical resource usage: 8.0/48 CPUs, 0.9/1 GPUs (0.0/1.0 accelerator_type:A100)
Current best trial: b9732_00000 with loss=0.22670121490955353 and params={'task_wrapper': {'weight_decay': 1e-08}, 'trainer': {'max_epochs': 150}, 'params': {'seed': 0}}
╭─────────────────────────────────────────────────────────────────────────────────────────────────────────────────────────────────────╮
│ Trial name          status       trainer/max_epochs     ...pper/weight_decay     params/seed     iter     total time (s)       loss │
├─────────────────────────────────────────────────────────────────────────────────────────────────────────────────────────────────────┤
│ train_b9732_00000   RUNNING                     150                    1e-08               0       14            82.2333   0.226701 │
╰─────────────────────────────────────────────────────────────────────────────────────────────────────────────────────────────────────╯
Trial status: 1 RUNNING
Current time: 2024-03-12 18:01:13. Total running time: 2min 0s
Logical resource usage: 8.0/48 CPUs, 0.9/1 GPUs (0.0/1.0 accelerator_type:A100)
Current best trial: b9732_00000 with loss=0.21837760508060455 and params={'task_wrapper': {'weight_decay': 1e-08}, 'trainer': {'max_epochs': 150}, 'params': {'seed': 0}}
╭─────────────────────────────────────────────────────────────────────────────────────────────────────────────────────────────────────╮
│ Trial name          status       trainer/max_epochs     ...pper/weight_decay     params/seed     iter     total time (s)       loss │
├─────────────────────────────────────────────────────────────────────────────────────────────────────────────────────────────────────┤
│ train_b9732_00000   RUNNING                     150                    1e-08               0       20            114.851   0.218378 │
╰─────────────────────────────────────────────────────────────────────────────────────────────────────────────────────────────────────╯
Trial status: 1 RUNNING
Current time: 2024-03-12 18:01:43. Total running time: 2min 30s
Logical resource usage: 8.0/48 CPUs, 0.9/1 GPUs (0.0/1.0 accelerator_type:A100)
Current best trial: b9732_00000 with loss=0.21007896959781647 and params={'task_wrapper': {'weight_decay': 1e-08}, 'trainer': {'max_epochs': 150}, 'params': {'seed': 0}}
╭─────────────────────────────────────────────────────────────────────────────────────────────────────────────────────────────────────╮
│ Trial name          status       trainer/max_epochs     ...pper/weight_decay     params/seed     iter     total time (s)       loss │
├─────────────────────────────────────────────────────────────────────────────────────────────────────────────────────────────────────┤
│ train_b9732_00000   RUNNING                     150                    1e-08               0       25            141.953   0.210079 │
╰─────────────────────────────────────────────────────────────────────────────────────────────────────────────────────────────────────╯
Trial status: 1 RUNNING
Current time: 2024-03-12 18:02:13. Total running time: 3min 0s
Logical resource usage: 8.0/48 CPUs, 0.9/1 GPUs (0.0/1.0 accelerator_type:A100)
Current best trial: b9732_00000 with loss=0.2067587822675705 and params={'task_wrapper': {'weight_decay': 1e-08}, 'trainer': {'max_epochs': 150}, 'params': {'seed': 0}}
╭─────────────────────────────────────────────────────────────────────────────────────────────────────────────────────────────────────╮
│ Trial name          status       trainer/max_epochs     ...pper/weight_decay     params/seed     iter     total time (s)       loss │
├─────────────────────────────────────────────────────────────────────────────────────────────────────────────────────────────────────┤
│ train_b9732_00000   RUNNING                     150                    1e-08               0       31            174.892   0.206759 │
╰─────────────────────────────────────────────────────────────────────────────────────────────────────────────────────────────────────╯
Trial status: 1 RUNNING
Current time: 2024-03-12 18:02:44. Total running time: 3min 30s
Logical resource usage: 8.0/48 CPUs, 0.9/1 GPUs (0.0/1.0 accelerator_type:A100)
Current best trial: b9732_00000 with loss=0.20066583156585693 and params={'task_wrapper': {'weight_decay': 1e-08}, 'trainer': {'max_epochs': 150}, 'params': {'seed': 0}}
╭─────────────────────────────────────────────────────────────────────────────────────────────────────────────────────────────────────╮
│ Trial name          status       trainer/max_epochs     ...pper/weight_decay     params/seed     iter     total time (s)       loss │
├─────────────────────────────────────────────────────────────────────────────────────────────────────────────────────────────────────┤
│ train_b9732_00000   RUNNING                     150                    1e-08               0       36            202.383   0.200666 │
╰─────────────────────────────────────────────────────────────────────────────────────────────────────────────────────────────────────╯
Trial status: 1 RUNNING
Current time: 2024-03-12 18:03:14. Total running time: 4min 0s
Logical resource usage: 8.0/48 CPUs, 0.9/1 GPUs (0.0/1.0 accelerator_type:A100)
Current best trial: b9732_00000 with loss=0.19776314496994019 and params={'task_wrapper': {'weight_decay': 1e-08}, 'trainer': {'max_epochs': 150}, 'params': {'seed': 0}}
╭─────────────────────────────────────────────────────────────────────────────────────────────────────────────────────────────────────╮
│ Trial name          status       trainer/max_epochs     ...pper/weight_decay     params/seed     iter     total time (s)       loss │
├─────────────────────────────────────────────────────────────────────────────────────────────────────────────────────────────────────┤
│ train_b9732_00000   RUNNING                     150                    1e-08               0       42            235.079   0.197763 │
╰─────────────────────────────────────────────────────────────────────────────────────────────────────────────────────────────────────╯
Trial status: 1 RUNNING
Current time: 2024-03-12 18:03:44. Total running time: 4min 30s
Logical resource usage: 8.0/48 CPUs, 0.9/1 GPUs (0.0/1.0 accelerator_type:A100)
Current best trial: b9732_00000 with loss=0.19141004979610443 and params={'task_wrapper': {'weight_decay': 1e-08}, 'trainer': {'max_epochs': 150}, 'params': {'seed': 0}}
╭────────────────────────────────────────────────────────────────────────────────────────────────────────────────────────────────────╮
│ Trial name          status       trainer/max_epochs     ...pper/weight_decay     params/seed     iter     total time (s)      loss │
├────────────────────────────────────────────────────────────────────────────────────────────────────────────────────────────────────┤
│ train_b9732_00000   RUNNING                     150                    1e-08               0       47            262.253   0.19141 │
╰────────────────────────────────────────────────────────────────────────────────────────────────────────────────────────────────────╯
Trial status: 1 RUNNING
Current time: 2024-03-12 18:04:14. Total running time: 5min 0s
Logical resource usage: 8.0/48 CPUs, 0.9/1 GPUs (0.0/1.0 accelerator_type:A100)
Current best trial: b9732_00000 with loss=0.18246334791183472 and params={'task_wrapper': {'weight_decay': 1e-08}, 'trainer': {'max_epochs': 150}, 'params': {'seed': 0}}
╭─────────────────────────────────────────────────────────────────────────────────────────────────────────────────────────────────────╮
│ Trial name          status       trainer/max_epochs     ...pper/weight_decay     params/seed     iter     total time (s)       loss │
├─────────────────────────────────────────────────────────────────────────────────────────────────────────────────────────────────────┤
│ train_b9732_00000   RUNNING                     150                    1e-08               0       53            295.282   0.182463 │
╰─────────────────────────────────────────────────────────────────────────────────────────────────────────────────────────────────────╯
Trial status: 1 RUNNING
Current time: 2024-03-12 18:04:44. Total running time: 5min 30s
Logical resource usage: 8.0/48 CPUs, 0.9/1 GPUs (0.0/1.0 accelerator_type:A100)
Current best trial: b9732_00000 with loss=0.18133467435836792 and params={'task_wrapper': {'weight_decay': 1e-08}, 'trainer': {'max_epochs': 150}, 'params': {'seed': 0}}
╭─────────────────────────────────────────────────────────────────────────────────────────────────────────────────────────────────────╮
│ Trial name          status       trainer/max_epochs     ...pper/weight_decay     params/seed     iter     total time (s)       loss │
├─────────────────────────────────────────────────────────────────────────────────────────────────────────────────────────────────────┤
│ train_b9732_00000   RUNNING                     150                    1e-08               0       58            322.479   0.181335 │
╰─────────────────────────────────────────────────────────────────────────────────────────────────────────────────────────────────────╯
Trial status: 1 RUNNING
Current time: 2024-03-12 18:05:14. Total running time: 6min 0s
Logical resource usage: 8.0/48 CPUs, 0.9/1 GPUs (0.0/1.0 accelerator_type:A100)
Current best trial: b9732_00000 with loss=0.17611907422542572 and params={'task_wrapper': {'weight_decay': 1e-08}, 'trainer': {'max_epochs': 150}, 'params': {'seed': 0}}
╭─────────────────────────────────────────────────────────────────────────────────────────────────────────────────────────────────────╮
│ Trial name          status       trainer/max_epochs     ...pper/weight_decay     params/seed     iter     total time (s)       loss │
├─────────────────────────────────────────────────────────────────────────────────────────────────────────────────────────────────────┤
│ train_b9732_00000   RUNNING                     150                    1e-08               0       64            354.981   0.176119 │
╰─────────────────────────────────────────────────────────────────────────────────────────────────────────────────────────────────────╯
Trial status: 1 RUNNING
Current time: 2024-03-12 18:05:44. Total running time: 6min 30s
Logical resource usage: 8.0/48 CPUs, 0.9/1 GPUs (0.0/1.0 accelerator_type:A100)
Current best trial: b9732_00000 with loss=0.1759769320487976 and params={'task_wrapper': {'weight_decay': 1e-08}, 'trainer': {'max_epochs': 150}, 'params': {'seed': 0}}
╭─────────────────────────────────────────────────────────────────────────────────────────────────────────────────────────────────────╮
│ Trial name          status       trainer/max_epochs     ...pper/weight_decay     params/seed     iter     total time (s)       loss │
├─────────────────────────────────────────────────────────────────────────────────────────────────────────────────────────────────────┤
│ train_b9732_00000   RUNNING                     150                    1e-08               0       69            382.332   0.175977 │
╰─────────────────────────────────────────────────────────────────────────────────────────────────────────────────────────────────────╯
Trial status: 1 RUNNING
Current time: 2024-03-12 18:06:14. Total running time: 7min 0s
Logical resource usage: 8.0/48 CPUs, 0.9/1 GPUs (0.0/1.0 accelerator_type:A100)
Current best trial: b9732_00000 with loss=0.16706788539886475 and params={'task_wrapper': {'weight_decay': 1e-08}, 'trainer': {'max_epochs': 150}, 'params': {'seed': 0}}
╭─────────────────────────────────────────────────────────────────────────────────────────────────────────────────────────────────────╮
│ Trial name          status       trainer/max_epochs     ...pper/weight_decay     params/seed     iter     total time (s)       loss │
├─────────────────────────────────────────────────────────────────────────────────────────────────────────────────────────────────────┤
│ train_b9732_00000   RUNNING                     150                    1e-08               0       75            415.308   0.167068 │
╰─────────────────────────────────────────────────────────────────────────────────────────────────────────────────────────────────────╯
Trial status: 1 RUNNING
Current time: 2024-03-12 18:06:44. Total running time: 7min 30s
Logical resource usage: 8.0/48 CPUs, 0.9/1 GPUs (0.0/1.0 accelerator_type:A100)
Current best trial: b9732_00000 with loss=0.16327865421772003 and params={'task_wrapper': {'weight_decay': 1e-08}, 'trainer': {'max_epochs': 150}, 'params': {'seed': 0}}
╭─────────────────────────────────────────────────────────────────────────────────────────────────────────────────────────────────────╮
│ Trial name          status       trainer/max_epochs     ...pper/weight_decay     params/seed     iter     total time (s)       loss │
├─────────────────────────────────────────────────────────────────────────────────────────────────────────────────────────────────────┤
│ train_b9732_00000   RUNNING                     150                    1e-08               0       80            442.399   0.163279 │
╰─────────────────────────────────────────────────────────────────────────────────────────────────────────────────────────────────────╯
Trial status: 1 RUNNING
Current time: 2024-03-12 18:07:14. Total running time: 8min 0s
Logical resource usage: 8.0/48 CPUs, 0.9/1 GPUs (0.0/1.0 accelerator_type:A100)
Current best trial: b9732_00000 with loss=0.1590854674577713 and params={'task_wrapper': {'weight_decay': 1e-08}, 'trainer': {'max_epochs': 150}, 'params': {'seed': 0}}
╭─────────────────────────────────────────────────────────────────────────────────────────────────────────────────────────────────────╮
│ Trial name          status       trainer/max_epochs     ...pper/weight_decay     params/seed     iter     total time (s)       loss │
├─────────────────────────────────────────────────────────────────────────────────────────────────────────────────────────────────────┤
│ train_b9732_00000   RUNNING                     150                    1e-08               0       86            475.938   0.159085 │
╰─────────────────────────────────────────────────────────────────────────────────────────────────────────────────────────────────────╯
Trial status: 1 RUNNING
Current time: 2024-03-12 18:07:44. Total running time: 8min 30s
Logical resource usage: 8.0/48 CPUs, 0.9/1 GPUs (0.0/1.0 accelerator_type:A100)
Current best trial: b9732_00000 with loss=0.16193489730358124 and params={'task_wrapper': {'weight_decay': 1e-08}, 'trainer': {'max_epochs': 150}, 'params': {'seed': 0}}
╭─────────────────────────────────────────────────────────────────────────────────────────────────────────────────────────────────────╮
│ Trial name          status       trainer/max_epochs     ...pper/weight_decay     params/seed     iter     total time (s)       loss │
├─────────────────────────────────────────────────────────────────────────────────────────────────────────────────────────────────────┤
│ train_b9732_00000   RUNNING                     150                    1e-08               0       91            503.042   0.161935 │
╰─────────────────────────────────────────────────────────────────────────────────────────────────────────────────────────────────────╯
Trial status: 1 RUNNING
Current time: 2024-03-12 18:08:14. Total running time: 9min 0s
Logical resource usage: 8.0/48 CPUs, 0.9/1 GPUs (0.0/1.0 accelerator_type:A100)
Current best trial: b9732_00000 with loss=0.1574256867170334 and params={'task_wrapper': {'weight_decay': 1e-08}, 'trainer': {'max_epochs': 150}, 'params': {'seed': 0}}
╭─────────────────────────────────────────────────────────────────────────────────────────────────────────────────────────────────────╮
│ Trial name          status       trainer/max_epochs     ...pper/weight_decay     params/seed     iter     total time (s)       loss │
├─────────────────────────────────────────────────────────────────────────────────────────────────────────────────────────────────────┤
│ train_b9732_00000   RUNNING                     150                    1e-08               0       97            536.247   0.157426 │
╰─────────────────────────────────────────────────────────────────────────────────────────────────────────────────────────────────────╯
Trial status: 1 RUNNING
Current time: 2024-03-12 18:08:44. Total running time: 9min 30s
Logical resource usage: 8.0/48 CPUs, 0.9/1 GPUs (0.0/1.0 accelerator_type:A100)
Current best trial: b9732_00000 with loss=0.15405695140361786 and params={'task_wrapper': {'weight_decay': 1e-08}, 'trainer': {'max_epochs': 150}, 'params': {'seed': 0}}
╭─────────────────────────────────────────────────────────────────────────────────────────────────────────────────────────────────────╮
│ Trial name          status       trainer/max_epochs     ...pper/weight_decay     params/seed     iter     total time (s)       loss │
├─────────────────────────────────────────────────────────────────────────────────────────────────────────────────────────────────────┤
│ train_b9732_00000   RUNNING                     150                    1e-08               0      102            565.818   0.154057 │
╰─────────────────────────────────────────────────────────────────────────────────────────────────────────────────────────────────────╯
Trial status: 1 RUNNING
Current time: 2024-03-12 18:09:14. Total running time: 10min 0s
Logical resource usage: 8.0/48 CPUs, 0.9/1 GPUs (0.0/1.0 accelerator_type:A100)
Current best trial: b9732_00000 with loss=0.14820653200149536 and params={'task_wrapper': {'weight_decay': 1e-08}, 'trainer': {'max_epochs': 150}, 'params': {'seed': 0}}
╭─────────────────────────────────────────────────────────────────────────────────────────────────────────────────────────────────────╮
│ Trial name          status       trainer/max_epochs     ...pper/weight_decay     params/seed     iter     total time (s)       loss │
├─────────────────────────────────────────────────────────────────────────────────────────────────────────────────────────────────────┤
│ train_b9732_00000   RUNNING                     150                    1e-08               0      107            593.551   0.148207 │
╰─────────────────────────────────────────────────────────────────────────────────────────────────────────────────────────────────────╯
Trial status: 1 RUNNING
Current time: 2024-03-12 18:09:44. Total running time: 10min 31s
Logical resource usage: 8.0/48 CPUs, 0.9/1 GPUs (0.0/1.0 accelerator_type:A100)
Current best trial: b9732_00000 with loss=0.14605285227298737 and params={'task_wrapper': {'weight_decay': 1e-08}, 'trainer': {'max_epochs': 150}, 'params': {'seed': 0}}
╭─────────────────────────────────────────────────────────────────────────────────────────────────────────────────────────────────────╮
│ Trial name          status       trainer/max_epochs     ...pper/weight_decay     params/seed     iter     total time (s)       loss │
├─────────────────────────────────────────────────────────────────────────────────────────────────────────────────────────────────────┤
│ train_b9732_00000   RUNNING                     150                    1e-08               0      113            626.604   0.146053 │
╰─────────────────────────────────────────────────────────────────────────────────────────────────────────────────────────────────────╯
Trial status: 1 RUNNING
Current time: 2024-03-12 18:10:14. Total running time: 11min 1s
Logical resource usage: 8.0/48 CPUs, 0.9/1 GPUs (0.0/1.0 accelerator_type:A100)
Current best trial: b9732_00000 with loss=0.15401773154735565 and params={'task_wrapper': {'weight_decay': 1e-08}, 'trainer': {'max_epochs': 150}, 'params': {'seed': 0}}
╭─────────────────────────────────────────────────────────────────────────────────────────────────────────────────────────────────────╮
│ Trial name          status       trainer/max_epochs     ...pper/weight_decay     params/seed     iter     total time (s)       loss │
├─────────────────────────────────────────────────────────────────────────────────────────────────────────────────────────────────────┤
│ train_b9732_00000   RUNNING                     150                    1e-08               0      118            654.506   0.154018 │
╰─────────────────────────────────────────────────────────────────────────────────────────────────────────────────────────────────────╯
Trial status: 1 RUNNING
Current time: 2024-03-12 18:10:44. Total running time: 11min 31s
Logical resource usage: 8.0/48 CPUs, 0.9/1 GPUs (0.0/1.0 accelerator_type:A100)
Current best trial: b9732_00000 with loss=0.15337444841861725 and params={'task_wrapper': {'weight_decay': 1e-08}, 'trainer': {'max_epochs': 150}, 'params': {'seed': 0}}
╭─────────────────────────────────────────────────────────────────────────────────────────────────────────────────────────────────────╮
│ Trial name          status       trainer/max_epochs     ...pper/weight_decay     params/seed     iter     total time (s)       loss │
├─────────────────────────────────────────────────────────────────────────────────────────────────────────────────────────────────────┤
│ train_b9732_00000   RUNNING                     150                    1e-08               0      123            681.607   0.153374 │
╰─────────────────────────────────────────────────────────────────────────────────────────────────────────────────────────────────────╯
Trial status: 1 RUNNING
Current time: 2024-03-12 18:11:14. Total running time: 12min 1s
Logical resource usage: 8.0/48 CPUs, 0.9/1 GPUs (0.0/1.0 accelerator_type:A100)
Current best trial: b9732_00000 with loss=0.1415548175573349 and params={'task_wrapper': {'weight_decay': 1e-08}, 'trainer': {'max_epochs': 150}, 'params': {'seed': 0}}
╭─────────────────────────────────────────────────────────────────────────────────────────────────────────────────────────────────────╮
│ Trial name          status       trainer/max_epochs     ...pper/weight_decay     params/seed     iter     total time (s)       loss │
├─────────────────────────────────────────────────────────────────────────────────────────────────────────────────────────────────────┤
│ train_b9732_00000   RUNNING                     150                    1e-08               0      129             714.81   0.141555 │
╰─────────────────────────────────────────────────────────────────────────────────────────────────────────────────────────────────────╯
Trial status: 1 RUNNING
Current time: 2024-03-12 18:11:44. Total running time: 12min 31s
Logical resource usage: 8.0/48 CPUs, 0.9/1 GPUs (0.0/1.0 accelerator_type:A100)
Current best trial: b9732_00000 with loss=0.13788437843322754 and params={'task_wrapper': {'weight_decay': 1e-08}, 'trainer': {'max_epochs': 150}, 'params': {'seed': 0}}
╭─────────────────────────────────────────────────────────────────────────────────────────────────────────────────────────────────────╮
│ Trial name          status       trainer/max_epochs     ...pper/weight_decay     params/seed     iter     total time (s)       loss │
├─────────────────────────────────────────────────────────────────────────────────────────────────────────────────────────────────────┤
│ train_b9732_00000   RUNNING                     150                    1e-08               0      134            741.876   0.137884 │
╰─────────────────────────────────────────────────────────────────────────────────────────────────────────────────────────────────────╯
Trial status: 1 RUNNING
Current time: 2024-03-12 18:12:14. Total running time: 13min 1s
Logical resource usage: 8.0/48 CPUs, 0.9/1 GPUs (0.0/1.0 accelerator_type:A100)
Current best trial: b9732_00000 with loss=0.13856177031993866 and params={'task_wrapper': {'weight_decay': 1e-08}, 'trainer': {'max_epochs': 150}, 'params': {'seed': 0}}
╭─────────────────────────────────────────────────────────────────────────────────────────────────────────────────────────────────────╮
│ Trial name          status       trainer/max_epochs     ...pper/weight_decay     params/seed     iter     total time (s)       loss │
├─────────────────────────────────────────────────────────────────────────────────────────────────────────────────────────────────────┤
│ train_b9732_00000   RUNNING                     150                    1e-08               0      140            774.705   0.138562 │
╰─────────────────────────────────────────────────────────────────────────────────────────────────────────────────────────────────────╯
Trial status: 1 RUNNING
Current time: 2024-03-12 18:12:44. Total running time: 13min 31s
Logical resource usage: 8.0/48 CPUs, 0.9/1 GPUs (0.0/1.0 accelerator_type:A100)
Current best trial: b9732_00000 with loss=0.13599246740341187 and params={'task_wrapper': {'weight_decay': 1e-08}, 'trainer': {'max_epochs': 150}, 'params': {'seed': 0}}
╭─────────────────────────────────────────────────────────────────────────────────────────────────────────────────────────────────────╮
│ Trial name          status       trainer/max_epochs     ...pper/weight_decay     params/seed     iter     total time (s)       loss │
├─────────────────────────────────────────────────────────────────────────────────────────────────────────────────────────────────────┤
│ train_b9732_00000   RUNNING                     150                    1e-08               0      145            802.297   0.135992 │
╰─────────────────────────────────────────────────────────────────────────────────────────────────────────────────────────────────────╯
Trial status: 1 RUNNING
Current time: 2024-03-12 18:13:14. Total running time: 14min 1s
Logical resource usage: 8.0/48 CPUs, 0.9/1 GPUs (0.0/1.0 accelerator_type:A100)
Current best trial: b9732_00000 with loss=0.13328465819358826 and params={'task_wrapper': {'weight_decay': 1e-08}, 'trainer': {'max_epochs': 150}, 'params': {'seed': 0}}
╭─────────────────────────────────────────────────────────────────────────────────────────────────────────────────────────────────────╮
│ Trial name          status       trainer/max_epochs     ...pper/weight_decay     params/seed     iter     total time (s)       loss │
├─────────────────────────────────────────────────────────────────────────────────────────────────────────────────────────────────────┤
│ train_b9732_00000   RUNNING                     150                    1e-08               0      150            829.355   0.133285 │
╰─────────────────────────────────────────────────────────────────────────────────────────────────────────────────────────────────────╯

Trial train_b9732_00000 errored after 150 iterations at 2024-03-12 18:13:15. Total running time: 14min 1s
Error file: /home/ad2002/ray_results/train_2024-03-12_17-59-13/0_seed=0,weight_decay=0.0000,max_epochs=150/error.txt
╭────────────────────────────────────────────╮
│ Trial train_b9732_00000 result             │
├────────────────────────────────────────────┤
│ checkpoint_dir_name                        │
│ time_this_iter_s                   5.41873 │
│ time_total_s                       829.355 │
│ training_iteration                     150 │
│ loss                               0.13328 │
╰────────────────────────────────────────────╯

Trial status: 1 ERROR
Current time: 2024-03-12 18:13:15. Total running time: 14min 1s
Logical resource usage: 8.0/48 CPUs, 0.9/1 GPUs (0.0/1.0 accelerator_type:A100)
Current best trial: b9732_00000 with loss=0.13328465819358826 and params={'task_wrapper': {'weight_decay': 1e-08}, 'trainer': {'max_epochs': 150}, 'params': {'seed': 0}}
╭─────────────────────────────────────────────────────────────────────────────────────────────────────────────────────────────────────╮
│ Trial name          status       trainer/max_epochs     ...pper/weight_decay     params/seed     iter     total time (s)       loss │
├─────────────────────────────────────────────────────────────────────────────────────────────────────────────────────────────────────┤
│ train_b9732_00000   ERROR                       150                    1e-08               0      150            829.355   0.133285 │
╰─────────────────────────────────────────────────────────────────────────────────────────────────────────────────────────────────────╯

Number of errored trials: 1
╭─────────────────────────────────────────────────────────────────────────────────────────────────────────────────────────────────────────────╮
│ Trial name            # failures   error file                                                                                               │
├─────────────────────────────────────────────────────────────────────────────────────────────────────────────────────────────────────────────┤
│ train_b9732_00000              1   /home/ad2002/ray_results/train_2024-03-12_17-59-13/0_seed=0,weight_decay=0.0000,max_epochs=150/error.txt │
╰─────────────────────────────────────────────────────────────────────────────────────────────────────────────────────────────────────────────╯

Traceback (most recent call last):
  File "/home/ad2002/gnode/examples/run_task_training.py", line 128, in <module>
    main(
  File "/home/ad2002/gnode/examples/run_task_training.py", line 103, in main
    tune.run(
  File "/home/ad2002/.conda/envs/gnode/lib/python3.10/site-packages/ray/tune/tune.py", line 1036, in run
    raise TuneError("Trials did not complete", incomplete_trials)
ray.tune.error.TuneError: ('Trials did not complete', [train_b9732_00000])
