2024-03-12 18:30:51,253	INFO worker.py:1724 -- Started a local Ray instance.
2024-03-12 18:31:05,620	INFO tune.py:220 -- Initializing Ray automatically. For cluster usage or custom Ray initialization, call `ray.init(...)` before `tune.run(...)`.
2024-03-12 18:31:05,632	INFO tune.py:592 -- [output] This will use the new output engine with verbosity 1. To disable the new output and use the legacy output engine, set the environment variable RAY_AIR_NEW_OUTPUT=0. For more information, please see https://github.com/ray-project/ray/issues/36949
2024-03-12 18:31:05,799	WARNING tune.py:916 -- AIR_VERBOSITY is set, ignoring passed-in ProgressReporter for now.
[36m(train pid=2373371)[0m /home/ad2002/gnode/ctd/task_modeling/task_train_prep.py:46: UserWarning: 
[36m(train pid=2373371)[0m The version_base parameter is not specified.
[36m(train pid=2373371)[0m Please specify a compatability version level, or None.
[36m(train pid=2373371)[0m Will assume defaults for version 1.1
[36m(train pid=2373371)[0m   with hydra.initialize(
[36m(train pid=2373371)[0m /home/ad2002/gnode/ctd/task_modeling/task_train_prep.py:46: UserWarning: 
[36m(train pid=2373371)[0m The version_base parameter is not specified.
[36m(train pid=2373371)[0m Please specify a compatability version level, or None.
[36m(train pid=2373371)[0m Will assume defaults for version 1.1
[36m(train pid=2373371)[0m   with hydra.initialize(
[36m(train pid=2373371)[0m [rank: 0] Seed set to 0
[36m(train pid=2373371)[0m /home/ad2002/.conda/envs/gnode/lib/python3.10/site-packages/ray/tune/integration/pytorch_lightning.py:194: `ray.tune.integration.pytorch_lightning.TuneReportCallback` is deprecated. Use `ray.tune.integration.pytorch_lightning.TuneReportCheckpointCallback` instead.
[36m(train pid=2373371)[0m GPU available: True (cuda), used: True
[36m(train pid=2373371)[0m TPU available: False, using: 0 TPU cores
[36m(train pid=2373371)[0m IPU available: False, using: 0 IPUs
[36m(train pid=2373371)[0m HPU available: False, using: 0 HPUs
[36m(train pid=2373371)[0m You are using a CUDA device ('NVIDIA A100 80GB PCIe') that has Tensor Cores. To properly utilize them, you should set `torch.set_float32_matmul_precision('medium' | 'high')` which will trade-off precision for performance. For more details, read https://pytorch.org/docs/stable/generated/torch.set_float32_matmul_precision.html#torch.set_float32_matmul_precision
[36m(train pid=2373371)[0m /home/ad2002/.conda/envs/gnode/lib/python3.10/site-packages/lightning_fabric/loggers/csv_logs.py:198: Experiment logs directory ./ exists and is not empty. Previous log files in this directory will be deleted when the new ones are saved!
[36m(train pid=2373371)[0m /home/ad2002/.conda/envs/gnode/lib/python3.10/site-packages/pytorch_lightning/callbacks/model_checkpoint.py:639: Checkpoint directory /home/ad2002/ray_results/train_2024-03-12_18-31-05/0_seed=0,weight_decay=0.0000,max_epochs=150 exists and is not empty.
[36m(train pid=2373371)[0m LOCAL_RANK: 0 - CUDA_VISIBLE_DEVICES: [0]
[36m(train pid=2373371)[0m 
[36m(train pid=2373371)[0m   | Name  | Type | Params
[36m(train pid=2373371)[0m -------------------------------
[36m(train pid=2373371)[0m 0 | model | NODE | 17.8 K
[36m(train pid=2373371)[0m -------------------------------
[36m(train pid=2373371)[0m 17.8 K    Trainable params
[36m(train pid=2373371)[0m 0         Non-trainable params
[36m(train pid=2373371)[0m 17.8 K    Total params
[36m(train pid=2373371)[0m 0.071     Total estimated model params size (MB)
[36m(train pid=2373371)[0m SLURM auto-requeueing enabled. Setting signal handlers.
[36m(train pid=2373371)[0m /home/ad2002/.conda/envs/gnode/lib/python3.10/site-packages/torch/utils/data/dataloader.py:554: UserWarning: This DataLoader will create 4 worker processes in total. Our suggested max number of worker in current system is 1, which is smaller than what this DataLoader is going to create. Please be aware that excessive worker creation might get DataLoader running slow or even freeze, lower the worker number to avoid potential slowness/freeze if necessary.
[36m(train pid=2373371)[0m   warnings.warn(_create_warning_msg(
[36m(train pid=2373371)[0m /home/ad2002/.conda/envs/gnode/lib/python3.10/site-packages/pytorch_lightning/loops/fit_loop.py:293: The number of training batches (4) is smaller than the logging interval Trainer(log_every_n_steps=100). Set a lower value for log_every_n_steps if you want to see logs for the training epoch.
[36m(train pid=2373371)[0m `Trainer.fit` stopped: `max_epochs=150` reached.
╭──────────────────────────────────────────────────────────────╮
│ Configuration for experiment     train_2024-03-12_18-31-05   │
├──────────────────────────────────────────────────────────────┤
│ Search algorithm                 BasicVariantGenerator       │
│ Scheduler                        FIFOScheduler               │
│ Number of trials                 1                           │
╰──────────────────────────────────────────────────────────────╯

View detailed results here: /scratch/network/ad2002/content/runs/task-trained/20240312_NODE_NBFF_Test/train_2024-03-12_18-31-05
To visualize your results with TensorBoard, run: `tensorboard --logdir /home/ad2002/ray_results/train_2024-03-12_18-31-05`

Trial status: 1 PENDING
Current time: 2024-03-12 18:31:05. Total running time: 0s
Logical resource usage: 0/48 CPUs, 0/1 GPUs (0.0/1.0 accelerator_type:A100)
╭──────────────────────────────────────────────────────────────────────────────────────────────╮
│ Trial name          status       trainer/max_epochs     ...pper/weight_decay     params/seed │
├──────────────────────────────────────────────────────────────────────────────────────────────┤
│ train_2cd22_00000   PENDING                     150                    1e-08               0 │
╰──────────────────────────────────────────────────────────────────────────────────────────────╯

Trial train_2cd22_00000 started with configuration:
╭──────────────────────────────────────────╮
│ Trial train_2cd22_00000 config           │
├──────────────────────────────────────────┤
│ params/seed                            0 │
│ task_wrapper/weight_decay          1e-08 │
│ trainer/max_epochs                   150 │
╰──────────────────────────────────────────╯

Trial status: 1 RUNNING
Current time: 2024-03-12 18:31:35. Total running time: 30s
Logical resource usage: 8.0/48 CPUs, 0.9/1 GPUs (0.0/1.0 accelerator_type:A100)
Current best trial: 2cd22_00000 with loss=0.2759995460510254 and params={'task_wrapper': {'weight_decay': 1e-08}, 'trainer': {'max_epochs': 150}, 'params': {'seed': 0}}
╭───────────────────────────────────────────────────────────────────────────────────────────────────────────────────────────────────╮
│ Trial name          status       trainer/max_epochs     ...pper/weight_decay     params/seed     iter     total time (s)     loss │
├───────────────────────────────────────────────────────────────────────────────────────────────────────────────────────────────────┤
│ train_2cd22_00000   RUNNING                     150                    1e-08               0        2            18.6184    0.276 │
╰───────────────────────────────────────────────────────────────────────────────────────────────────────────────────────────────────╯
Trial status: 1 RUNNING
Current time: 2024-03-12 18:32:05. Total running time: 1min 0s
Logical resource usage: 8.0/48 CPUs, 0.9/1 GPUs (0.0/1.0 accelerator_type:A100)
Current best trial: 2cd22_00000 with loss=0.24102267622947693 and params={'task_wrapper': {'weight_decay': 1e-08}, 'trainer': {'max_epochs': 150}, 'params': {'seed': 0}}
╭─────────────────────────────────────────────────────────────────────────────────────────────────────────────────────────────────────╮
│ Trial name          status       trainer/max_epochs     ...pper/weight_decay     params/seed     iter     total time (s)       loss │
├─────────────────────────────────────────────────────────────────────────────────────────────────────────────────────────────────────┤
│ train_2cd22_00000   RUNNING                     150                    1e-08               0        8            51.8233   0.241023 │
╰─────────────────────────────────────────────────────────────────────────────────────────────────────────────────────────────────────╯
Trial status: 1 RUNNING
Current time: 2024-03-12 18:32:35. Total running time: 1min 30s
Logical resource usage: 8.0/48 CPUs, 0.9/1 GPUs (0.0/1.0 accelerator_type:A100)
Current best trial: 2cd22_00000 with loss=0.22893008589744568 and params={'task_wrapper': {'weight_decay': 1e-08}, 'trainer': {'max_epochs': 150}, 'params': {'seed': 0}}
╭────────────────────────────────────────────────────────────────────────────────────────────────────────────────────────────────────╮
│ Trial name          status       trainer/max_epochs     ...pper/weight_decay     params/seed     iter     total time (s)      loss │
├────────────────────────────────────────────────────────────────────────────────────────────────────────────────────────────────────┤
│ train_2cd22_00000   RUNNING                     150                    1e-08               0       13            79.2078   0.22893 │
╰────────────────────────────────────────────────────────────────────────────────────────────────────────────────────────────────────╯
Trial status: 1 RUNNING
Current time: 2024-03-12 18:33:05. Total running time: 2min 0s
Logical resource usage: 8.0/48 CPUs, 0.9/1 GPUs (0.0/1.0 accelerator_type:A100)
Current best trial: 2cd22_00000 with loss=0.21983732283115387 and params={'task_wrapper': {'weight_decay': 1e-08}, 'trainer': {'max_epochs': 150}, 'params': {'seed': 0}}
╭─────────────────────────────────────────────────────────────────────────────────────────────────────────────────────────────────────╮
│ Trial name          status       trainer/max_epochs     ...pper/weight_decay     params/seed     iter     total time (s)       loss │
├─────────────────────────────────────────────────────────────────────────────────────────────────────────────────────────────────────┤
│ train_2cd22_00000   RUNNING                     150                    1e-08               0       19            112.242   0.219837 │
╰─────────────────────────────────────────────────────────────────────────────────────────────────────────────────────────────────────╯
Trial status: 1 RUNNING
Current time: 2024-03-12 18:33:36. Total running time: 2min 30s
Logical resource usage: 8.0/48 CPUs, 0.9/1 GPUs (0.0/1.0 accelerator_type:A100)
Current best trial: 2cd22_00000 with loss=0.21581341326236725 and params={'task_wrapper': {'weight_decay': 1e-08}, 'trainer': {'max_epochs': 150}, 'params': {'seed': 0}}
╭─────────────────────────────────────────────────────────────────────────────────────────────────────────────────────────────────────╮
│ Trial name          status       trainer/max_epochs     ...pper/weight_decay     params/seed     iter     total time (s)       loss │
├─────────────────────────────────────────────────────────────────────────────────────────────────────────────────────────────────────┤
│ train_2cd22_00000   RUNNING                     150                    1e-08               0       24            139.654   0.215813 │
╰─────────────────────────────────────────────────────────────────────────────────────────────────────────────────────────────────────╯
Trial status: 1 RUNNING
Current time: 2024-03-12 18:34:06. Total running time: 3min 0s
Logical resource usage: 8.0/48 CPUs, 0.9/1 GPUs (0.0/1.0 accelerator_type:A100)
Current best trial: 2cd22_00000 with loss=0.20528928935527802 and params={'task_wrapper': {'weight_decay': 1e-08}, 'trainer': {'max_epochs': 150}, 'params': {'seed': 0}}
╭─────────────────────────────────────────────────────────────────────────────────────────────────────────────────────────────────────╮
│ Trial name          status       trainer/max_epochs     ...pper/weight_decay     params/seed     iter     total time (s)       loss │
├─────────────────────────────────────────────────────────────────────────────────────────────────────────────────────────────────────┤
│ train_2cd22_00000   RUNNING                     150                    1e-08               0       30            172.287   0.205289 │
╰─────────────────────────────────────────────────────────────────────────────────────────────────────────────────────────────────────╯
Trial status: 1 RUNNING
Current time: 2024-03-12 18:34:36. Total running time: 3min 30s
Logical resource usage: 8.0/48 CPUs, 0.9/1 GPUs (0.0/1.0 accelerator_type:A100)
Current best trial: 2cd22_00000 with loss=0.2071027010679245 and params={'task_wrapper': {'weight_decay': 1e-08}, 'trainer': {'max_epochs': 150}, 'params': {'seed': 0}}
╭─────────────────────────────────────────────────────────────────────────────────────────────────────────────────────────────────────╮
│ Trial name          status       trainer/max_epochs     ...pper/weight_decay     params/seed     iter     total time (s)       loss │
├─────────────────────────────────────────────────────────────────────────────────────────────────────────────────────────────────────┤
│ train_2cd22_00000   RUNNING                     150                    1e-08               0       35            199.652   0.207103 │
╰─────────────────────────────────────────────────────────────────────────────────────────────────────────────────────────────────────╯
Trial status: 1 RUNNING
Current time: 2024-03-12 18:35:06. Total running time: 4min 0s
Logical resource usage: 8.0/48 CPUs, 0.9/1 GPUs (0.0/1.0 accelerator_type:A100)
Current best trial: 2cd22_00000 with loss=0.19674448668956757 and params={'task_wrapper': {'weight_decay': 1e-08}, 'trainer': {'max_epochs': 150}, 'params': {'seed': 0}}
╭─────────────────────────────────────────────────────────────────────────────────────────────────────────────────────────────────────╮
│ Trial name          status       trainer/max_epochs     ...pper/weight_decay     params/seed     iter     total time (s)       loss │
├─────────────────────────────────────────────────────────────────────────────────────────────────────────────────────────────────────┤
│ train_2cd22_00000   RUNNING                     150                    1e-08               0       41            232.061   0.196744 │
╰─────────────────────────────────────────────────────────────────────────────────────────────────────────────────────────────────────╯
Trial status: 1 RUNNING
Current time: 2024-03-12 18:35:36. Total running time: 4min 30s
Logical resource usage: 8.0/48 CPUs, 0.9/1 GPUs (0.0/1.0 accelerator_type:A100)
Current best trial: 2cd22_00000 with loss=0.19095295667648315 and params={'task_wrapper': {'weight_decay': 1e-08}, 'trainer': {'max_epochs': 150}, 'params': {'seed': 0}}
╭─────────────────────────────────────────────────────────────────────────────────────────────────────────────────────────────────────╮
│ Trial name          status       trainer/max_epochs     ...pper/weight_decay     params/seed     iter     total time (s)       loss │
├─────────────────────────────────────────────────────────────────────────────────────────────────────────────────────────────────────┤
│ train_2cd22_00000   RUNNING                     150                    1e-08               0       46            259.127   0.190953 │
╰─────────────────────────────────────────────────────────────────────────────────────────────────────────────────────────────────────╯
Trial status: 1 RUNNING
Current time: 2024-03-12 18:36:06. Total running time: 5min 0s
Logical resource usage: 8.0/48 CPUs, 0.9/1 GPUs (0.0/1.0 accelerator_type:A100)
Current best trial: 2cd22_00000 with loss=0.18748798966407776 and params={'task_wrapper': {'weight_decay': 1e-08}, 'trainer': {'max_epochs': 150}, 'params': {'seed': 0}}
╭─────────────────────────────────────────────────────────────────────────────────────────────────────────────────────────────────────╮
│ Trial name          status       trainer/max_epochs     ...pper/weight_decay     params/seed     iter     total time (s)       loss │
├─────────────────────────────────────────────────────────────────────────────────────────────────────────────────────────────────────┤
│ train_2cd22_00000   RUNNING                     150                    1e-08               0       52            292.146   0.187488 │
╰─────────────────────────────────────────────────────────────────────────────────────────────────────────────────────────────────────╯
Trial status: 1 RUNNING
Current time: 2024-03-12 18:36:36. Total running time: 5min 30s
Logical resource usage: 8.0/48 CPUs, 0.9/1 GPUs (0.0/1.0 accelerator_type:A100)
Current best trial: 2cd22_00000 with loss=0.18120037019252777 and params={'task_wrapper': {'weight_decay': 1e-08}, 'trainer': {'max_epochs': 150}, 'params': {'seed': 0}}
╭───────────────────────────────────────────────────────────────────────────────────────────────────────────────────────────────────╮
│ Trial name          status       trainer/max_epochs     ...pper/weight_decay     params/seed     iter     total time (s)     loss │
├───────────────────────────────────────────────────────────────────────────────────────────────────────────────────────────────────┤
│ train_2cd22_00000   RUNNING                     150                    1e-08               0       57            319.705   0.1812 │
╰───────────────────────────────────────────────────────────────────────────────────────────────────────────────────────────────────╯
Trial status: 1 RUNNING
Current time: 2024-03-12 18:37:06. Total running time: 6min 0s
Logical resource usage: 8.0/48 CPUs, 0.9/1 GPUs (0.0/1.0 accelerator_type:A100)
Current best trial: 2cd22_00000 with loss=0.1764259934425354 and params={'task_wrapper': {'weight_decay': 1e-08}, 'trainer': {'max_epochs': 150}, 'params': {'seed': 0}}
╭─────────────────────────────────────────────────────────────────────────────────────────────────────────────────────────────────────╮
│ Trial name          status       trainer/max_epochs     ...pper/weight_decay     params/seed     iter     total time (s)       loss │
├─────────────────────────────────────────────────────────────────────────────────────────────────────────────────────────────────────┤
│ train_2cd22_00000   RUNNING                     150                    1e-08               0       63            352.377   0.176426 │
╰─────────────────────────────────────────────────────────────────────────────────────────────────────────────────────────────────────╯
Trial status: 1 RUNNING
Current time: 2024-03-12 18:37:36. Total running time: 6min 30s
Logical resource usage: 8.0/48 CPUs, 0.9/1 GPUs (0.0/1.0 accelerator_type:A100)
Current best trial: 2cd22_00000 with loss=0.17332708835601807 and params={'task_wrapper': {'weight_decay': 1e-08}, 'trainer': {'max_epochs': 150}, 'params': {'seed': 0}}
╭─────────────────────────────────────────────────────────────────────────────────────────────────────────────────────────────────────╮
│ Trial name          status       trainer/max_epochs     ...pper/weight_decay     params/seed     iter     total time (s)       loss │
├─────────────────────────────────────────────────────────────────────────────────────────────────────────────────────────────────────┤
│ train_2cd22_00000   RUNNING                     150                    1e-08               0       68                380   0.173327 │
╰─────────────────────────────────────────────────────────────────────────────────────────────────────────────────────────────────────╯
Trial status: 1 RUNNING
Current time: 2024-03-12 18:38:06. Total running time: 7min 0s
Logical resource usage: 8.0/48 CPUs, 0.9/1 GPUs (0.0/1.0 accelerator_type:A100)
Current best trial: 2cd22_00000 with loss=0.17136354744434357 and params={'task_wrapper': {'weight_decay': 1e-08}, 'trainer': {'max_epochs': 150}, 'params': {'seed': 0}}
╭─────────────────────────────────────────────────────────────────────────────────────────────────────────────────────────────────────╮
│ Trial name          status       trainer/max_epochs     ...pper/weight_decay     params/seed     iter     total time (s)       loss │
├─────────────────────────────────────────────────────────────────────────────────────────────────────────────────────────────────────┤
│ train_2cd22_00000   RUNNING                     150                    1e-08               0       74            412.502   0.171364 │
╰─────────────────────────────────────────────────────────────────────────────────────────────────────────────────────────────────────╯
Trial status: 1 RUNNING
Current time: 2024-03-12 18:38:36. Total running time: 7min 30s
Logical resource usage: 8.0/48 CPUs, 0.9/1 GPUs (0.0/1.0 accelerator_type:A100)
Current best trial: 2cd22_00000 with loss=0.16382692754268646 and params={'task_wrapper': {'weight_decay': 1e-08}, 'trainer': {'max_epochs': 150}, 'params': {'seed': 0}}
╭─────────────────────────────────────────────────────────────────────────────────────────────────────────────────────────────────────╮
│ Trial name          status       trainer/max_epochs     ...pper/weight_decay     params/seed     iter     total time (s)       loss │
├─────────────────────────────────────────────────────────────────────────────────────────────────────────────────────────────────────┤
│ train_2cd22_00000   RUNNING                     150                    1e-08               0       79            439.445   0.163827 │
╰─────────────────────────────────────────────────────────────────────────────────────────────────────────────────────────────────────╯
Trial status: 1 RUNNING
Current time: 2024-03-12 18:39:06. Total running time: 8min 0s
Logical resource usage: 8.0/48 CPUs, 0.9/1 GPUs (0.0/1.0 accelerator_type:A100)
Current best trial: 2cd22_00000 with loss=0.16505952179431915 and params={'task_wrapper': {'weight_decay': 1e-08}, 'trainer': {'max_epochs': 150}, 'params': {'seed': 0}}
╭────────────────────────────────────────────────────────────────────────────────────────────────────────────────────────────────────╮
│ Trial name          status       trainer/max_epochs     ...pper/weight_decay     params/seed     iter     total time (s)      loss │
├────────────────────────────────────────────────────────────────────────────────────────────────────────────────────────────────────┤
│ train_2cd22_00000   RUNNING                     150                    1e-08               0       85            471.899   0.16506 │
╰────────────────────────────────────────────────────────────────────────────────────────────────────────────────────────────────────╯
Trial status: 1 RUNNING
Current time: 2024-03-12 18:39:36. Total running time: 8min 30s
Logical resource usage: 8.0/48 CPUs, 0.9/1 GPUs (0.0/1.0 accelerator_type:A100)
Current best trial: 2cd22_00000 with loss=0.15824395418167114 and params={'task_wrapper': {'weight_decay': 1e-08}, 'trainer': {'max_epochs': 150}, 'params': {'seed': 0}}
╭─────────────────────────────────────────────────────────────────────────────────────────────────────────────────────────────────────╮
│ Trial name          status       trainer/max_epochs     ...pper/weight_decay     params/seed     iter     total time (s)       loss │
├─────────────────────────────────────────────────────────────────────────────────────────────────────────────────────────────────────┤
│ train_2cd22_00000   RUNNING                     150                    1e-08               0       90            499.064   0.158244 │
╰─────────────────────────────────────────────────────────────────────────────────────────────────────────────────────────────────────╯
Trial status: 1 RUNNING
Current time: 2024-03-12 18:40:06. Total running time: 9min 0s
Logical resource usage: 8.0/48 CPUs, 0.9/1 GPUs (0.0/1.0 accelerator_type:A100)
Current best trial: 2cd22_00000 with loss=0.1544174998998642 and params={'task_wrapper': {'weight_decay': 1e-08}, 'trainer': {'max_epochs': 150}, 'params': {'seed': 0}}
╭─────────────────────────────────────────────────────────────────────────────────────────────────────────────────────────────────────╮
│ Trial name          status       trainer/max_epochs     ...pper/weight_decay     params/seed     iter     total time (s)       loss │
├─────────────────────────────────────────────────────────────────────────────────────────────────────────────────────────────────────┤
│ train_2cd22_00000   RUNNING                     150                    1e-08               0       96            532.114   0.154417 │
╰─────────────────────────────────────────────────────────────────────────────────────────────────────────────────────────────────────╯
Trial status: 1 RUNNING
Current time: 2024-03-12 18:40:36. Total running time: 9min 30s
Logical resource usage: 8.0/48 CPUs, 0.9/1 GPUs (0.0/1.0 accelerator_type:A100)
Current best trial: 2cd22_00000 with loss=0.15106377005577087 and params={'task_wrapper': {'weight_decay': 1e-08}, 'trainer': {'max_epochs': 150}, 'params': {'seed': 0}}
╭─────────────────────────────────────────────────────────────────────────────────────────────────────────────────────────────────────╮
│ Trial name          status       trainer/max_epochs     ...pper/weight_decay     params/seed     iter     total time (s)       loss │
├─────────────────────────────────────────────────────────────────────────────────────────────────────────────────────────────────────┤
│ train_2cd22_00000   RUNNING                     150                    1e-08               0      101            559.806   0.151064 │
╰─────────────────────────────────────────────────────────────────────────────────────────────────────────────────────────────────────╯
Trial status: 1 RUNNING
Current time: 2024-03-12 18:41:06. Total running time: 10min 0s
Logical resource usage: 8.0/48 CPUs, 0.9/1 GPUs (0.0/1.0 accelerator_type:A100)
Current best trial: 2cd22_00000 with loss=0.14820653200149536 and params={'task_wrapper': {'weight_decay': 1e-08}, 'trainer': {'max_epochs': 150}, 'params': {'seed': 0}}
╭─────────────────────────────────────────────────────────────────────────────────────────────────────────────────────────────────────╮
│ Trial name          status       trainer/max_epochs     ...pper/weight_decay     params/seed     iter     total time (s)       loss │
├─────────────────────────────────────────────────────────────────────────────────────────────────────────────────────────────────────┤
│ train_2cd22_00000   RUNNING                     150                    1e-08               0      107            593.421   0.148207 │
╰─────────────────────────────────────────────────────────────────────────────────────────────────────────────────────────────────────╯
Trial status: 1 RUNNING
Current time: 2024-03-12 18:41:36. Total running time: 10min 30s
Logical resource usage: 8.0/48 CPUs, 0.9/1 GPUs (0.0/1.0 accelerator_type:A100)
Current best trial: 2cd22_00000 with loss=0.14775067567825317 and params={'task_wrapper': {'weight_decay': 1e-08}, 'trainer': {'max_epochs': 150}, 'params': {'seed': 0}}
╭─────────────────────────────────────────────────────────────────────────────────────────────────────────────────────────────────────╮
│ Trial name          status       trainer/max_epochs     ...pper/weight_decay     params/seed     iter     total time (s)       loss │
├─────────────────────────────────────────────────────────────────────────────────────────────────────────────────────────────────────┤
│ train_2cd22_00000   RUNNING                     150                    1e-08               0      112             620.44   0.147751 │
╰─────────────────────────────────────────────────────────────────────────────────────────────────────────────────────────────────────╯
Trial status: 1 RUNNING
Current time: 2024-03-12 18:42:06. Total running time: 11min 1s
Logical resource usage: 8.0/48 CPUs, 0.9/1 GPUs (0.0/1.0 accelerator_type:A100)
Current best trial: 2cd22_00000 with loss=0.15401773154735565 and params={'task_wrapper': {'weight_decay': 1e-08}, 'trainer': {'max_epochs': 150}, 'params': {'seed': 0}}
╭─────────────────────────────────────────────────────────────────────────────────────────────────────────────────────────────────────╮
│ Trial name          status       trainer/max_epochs     ...pper/weight_decay     params/seed     iter     total time (s)       loss │
├─────────────────────────────────────────────────────────────────────────────────────────────────────────────────────────────────────┤
│ train_2cd22_00000   RUNNING                     150                    1e-08               0      118            652.902   0.154018 │
╰─────────────────────────────────────────────────────────────────────────────────────────────────────────────────────────────────────╯
Trial status: 1 RUNNING
Current time: 2024-03-12 18:42:36. Total running time: 11min 31s
Logical resource usage: 8.0/48 CPUs, 0.9/1 GPUs (0.0/1.0 accelerator_type:A100)
Current best trial: 2cd22_00000 with loss=0.15337444841861725 and params={'task_wrapper': {'weight_decay': 1e-08}, 'trainer': {'max_epochs': 150}, 'params': {'seed': 0}}
╭─────────────────────────────────────────────────────────────────────────────────────────────────────────────────────────────────────╮
│ Trial name          status       trainer/max_epochs     ...pper/weight_decay     params/seed     iter     total time (s)       loss │
├─────────────────────────────────────────────────────────────────────────────────────────────────────────────────────────────────────┤
│ train_2cd22_00000   RUNNING                     150                    1e-08               0      123            680.003   0.153374 │
╰─────────────────────────────────────────────────────────────────────────────────────────────────────────────────────────────────────╯
Trial status: 1 RUNNING
Current time: 2024-03-12 18:43:06. Total running time: 12min 1s
Logical resource usage: 8.0/48 CPUs, 0.9/1 GPUs (0.0/1.0 accelerator_type:A100)
Current best trial: 2cd22_00000 with loss=0.1415548175573349 and params={'task_wrapper': {'weight_decay': 1e-08}, 'trainer': {'max_epochs': 150}, 'params': {'seed': 0}}
╭─────────────────────────────────────────────────────────────────────────────────────────────────────────────────────────────────────╮
│ Trial name          status       trainer/max_epochs     ...pper/weight_decay     params/seed     iter     total time (s)       loss │
├─────────────────────────────────────────────────────────────────────────────────────────────────────────────────────────────────────┤
│ train_2cd22_00000   RUNNING                     150                    1e-08               0      129            712.899   0.141555 │
╰─────────────────────────────────────────────────────────────────────────────────────────────────────────────────────────────────────╯
Trial status: 1 RUNNING
Current time: 2024-03-12 18:43:36. Total running time: 12min 31s
Logical resource usage: 8.0/48 CPUs, 0.9/1 GPUs (0.0/1.0 accelerator_type:A100)
Current best trial: 2cd22_00000 with loss=0.13788437843322754 and params={'task_wrapper': {'weight_decay': 1e-08}, 'trainer': {'max_epochs': 150}, 'params': {'seed': 0}}
╭─────────────────────────────────────────────────────────────────────────────────────────────────────────────────────────────────────╮
│ Trial name          status       trainer/max_epochs     ...pper/weight_decay     params/seed     iter     total time (s)       loss │
├─────────────────────────────────────────────────────────────────────────────────────────────────────────────────────────────────────┤
│ train_2cd22_00000   RUNNING                     150                    1e-08               0      134            739.984   0.137884 │
╰─────────────────────────────────────────────────────────────────────────────────────────────────────────────────────────────────────╯
Trial status: 1 RUNNING
Current time: 2024-03-12 18:44:06. Total running time: 13min 1s
Logical resource usage: 8.0/48 CPUs, 0.9/1 GPUs (0.0/1.0 accelerator_type:A100)
Current best trial: 2cd22_00000 with loss=0.13856177031993866 and params={'task_wrapper': {'weight_decay': 1e-08}, 'trainer': {'max_epochs': 150}, 'params': {'seed': 0}}
╭─────────────────────────────────────────────────────────────────────────────────────────────────────────────────────────────────────╮
│ Trial name          status       trainer/max_epochs     ...pper/weight_decay     params/seed     iter     total time (s)       loss │
├─────────────────────────────────────────────────────────────────────────────────────────────────────────────────────────────────────┤
│ train_2cd22_00000   RUNNING                     150                    1e-08               0      140            772.892   0.138562 │
╰─────────────────────────────────────────────────────────────────────────────────────────────────────────────────────────────────────╯
Trial status: 1 RUNNING
Current time: 2024-03-12 18:44:36. Total running time: 13min 31s
Logical resource usage: 8.0/48 CPUs, 0.9/1 GPUs (0.0/1.0 accelerator_type:A100)
Current best trial: 2cd22_00000 with loss=0.13599246740341187 and params={'task_wrapper': {'weight_decay': 1e-08}, 'trainer': {'max_epochs': 150}, 'params': {'seed': 0}}
╭─────────────────────────────────────────────────────────────────────────────────────────────────────────────────────────────────────╮
│ Trial name          status       trainer/max_epochs     ...pper/weight_decay     params/seed     iter     total time (s)       loss │
├─────────────────────────────────────────────────────────────────────────────────────────────────────────────────────────────────────┤
│ train_2cd22_00000   RUNNING                     150                    1e-08               0      145            800.057   0.135992 │
╰─────────────────────────────────────────────────────────────────────────────────────────────────────────────────────────────────────╯

Trial train_2cd22_00000 completed after 150 iterations at 2024-03-12 18:45:04. Total running time: 13min 58s
╭────────────────────────────────────────────╮
│ Trial train_2cd22_00000 result             │
├────────────────────────────────────────────┤
│ checkpoint_dir_name                        │
│ time_this_iter_s                   5.37502 │
│ time_total_s                       827.016 │
│ training_iteration                     150 │
│ loss                               0.13328 │
╰────────────────────────────────────────────╯

Trial status: 1 TERMINATED
Current time: 2024-03-12 18:45:04. Total running time: 13min 58s
Logical resource usage: 8.0/48 CPUs, 0.9/1 GPUs (0.0/1.0 accelerator_type:A100)
Current best trial: 2cd22_00000 with loss=0.13328465819358826 and params={'task_wrapper': {'weight_decay': 1e-08}, 'trainer': {'max_epochs': 150}, 'params': {'seed': 0}}
╭───────────────────────────────────────────────────────────────────────────────────────────────────────────────────────────────────────╮
│ Trial name          status         trainer/max_epochs     ...pper/weight_decay     params/seed     iter     total time (s)       loss │
├───────────────────────────────────────────────────────────────────────────────────────────────────────────────────────────────────────┤
│ train_2cd22_00000   TERMINATED                    150                    1e-08               0      150            827.016   0.133285 │
╰───────────────────────────────────────────────────────────────────────────────────────────────────────────────────────────────────────╯

